<?xml version="1.0" encoding="UTF-8"?>
<coverage generated="1765144126637" clover="3.2.0">
  <project timestamp="1765144126637" name="All files">
    <metrics statements="837" coveredstatements="586" conditionals="495" coveredconditionals="272" methods="238" coveredmethods="170" elements="1570" coveredelements="1028" complexity="0" loc="837" ncloc="837" packages="15" files="39" classes="39"/>
    <package name="frontend">
      <metrics statements="1" coveredstatements="1" conditionals="0" coveredconditionals="0" methods="0" coveredmethods="0"/>
      <file name="config.js" path="/Volumes/MyMacDrive/compcs620/vnest-monorepo/frontend/config.js">
        <metrics statements="1" coveredstatements="1" conditionals="0" coveredconditionals="0" methods="0" coveredmethods="0"/>
        <line num="1" count="5" type="stmt"/>
      </file>
    </package>
    <package name="frontend.app">
      <metrics statements="82" coveredstatements="50" conditionals="30" coveredconditionals="17" methods="11" coveredmethods="5"/>
      <file name="play.tsx" path="/Volumes/MyMacDrive/compcs620/vnest-monorepo/frontend/app/play.tsx">
        <metrics statements="82" coveredstatements="50" conditionals="30" coveredconditionals="17" methods="11" coveredmethods="5"/>
        <line num="40" count="44" type="stmt"/>
        <line num="41" count="44" type="stmt"/>
        <line num="42" count="44" type="stmt"/>
        <line num="43" count="44" type="stmt"/>
        <line num="44" count="44" type="stmt"/>
        <line num="54" count="44" type="stmt"/>
        <line num="55" count="44" type="stmt"/>
        <line num="56" count="44" type="stmt"/>
        <line num="57" count="44" type="stmt"/>
        <line num="58" count="44" type="stmt"/>
        <line num="59" count="44" type="stmt"/>
        <line num="61" count="44" type="stmt"/>
        <line num="62" count="44" type="stmt"/>
        <line num="63" count="44" type="stmt"/>
        <line num="66" count="44" type="stmt"/>
        <line num="67" count="14" type="stmt"/>
        <line num="68" count="14" type="stmt"/>
        <line num="72" count="44" type="stmt"/>
        <line num="73" count="15" type="cond" truecount="4" falsecount="0"/>
        <line num="74" count="11" type="stmt"/>
        <line num="75" count="11" type="stmt"/>
        <line num="76" count="11" type="stmt"/>
        <line num="77" count="11" type="stmt"/>
        <line num="79" count="11" type="cond" truecount="1" falsecount="1"/>
        <line num="80" count="11" type="stmt"/>
        <line num="86" count="44" type="stmt"/>
        <line num="87" count="25" type="stmt"/>
        <line num="88" count="25" type="stmt"/>
        <line num="93" count="44" type="stmt"/>
        <line num="94" count="0" type="stmt"/>
        <line num="95" count="0" type="stmt"/>
        <line num="96" count="0" type="stmt"/>
        <line num="97" count="0" type="stmt"/>
        <line num="99" count="0" type="stmt"/>
        <line num="104" count="44" type="stmt"/>
        <line num="105" count="4" type="cond" truecount="1" falsecount="1"/>
        <line num="106" count="4" type="stmt"/>
        <line num="107" count="4" type="cond" truecount="2" falsecount="0"/>
        <line num="108" count="2" type="stmt"/>
        <line num="109" count="2" type="stmt"/>
        <line num="110" count="2" type="stmt"/>
        <line num="113" count="2" type="stmt"/>
        <line num="115" count="2" type="cond" truecount="1" falsecount="1"/>
        <line num="117" count="0" type="stmt"/>
        <line num="118" count="0" type="stmt"/>
        <line num="121" count="0" type="cond" truecount="0" falsecount="2"/>
        <line num="122" count="0" type="stmt"/>
        <line num="125" count="0" type="stmt"/>
        <line num="126" count="0" type="cond" truecount="0" falsecount="2"/>
        <line num="127" count="0" type="stmt"/>
        <line num="129" count="0" type="stmt"/>
        <line num="130" count="0" type="stmt"/>
        <line num="131" count="0" type="stmt"/>
        <line num="136" count="2" type="stmt"/>
        <line num="139" count="2" type="stmt"/>
        <line num="140" count="2" type="stmt"/>
        <line num="144" count="44" type="stmt"/>
        <line num="145" count="0" type="stmt"/>
        <line num="146" count="0" type="stmt"/>
        <line num="147" count="0" type="stmt"/>
        <line num="148" count="0" type="stmt"/>
        <line num="150" count="0" type="stmt"/>
        <line num="153" count="44" type="stmt"/>
        <line num="154" count="0" type="stmt"/>
        <line num="155" count="0" type="stmt"/>
        <line num="158" count="0" type="stmt"/>
        <line num="161" count="0" type="cond" truecount="0" falsecount="2"/>
        <line num="162" count="0" type="stmt"/>
        <line num="163" count="0" type="stmt"/>
        <line num="164" count="0" type="stmt"/>
        <line num="165" count="0" type="stmt"/>
        <line num="166" count="0" type="stmt"/>
        <line num="168" count="0" type="stmt"/>
        <line num="171" count="0" type="stmt"/>
        <line num="174" count="0" type="stmt"/>
        <line num="179" count="44" type="cond" truecount="2" falsecount="0"/>
        <line num="180" count="1" type="stmt"/>
        <line num="188" count="43" type="cond" truecount="4" falsecount="0"/>
        <line num="189" count="4" type="stmt"/>
        <line num="201" count="39" type="stmt"/>
        <line num="203" count="39" type="stmt"/>
        <line num="240" count="1" type="stmt"/>
      </file>
    </package>
    <package name="frontend.app.(tabs)">
      <metrics statements="23" coveredstatements="16" conditionals="52" coveredconditionals="27" methods="10" coveredmethods="1"/>
      <file name="settings.tsx" path="/Volumes/MyMacDrive/compcs620/vnest-monorepo/frontend/app/(tabs)/settings.tsx">
        <metrics statements="23" coveredstatements="16" conditionals="52" coveredconditionals="27" methods="10" coveredmethods="1"/>
        <line num="10" count="1" type="stmt"/>
        <line num="20" count="1" type="stmt"/>
        <line num="21" count="1" type="stmt"/>
        <line num="22" count="1" type="stmt"/>
        <line num="23" count="1" type="stmt"/>
        <line num="26" count="1" type="stmt"/>
        <line num="28" count="1" type="stmt"/>
        <line num="29" count="1" type="stmt"/>
        <line num="30" count="1" type="stmt"/>
        <line num="33" count="1" type="stmt"/>
        <line num="40" count="1" type="stmt"/>
        <line num="41" count="0" type="stmt"/>
        <line num="44" count="1" type="stmt"/>
        <line num="45" count="0" type="stmt"/>
        <line num="48" count="1" type="stmt"/>
        <line num="49" count="0" type="stmt"/>
        <line num="52" count="1" type="stmt"/>
        <line num="53" count="0" type="stmt"/>
        <line num="56" count="1" type="stmt"/>
        <line num="67" count="0" type="stmt"/>
        <line num="208" count="0" type="stmt"/>
        <line num="235" count="0" type="stmt"/>
        <line num="304" count="1" type="stmt"/>
      </file>
    </package>
    <package name="frontend.components.game">
      <metrics statements="144" coveredstatements="96" conditionals="146" coveredconditionals="89" methods="47" coveredmethods="29"/>
      <file name="CongratsView.tsx" path="/Volumes/MyMacDrive/compcs620/vnest-monorepo/frontend/components/game/CongratsView.tsx">
        <metrics statements="4" coveredstatements="4" conditionals="4" coveredconditionals="3" methods="1" coveredmethods="1"/>
        <line num="22" count="3" type="stmt"/>
        <line num="23" count="3" type="stmt"/>
        <line num="25" count="3" type="stmt"/>
        <line num="62" count="2" type="stmt"/>
      </file>
      <file name="ErrorView.tsx" path="/Volumes/MyMacDrive/compcs620/vnest-monorepo/frontend/components/game/ErrorView.tsx">
        <metrics statements="4" coveredstatements="4" conditionals="2" coveredconditionals="2" methods="1" coveredmethods="1"/>
        <line num="12" count="8" type="stmt"/>
        <line num="13" count="8" type="stmt"/>
        <line num="15" count="8" type="stmt"/>
        <line num="33" count="2" type="stmt"/>
      </file>
      <file name="GameCard.tsx" path="/Volumes/MyMacDrive/compcs620/vnest-monorepo/frontend/components/game/GameCard.tsx">
        <metrics statements="20" coveredstatements="14" conditionals="33" coveredconditionals="24" methods="6" coveredmethods="2"/>
        <line num="28" count="319" type="stmt"/>
        <line num="29" count="319" type="stmt"/>
        <line num="30" count="319" type="stmt"/>
        <line num="31" count="319" type="cond" truecount="2" falsecount="0"/>
        <line num="32" count="319" type="stmt"/>
        <line num="35" count="319" type="stmt"/>
        <line num="37" count="319" type="stmt"/>
        <line num="38" count="0" type="cond" truecount="0" falsecount="5"/>
        <line num="40" count="0" type="stmt"/>
        <line num="41" count="0" type="cond" truecount="0" falsecount="4"/>
        <line num="42" count="0" type="stmt"/>
        <line num="53" count="0" type="stmt"/>
        <line num="55" count="0" type="stmt"/>
        <line num="62" count="319" type="stmt"/>
        <line num="63" count="119" type="cond" truecount="2" falsecount="0"/>
        <line num="64" count="9" type="stmt"/>
        <line num="73" count="110" type="stmt"/>
        <line num="83" count="319" type="cond" truecount="4" falsecount="0"/>
        <line num="87" count="319" type="stmt"/>
        <line num="128" count="3" type="stmt"/>
      </file>
      <file name="GameHeader.tsx" path="/Volumes/MyMacDrive/compcs620/vnest-monorepo/frontend/components/game/GameHeader.tsx">
        <metrics statements="5" coveredstatements="4" conditionals="1" coveredconditionals="1" methods="3" coveredmethods="1"/>
        <line num="12" count="44" type="stmt"/>
        <line num="13" count="44" type="stmt"/>
        <line num="14" count="44" type="stmt"/>
        <line num="16" count="44" type="stmt"/>
        <line num="22" count="0" type="stmt"/>
      </file>
      <file name="GameView.tsx" path="/Volumes/MyMacDrive/compcs620/vnest-monorepo/frontend/components/game/GameView.tsx">
        <metrics statements="84" coveredstatements="61" conditionals="90" coveredconditionals="53" methods="33" coveredmethods="22"/>
        <line num="34" count="79" type="stmt"/>
        <line num="35" count="79" type="stmt"/>
        <line num="36" count="79" type="stmt"/>
        <line num="37" count="79" type="stmt"/>
        <line num="38" count="79" type="stmt"/>
        <line num="39" count="79" type="stmt"/>
        <line num="40" count="79" type="stmt"/>
        <line num="48" count="79" type="stmt"/>
        <line num="51" count="79" type="stmt"/>
        <line num="53" count="17" type="stmt"/>
        <line num="54" count="10" type="stmt"/>
        <line num="56" count="17" type="stmt"/>
        <line num="60" count="79" type="stmt"/>
        <line num="61" count="0" type="stmt"/>
        <line num="65" count="79" type="stmt"/>
        <line num="67" count="50" type="stmt"/>
        <line num="70" count="50" type="stmt"/>
        <line num="71" count="2" type="stmt"/>
        <line num="72" count="2" type="stmt"/>
        <line num="76" count="50" type="cond" truecount="4" falsecount="0"/>
        <line num="77" count="10" type="stmt"/>
        <line num="78" count="10" type="cond" truecount="2" falsecount="0"/>
        <line num="79" count="8" type="stmt"/>
        <line num="80" count="8" type="stmt"/>
        <line num="85" count="50" type="cond" truecount="4" falsecount="0"/>
        <line num="86" count="6" type="stmt"/>
        <line num="87" count="6" type="cond" truecount="2" falsecount="0"/>
        <line num="88" count="4" type="stmt"/>
        <line num="89" count="4" type="stmt"/>
        <line num="96" count="79" type="stmt"/>
        <line num="97" count="21" type="cond" truecount="2" falsecount="0"/>
        <line num="99" count="3" type="stmt"/>
        <line num="100" count="0" type="stmt"/>
        <line num="101" count="0" type="stmt"/>
        <line num="103" count="3" type="stmt"/>
        <line num="104" count="18" type="cond" truecount="2" falsecount="0"/>
        <line num="106" count="3" type="stmt"/>
        <line num="107" count="0" type="stmt"/>
        <line num="108" count="0" type="stmt"/>
        <line num="110" count="3" type="stmt"/>
        <line num="115" count="79" type="stmt"/>
        <line num="116" count="28" type="stmt"/>
        <line num="117" count="28" type="stmt"/>
        <line num="121" count="79" type="stmt"/>
        <line num="123" count="8" type="stmt"/>
        <line num="124" count="0" type="cond" truecount="0" falsecount="2"/>
        <line num="127" count="8" type="cond" truecount="1" falsecount="1"/>
        <line num="128" count="0" type="stmt"/>
        <line num="131" count="8" type="cond" truecount="2" falsecount="0"/>
        <line num="132" count="4" type="cond" truecount="1" falsecount="1"/>
        <line num="133" count="0" type="stmt"/>
        <line num="135" count="4" type="stmt"/>
        <line num="137" count="4" type="cond" truecount="1" falsecount="1"/>
        <line num="138" count="0" type="stmt"/>
        <line num="142" count="4" type="cond" truecount="1" falsecount="1"/>
        <line num="143" count="4" type="cond" truecount="1" falsecount="1"/>
        <line num="144" count="0" type="stmt"/>
        <line num="146" count="4" type="stmt"/>
        <line num="148" count="4" type="cond" truecount="1" falsecount="1"/>
        <line num="149" count="4" type="stmt"/>
        <line num="156" count="79" type="cond" truecount="1" falsecount="1"/>
        <line num="158" count="0" type="stmt"/>
        <line num="200" count="0" type="stmt"/>
        <line num="201" count="0" type="stmt"/>
        <line num="202" count="0" type="stmt"/>
        <line num="207" count="0" type="stmt"/>
        <line num="222" count="0" type="stmt"/>
        <line num="223" count="0" type="stmt"/>
        <line num="224" count="0" type="stmt"/>
        <line num="229" count="0" type="stmt"/>
        <line num="251" count="79" type="stmt"/>
        <line num="288" count="117" type="stmt"/>
        <line num="289" count="117" type="stmt"/>
        <line num="290" count="117" type="stmt"/>
        <line num="298" count="4" type="stmt"/>
        <line num="320" count="117" type="stmt"/>
        <line num="321" count="117" type="stmt"/>
        <line num="322" count="117" type="stmt"/>
        <line num="330" count="4" type="stmt"/>
        <line num="340" count="0" type="stmt"/>
        <line num="341" count="0" type="stmt"/>
        <line num="342" count="0" type="stmt"/>
        <line num="344" count="0" type="stmt"/>
        <line num="366" count="2" type="stmt"/>
      </file>
      <file name="LoadingView.tsx" path="/Volumes/MyMacDrive/compcs620/vnest-monorepo/frontend/components/game/LoadingView.tsx">
        <metrics statements="4" coveredstatements="4" conditionals="0" coveredconditionals="0" methods="1" coveredmethods="1"/>
        <line num="6" count="2" type="stmt"/>
        <line num="7" count="2" type="stmt"/>
        <line num="9" count="2" type="stmt"/>
        <line num="17" count="2" type="stmt"/>
      </file>
      <file name="ProgressBar.tsx" path="/Volumes/MyMacDrive/compcs620/vnest-monorepo/frontend/components/game/ProgressBar.tsx">
        <metrics statements="4" coveredstatements="4" conditionals="10" coveredconditionals="6" methods="1" coveredmethods="1"/>
        <line num="13" count="4" type="stmt"/>
        <line num="14" count="4" type="stmt"/>
        <line num="16" count="4" type="stmt"/>
        <line num="46" count="2" type="stmt"/>
      </file>
      <file name="SVGConnectionLine.tsx" path="/Volumes/MyMacDrive/compcs620/vnest-monorepo/frontend/components/game/SVGConnectionLine.tsx">
        <metrics statements="19" coveredstatements="1" conditionals="6" coveredconditionals="0" methods="1" coveredmethods="0"/>
        <line num="13" count="2" type="stmt"/>
        <line num="19" count="0" type="cond" truecount="0" falsecount="4"/>
        <line num="20" count="0" type="stmt"/>
        <line num="24" count="0" type="stmt"/>
        <line num="25" count="0" type="stmt"/>
        <line num="26" count="0" type="stmt"/>
        <line num="27" count="0" type="stmt"/>
        <line num="30" count="0" type="stmt"/>
        <line num="31" count="0" type="stmt"/>
        <line num="32" count="0" type="stmt"/>
        <line num="33" count="0" type="stmt"/>
        <line num="34" count="0" type="stmt"/>
        <line num="36" count="0" type="stmt"/>
        <line num="37" count="0" type="stmt"/>
        <line num="40" count="0" type="stmt"/>
        <line num="41" count="0" type="stmt"/>
        <line num="42" count="0" type="stmt"/>
        <line num="43" count="0" type="stmt"/>
        <line num="45" count="0" type="stmt"/>
      </file>
      <file name="index.ts" path="/Volumes/MyMacDrive/compcs620/vnest-monorepo/frontend/components/game/index.ts">
        <metrics statements="0" coveredstatements="0" conditionals="0" coveredconditionals="0" methods="0" coveredmethods="0"/>
      </file>
    </package>
    <package name="frontend.components.ui">
      <metrics statements="1" coveredstatements="0" conditionals="2" coveredconditionals="0" methods="1" coveredmethods="0"/>
      <file name="icon-symbol.ios.tsx" path="/Volumes/MyMacDrive/compcs620/vnest-monorepo/frontend/components/ui/icon-symbol.ios.tsx">
        <metrics statements="1" coveredstatements="0" conditionals="2" coveredconditionals="0" methods="1" coveredmethods="0"/>
        <line num="17" count="0" type="stmt"/>
      </file>
    </package>
    <package name="frontend.constants">
      <metrics statements="28" coveredstatements="12" conditionals="17" coveredconditionals="5" methods="3" coveredmethods="1"/>
      <file name="colors.ts" path="/Volumes/MyMacDrive/compcs620/vnest-monorepo/frontend/constants/colors.ts">
        <metrics statements="28" coveredstatements="12" conditionals="17" coveredconditionals="5" methods="3" coveredmethods="1"/>
        <line num="14" count="8" type="stmt"/>
        <line num="37" count="8" type="stmt"/>
        <line num="67" count="8" type="stmt"/>
        <line num="114" count="8" type="stmt"/>
        <line num="129" count="8" type="stmt"/>
        <line num="138" count="8" type="stmt"/>
        <line num="151" count="8" type="stmt"/>
        <line num="168" count="0" type="stmt"/>
        <line num="169" count="0" type="stmt"/>
        <line num="170" count="0" type="stmt"/>
        <line num="171" count="0" type="stmt"/>
        <line num="172" count="0" type="stmt"/>
        <line num="174" count="0" type="cond" truecount="0" falsecount="2"/>
        <line num="181" count="0" type="cond" truecount="0" falsecount="2"/>
        <line num="182" count="0" type="cond" truecount="0" falsecount="2"/>
        <line num="183" count="0" type="stmt"/>
        <line num="186" count="0" type="stmt"/>
        <line num="187" count="0" type="stmt"/>
        <line num="188" count="0" type="stmt"/>
        <line num="189" count="0" type="stmt"/>
        <line num="190" count="0" type="stmt"/>
        <line num="196" count="8" type="stmt"/>
        <line num="209" count="8" type="stmt"/>
        <line num="270" count="500" type="cond" truecount="2" falsecount="2"/>
        <line num="272" count="0" type="stmt"/>
        <line num="292" count="500" type="cond" truecount="2" falsecount="2"/>
        <line num="294" count="0" type="stmt"/>
        <line num="315" count="500" type="cond" truecount="1" falsecount="1"/>
      </file>
    </package>
    <package name="frontend.contexts">
      <metrics statements="41" coveredstatements="26" conditionals="16" coveredconditionals="7" methods="7" coveredmethods="4"/>
      <file name="ThemeContext.tsx" path="/Volumes/MyMacDrive/compcs620/vnest-monorepo/frontend/contexts/ThemeContext.tsx">
        <metrics statements="41" coveredstatements="26" conditionals="16" coveredconditionals="7" methods="7" coveredmethods="4"/>
        <line num="16" count="7" type="stmt"/>
        <line num="18" count="7" type="stmt"/>
        <line num="19" count="7" type="stmt"/>
        <line num="22" count="71" type="stmt"/>
        <line num="23" count="71" type="stmt"/>
        <line num="24" count="71" type="stmt"/>
        <line num="25" count="71" type="stmt"/>
        <line num="28" count="71" type="cond" truecount="1" falsecount="1"/>
        <line num="33" count="71" type="stmt"/>
        <line num="34" count="35" type="stmt"/>
        <line num="37" count="71" type="stmt"/>
        <line num="38" count="35" type="stmt"/>
        <line num="39" count="35" type="stmt"/>
        <line num="40" count="35" type="cond" truecount="2" falsecount="4"/>
        <line num="41" count="0" type="stmt"/>
        <line num="44" count="35" type="stmt"/>
        <line num="45" count="35" type="cond" truecount="1" falsecount="1"/>
        <line num="46" count="0" type="stmt"/>
        <line num="49" count="0" type="stmt"/>
        <line num="51" count="35" type="stmt"/>
        <line num="55" count="71" type="stmt"/>
        <line num="56" count="0" type="stmt"/>
        <line num="57" count="0" type="stmt"/>
        <line num="58" count="0" type="stmt"/>
        <line num="60" count="0" type="stmt"/>
        <line num="64" count="71" type="stmt"/>
        <line num="65" count="0" type="cond" truecount="0" falsecount="2"/>
        <line num="66" count="0" type="stmt"/>
        <line num="69" count="71" type="stmt"/>
        <line num="70" count="0" type="stmt"/>
        <line num="71" count="0" type="stmt"/>
        <line num="72" count="0" type="stmt"/>
        <line num="73" count="0" type="stmt"/>
        <line num="75" count="0" type="stmt"/>
        <line num="80" count="71" type="cond" truecount="2" falsecount="0"/>
        <line num="81" count="35" type="stmt"/>
        <line num="84" count="36" type="stmt"/>
        <line num="92" count="500" type="stmt"/>
        <line num="93" count="500" type="cond" truecount="1" falsecount="1"/>
        <line num="94" count="0" type="stmt"/>
        <line num="96" count="500" type="stmt"/>
      </file>
    </package>
    <package name="frontend.controllers.api_controllers">
      <metrics statements="68" coveredstatements="68" conditionals="28" coveredconditionals="28" methods="28" coveredmethods="28"/>
      <file name="AVPTrioController.ts" path="/Volumes/MyMacDrive/compcs620/vnest-monorepo/frontend/controllers/api_controllers/AVPTrioController.ts">
        <metrics statements="26" coveredstatements="26" conditionals="16" coveredconditionals="16" methods="7" coveredmethods="7"/>
        <line num="7" count="3" type="stmt"/>
        <line num="8" count="3" type="cond" truecount="2" falsecount="0"/>
        <line num="10" count="2" type="stmt"/>
        <line num="11" count="2" type="stmt"/>
        <line num="12" count="2" type="cond" truecount="2" falsecount="0"/>
        <line num="16" count="2" type="stmt"/>
        <line num="19" count="2" type="cond" truecount="2" falsecount="0"/>
        <line num="20" count="1" type="stmt"/>
        <line num="21" count="1" type="stmt"/>
        <line num="25" count="3" type="stmt"/>
        <line num="26" count="3" type="cond" truecount="2" falsecount="0"/>
        <line num="28" count="2" type="stmt"/>
        <line num="29" count="2" type="stmt"/>
        <line num="31" count="10" type="stmt"/>
        <line num="32" count="2" type="stmt"/>
        <line num="36" count="3" type="stmt"/>
        <line num="41" count="3" type="cond" truecount="2" falsecount="0"/>
        <line num="43" count="2" type="stmt"/>
        <line num="44" count="2" type="stmt"/>
        <line num="48" count="4" type="stmt"/>
        <line num="49" count="4" type="cond" truecount="2" falsecount="0"/>
        <line num="51" count="3" type="stmt"/>
        <line num="52" count="3" type="stmt"/>
        <line num="54" count="5" type="cond" truecount="2" falsecount="0"/>
        <line num="55" count="3" type="cond" truecount="2" falsecount="0"/>
        <line num="59" count="1" type="stmt"/>
      </file>
      <file name="AgentController.ts" path="/Volumes/MyMacDrive/compcs620/vnest-monorepo/frontend/controllers/api_controllers/AgentController.ts">
        <metrics statements="11" coveredstatements="11" conditionals="3" coveredconditionals="3" methods="5" coveredmethods="5"/>
        <line num="9" count="8" type="stmt"/>
        <line num="13" count="7" type="stmt"/>
        <line num="14" count="7" type="cond" truecount="2" falsecount="0"/>
        <line num="16" count="6" type="stmt"/>
        <line num="17" count="6" type="stmt"/>
        <line num="19" count="14" type="stmt"/>
        <line num="20" count="6" type="stmt"/>
        <line num="21" count="6" type="stmt"/>
        <line num="23" count="10" type="stmt"/>
        <line num="25" count="10" type="stmt"/>
        <line num="29" count="1" type="stmt"/>
      </file>
      <file name="BaseController.ts" path="/Volumes/MyMacDrive/compcs620/vnest-monorepo/frontend/controllers/api_controllers/BaseController.ts">
        <metrics statements="12" coveredstatements="12" conditionals="6" coveredconditionals="6" methods="6" coveredmethods="6"/>
        <line num="9" count="60" type="stmt"/>
        <line num="10" count="18" type="stmt"/>
        <line num="14" count="25" type="stmt"/>
        <line num="17" count="25" type="cond" truecount="2" falsecount="0"/>
        <line num="18" count="22" type="stmt"/>
        <line num="19" count="22" type="stmt"/>
        <line num="20" count="22" type="cond" truecount="2" falsecount="0"/>
        <line num="24" count="12" type="stmt"/>
        <line num="27" count="12" type="cond" truecount="2" falsecount="0"/>
        <line num="28" count="11" type="stmt"/>
        <line num="29" count="11" type="stmt"/>
        <line num="30" count="22" type="stmt"/>
      </file>
      <file name="PatientController.ts" path="/Volumes/MyMacDrive/compcs620/vnest-monorepo/frontend/controllers/api_controllers/PatientController.ts">
        <metrics statements="11" coveredstatements="11" conditionals="3" coveredconditionals="3" methods="5" coveredmethods="5"/>
        <line num="9" count="8" type="stmt"/>
        <line num="13" count="7" type="stmt"/>
        <line num="14" count="7" type="cond" truecount="2" falsecount="0"/>
        <line num="16" count="6" type="stmt"/>
        <line num="17" count="6" type="stmt"/>
        <line num="19" count="14" type="stmt"/>
        <line num="20" count="6" type="stmt"/>
        <line num="21" count="6" type="stmt"/>
        <line num="23" count="10" type="stmt"/>
        <line num="25" count="10" type="stmt"/>
        <line num="29" count="1" type="stmt"/>
      </file>
      <file name="VerbController.ts" path="/Volumes/MyMacDrive/compcs620/vnest-monorepo/frontend/controllers/api_controllers/VerbController.ts">
        <metrics statements="8" coveredstatements="8" conditionals="0" coveredconditionals="0" methods="5" coveredmethods="5"/>
        <line num="7" count="7" type="stmt"/>
        <line num="11" count="2" type="stmt"/>
        <line num="12" count="2" type="stmt"/>
        <line num="16" count="4" type="stmt"/>
        <line num="17" count="12" type="stmt"/>
        <line num="18" count="8" type="stmt"/>
        <line num="19" count="4" type="stmt"/>
        <line num="23" count="1" type="stmt"/>
      </file>
    </package>
    <package name="frontend.controllers.realm_controllers">
      <metrics statements="57" coveredstatements="57" conditionals="11" coveredconditionals="11" methods="29" coveredmethods="29"/>
      <file name="AVPTrioController.ts" path="/Volumes/MyMacDrive/compcs620/vnest-monorepo/frontend/controllers/realm_controllers/AVPTrioController.ts">
        <metrics statements="13" coveredstatements="13" conditionals="7" coveredconditionals="7" methods="7" coveredmethods="7"/>
        <line num="6" count="17" type="stmt"/>
        <line num="7" count="17" type="stmt"/>
        <line num="10" count="14" type="stmt"/>
        <line num="11" count="30" type="stmt"/>
        <line num="26" count="4" type="stmt"/>
        <line num="27" count="4" type="stmt"/>
        <line num="35" count="6" type="stmt"/>
        <line num="36" count="8" type="cond" truecount="2" falsecount="0"/>
        <line num="37" count="6" type="stmt"/>
        <line num="41" count="4" type="stmt"/>
        <line num="42" count="4" type="cond" truecount="2" falsecount="0"/>
        <line num="43" count="4" type="cond" truecount="2" falsecount="0"/>
        <line num="47" count="1" type="stmt"/>
      </file>
      <file name="AgentController.ts" path="/Volumes/MyMacDrive/compcs620/vnest-monorepo/frontend/controllers/realm_controllers/AgentController.ts">
        <metrics statements="8" coveredstatements="8" conditionals="1" coveredconditionals="1" methods="3" coveredmethods="3"/>
        <line num="7" count="8" type="stmt"/>
        <line num="8" count="8" type="stmt"/>
        <line num="11" count="5" type="stmt"/>
        <line num="12" count="13" type="stmt"/>
        <line num="13" count="5" type="stmt"/>
        <line num="14" count="16" type="stmt"/>
        <line num="15" count="5" type="stmt"/>
        <line num="19" count="1" type="stmt"/>
      </file>
      <file name="BaseController.ts" path="/Volumes/MyMacDrive/compcs620/vnest-monorepo/frontend/controllers/realm_controllers/BaseController.ts">
        <metrics statements="4" coveredstatements="4" conditionals="0" coveredconditionals="0" methods="4" coveredmethods="4"/>
        <line num="18" count="34" type="stmt"/>
        <line num="19" count="16" type="stmt"/>
        <line num="28" count="2" type="stmt"/>
        <line num="36" count="26" type="stmt"/>
      </file>
      <file name="HistoryController.ts" path="/Volumes/MyMacDrive/compcs620/vnest-monorepo/frontend/controllers/realm_controllers/HistoryController.ts">
        <metrics statements="15" coveredstatements="15" conditionals="2" coveredconditionals="2" methods="8" coveredmethods="8"/>
        <line num="7" count="11" type="stmt"/>
        <line num="10" count="3" type="stmt"/>
        <line num="11" count="3" type="cond" truecount="2" falsecount="0"/>
        <line num="12" count="3" type="stmt"/>
        <line num="15" count="3" type="stmt"/>
        <line num="17" count="3" type="stmt"/>
        <line num="21" count="5" type="stmt"/>
        <line num="22" count="7" type="stmt"/>
        <line num="24" count="5" type="stmt"/>
        <line num="25" count="9" type="stmt"/>
        <line num="26" count="6" type="stmt"/>
        <line num="28" count="5" type="stmt"/>
        <line num="29" count="10" type="stmt"/>
        <line num="30" count="10" type="stmt"/>
        <line num="34" count="2" type="stmt"/>
      </file>
      <file name="PatientController.ts" path="/Volumes/MyMacDrive/compcs620/vnest-monorepo/frontend/controllers/realm_controllers/PatientController.ts">
        <metrics statements="8" coveredstatements="8" conditionals="1" coveredconditionals="1" methods="3" coveredmethods="3"/>
        <line num="7" count="8" type="stmt"/>
        <line num="8" count="8" type="stmt"/>
        <line num="11" count="5" type="stmt"/>
        <line num="12" count="13" type="stmt"/>
        <line num="13" count="5" type="stmt"/>
        <line num="14" count="16" type="stmt"/>
        <line num="15" count="5" type="stmt"/>
        <line num="19" count="1" type="stmt"/>
      </file>
      <file name="VerbController.ts" path="/Volumes/MyMacDrive/compcs620/vnest-monorepo/frontend/controllers/realm_controllers/VerbController.ts">
        <metrics statements="9" coveredstatements="9" conditionals="0" coveredconditionals="0" methods="4" coveredmethods="4"/>
        <line num="6" count="10" type="stmt"/>
        <line num="7" count="10" type="stmt"/>
        <line num="10" count="2" type="stmt"/>
        <line num="11" count="2" type="stmt"/>
        <line num="15" count="5" type="stmt"/>
        <line num="16" count="15" type="stmt"/>
        <line num="17" count="10" type="stmt"/>
        <line num="18" count="5" type="stmt"/>
        <line num="22" count="1" type="stmt"/>
      </file>
    </package>
    <package name="frontend.database">
      <metrics statements="130" coveredstatements="62" conditionals="54" coveredconditionals="19" methods="35" coveredmethods="21"/>
      <file name="index.ts" path="/Volumes/MyMacDrive/compcs620/vnest-monorepo/frontend/database/index.ts">
        <metrics statements="20" coveredstatements="18" conditionals="2" coveredconditionals="1" methods="7" coveredmethods="7"/>
        <line num="34" count="2" type="stmt"/>
        <line num="41" count="9" type="cond" truecount="1" falsecount="1"/>
        <line num="42" count="9" type="stmt"/>
        <line num="44" count="9" type="stmt"/>
        <line num="47" count="0" type="stmt"/>
        <line num="48" count="0" type="stmt"/>
        <line num="51" count="9" type="stmt"/>
        <line num="58" count="1" type="stmt"/>
        <line num="59" count="1" type="stmt"/>
        <line num="66" count="2" type="stmt"/>
        <line num="67" count="2" type="stmt"/>
        <line num="74" count="2" type="stmt"/>
        <line num="75" count="2" type="stmt"/>
        <line num="82" count="1" type="stmt"/>
        <line num="83" count="1" type="stmt"/>
        <line num="90" count="1" type="stmt"/>
        <line num="91" count="1" type="stmt"/>
        <line num="98" count="2" type="stmt"/>
        <line num="99" count="2" type="stmt"/>
        <line num="103" count="2" type="stmt"/>
      </file>
      <file name="realmAdapter.ts" path="/Volumes/MyMacDrive/compcs620/vnest-monorepo/frontend/database/realmAdapter.ts">
        <metrics statements="39" coveredstatements="2" conditionals="12" coveredconditionals="0" methods="12" coveredmethods="0"/>
        <line num="7" count="2" type="stmt"/>
        <line num="8" count="0" type="cond" truecount="0" falsecount="2"/>
        <line num="9" count="0" type="stmt"/>
        <line num="10" count="0" type="stmt"/>
        <line num="11" count="0" type="stmt"/>
        <line num="12" count="0" type="stmt"/>
        <line num="17" count="7" type="stmt"/>
        <line num="20" count="0" type="cond" truecount="0" falsecount="2"/>
        <line num="21" count="0" type="stmt"/>
        <line num="22" count="0" type="stmt"/>
        <line num="24" count="0" type="stmt"/>
        <line num="25" count="0" type="stmt"/>
        <line num="30" count="0" type="stmt"/>
        <line num="32" count="0" type="stmt"/>
        <line num="33" count="0" type="cond" truecount="0" falsecount="2"/>
        <line num="36" count="0" type="stmt"/>
        <line num="37" count="0" type="stmt"/>
        <line num="38" count="0" type="stmt"/>
        <line num="40" count="0" type="stmt"/>
        <line num="42" count="0" type="stmt"/>
        <line num="46" count="0" type="stmt"/>
        <line num="48" count="0" type="stmt"/>
        <line num="49" count="0" type="cond" truecount="0" falsecount="2"/>
        <line num="53" count="0" type="stmt"/>
        <line num="56" count="0" type="stmt"/>
        <line num="58" count="0" type="stmt"/>
        <line num="60" count="0" type="stmt"/>
        <line num="64" count="0" type="stmt"/>
        <line num="66" count="0" type="stmt"/>
        <line num="67" count="0" type="cond" truecount="0" falsecount="2"/>
        <line num="69" count="0" type="stmt"/>
        <line num="70" count="0" type="stmt"/>
        <line num="72" count="0" type="stmt"/>
        <line num="76" count="0" type="stmt"/>
        <line num="78" count="0" type="stmt"/>
        <line num="79" count="0" type="cond" truecount="0" falsecount="2"/>
        <line num="81" count="0" type="stmt"/>
        <line num="82" count="0" type="stmt"/>
        <line num="84" count="0" type="stmt"/>
      </file>
      <file name="schemas.ts" path="/Volumes/MyMacDrive/compcs620/vnest-monorepo/frontend/database/schemas.ts">
        <metrics statements="12" coveredstatements="12" conditionals="6" coveredconditionals="6" methods="4" coveredmethods="4"/>
        <line num="42" count="6" type="stmt"/>
        <line num="54" count="6" type="stmt"/>
        <line num="64" count="6" type="stmt"/>
        <line num="74" count="6" type="stmt"/>
        <line num="87" count="6" type="stmt"/>
        <line num="120" count="48" type="stmt"/>
        <line num="132" count="39" type="stmt"/>
        <line num="133" count="51" type="cond" truecount="4" falsecount="0"/>
        <line num="135" count="21" type="stmt"/>
        <line num="143" count="17" type="stmt"/>
        <line num="149" count="12" type="stmt"/>
        <line num="155" count="1" type="stmt"/>
      </file>
      <file name="webAdapter.ts" path="/Volumes/MyMacDrive/compcs620/vnest-monorepo/frontend/database/webAdapter.ts">
        <metrics statements="59" coveredstatements="30" conditionals="34" coveredconditionals="12" methods="12" coveredmethods="10"/>
        <line num="36" count="11" type="stmt"/>
        <line num="49" count="0" type="stmt"/>
        <line num="52" count="0" type="stmt"/>
        <line num="54" count="0" type="stmt"/>
        <line num="69" count="0" type="stmt"/>
        <line num="71" count="0" type="stmt"/>
        <line num="72" count="0" type="cond" truecount="0" falsecount="2"/>
        <line num="75" count="0" type="stmt"/>
        <line num="76" count="0" type="stmt"/>
        <line num="77" count="0" type="stmt"/>
        <line num="78" count="0" type="stmt"/>
        <line num="80" count="0" type="stmt"/>
        <line num="83" count="0" type="stmt"/>
        <line num="84" count="0" type="stmt"/>
        <line num="87" count="0" type="stmt"/>
        <line num="88" count="0" type="stmt"/>
        <line num="97" count="0" type="stmt"/>
        <line num="99" count="0" type="cond" truecount="0" falsecount="2"/>
        <line num="100" count="0" type="stmt"/>
        <line num="101" count="0" type="stmt"/>
        <line num="109" count="0" type="cond" truecount="0" falsecount="2"/>
        <line num="110" count="0" type="stmt"/>
        <line num="111" count="0" type="stmt"/>
        <line num="119" count="0" type="stmt"/>
        <line num="120" count="0" type="stmt"/>
        <line num="132" count="0" type="stmt"/>
        <line num="139" count="0" type="stmt"/>
        <line num="147" count="0" type="stmt"/>
        <line num="149" count="0" type="stmt"/>
        <line num="158" count="0" type="stmt"/>
        <line num="165" count="4" type="stmt"/>
        <line num="175" count="3" type="stmt"/>
        <line num="177" count="3" type="cond" truecount="2" falsecount="0"/>
        <line num="178" count="1" type="cond" truecount="1" falsecount="1"/>
        <line num="182" count="2" type="cond" truecount="1" falsecount="1"/>
        <line num="183" count="4" type="stmt"/>
        <line num="184" count="4" type="cond" truecount="2" falsecount="0"/>
        <line num="186" count="1" type="stmt"/>
        <line num="189" count="2" type="stmt"/>
        <line num="199" count="4" type="stmt"/>
        <line num="200" count="7" type="stmt"/>
        <line num="201" count="4" type="cond" truecount="2" falsecount="0"/>
        <line num="211" count="2" type="stmt"/>
        <line num="212" count="2" type="stmt"/>
        <line num="213" count="2" type="stmt"/>
        <line num="214" count="2" type="stmt"/>
        <line num="215" count="2" type="stmt"/>
        <line num="226" count="2" type="stmt"/>
        <line num="227" count="3" type="stmt"/>
        <line num="228" count="2" type="cond" truecount="2" falsecount="0"/>
        <line num="230" count="1" type="stmt"/>
        <line num="231" count="1" type="stmt"/>
        <line num="232" count="1" type="stmt"/>
        <line num="242" count="2" type="stmt"/>
        <line num="243" count="3" type="stmt"/>
        <line num="244" count="2" type="cond" truecount="2" falsecount="0"/>
        <line num="246" count="1" type="stmt"/>
        <line num="247" count="1" type="stmt"/>
        <line num="248" count="1" type="stmt"/>
      </file>
    </package>
    <package name="frontend.hooks">
      <metrics statements="122" coveredstatements="67" conditionals="42" coveredconditionals="6" methods="24" coveredmethods="14"/>
      <file name="useCardConnections.ts" path="/Volumes/MyMacDrive/compcs620/vnest-monorepo/frontend/hooks/useCardConnections.ts">
        <metrics statements="65" coveredstatements="14" conditionals="32" coveredconditionals="2" methods="12" coveredmethods="3"/>
        <line num="19" count="79" type="stmt"/>
        <line num="20" count="79" type="stmt"/>
        <line num="21" count="79" type="stmt"/>
        <line num="24" count="79" type="stmt"/>
        <line num="29" count="0" type="cond" truecount="0" falsecount="2"/>
        <line num="30" count="0" type="stmt"/>
        <line num="34" count="0" type="stmt"/>
        <line num="35" count="0" type="stmt"/>
        <line num="45" count="0" type="stmt"/>
        <line num="46" count="0" type="stmt"/>
        <line num="47" count="0" type="stmt"/>
        <line num="53" count="0" type="stmt"/>
        <line num="58" count="79" type="stmt"/>
        <line num="62" count="16" type="stmt"/>
        <line num="63" count="16" type="stmt"/>
        <line num="65" count="16" type="cond" truecount="2" falsecount="2"/>
        <line num="68" count="0" type="stmt"/>
        <line num="69" count="0" type="stmt"/>
        <line num="70" count="0" type="stmt"/>
        <line num="73" count="0" type="stmt"/>
        <line num="74" count="0" type="stmt"/>
        <line num="78" count="0" type="stmt"/>
        <line num="79" count="0" type="stmt"/>
        <line num="80" count="0" type="stmt"/>
        <line num="81" count="0" type="stmt"/>
        <line num="87" count="0" type="cond" truecount="0" falsecount="2"/>
        <line num="89" count="0" type="cond" truecount="0" falsecount="2"/>
        <line num="91" count="0" type="stmt"/>
        <line num="92" count="0" type="stmt"/>
        <line num="95" count="0" type="stmt"/>
        <line num="96" count="0" type="stmt"/>
        <line num="100" count="0" type="cond" truecount="0" falsecount="2"/>
        <line num="102" count="0" type="stmt"/>
        <line num="103" count="0" type="stmt"/>
        <line num="106" count="0" type="stmt"/>
        <line num="107" count="0" type="stmt"/>
        <line num="115" count="0" type="cond" truecount="0" falsecount="2"/>
        <line num="117" count="0" type="cond" truecount="0" falsecount="2"/>
        <line num="119" count="0" type="stmt"/>
        <line num="120" count="0" type="stmt"/>
        <line num="123" count="0" type="stmt"/>
        <line num="124" count="0" type="stmt"/>
        <line num="128" count="0" type="cond" truecount="0" falsecount="2"/>
        <line num="130" count="0" type="stmt"/>
        <line num="131" count="0" type="stmt"/>
        <line num="134" count="0" type="stmt"/>
        <line num="135" count="0" type="stmt"/>
        <line num="139" count="0" type="stmt"/>
        <line num="144" count="0" type="stmt"/>
        <line num="149" count="0" type="stmt"/>
        <line num="156" count="0" type="stmt"/>
        <line num="158" count="0" type="stmt"/>
        <line num="159" count="0" type="cond" truecount="0" falsecount="4"/>
        <line num="162" count="0" type="stmt"/>
        <line num="165" count="16" type="stmt"/>
        <line num="170" count="79" type="stmt"/>
        <line num="171" count="0" type="stmt"/>
        <line num="172" count="0" type="stmt"/>
        <line num="173" count="0" type="cond" truecount="0" falsecount="2"/>
        <line num="179" count="79" type="stmt"/>
        <line num="180" count="50" type="stmt"/>
        <line num="184" count="79" type="stmt"/>
        <line num="188" count="0" type="cond" truecount="0" falsecount="2"/>
        <line num="189" count="0" type="cond" truecount="0" falsecount="4"/>
        <line num="194" count="79" type="stmt"/>
      </file>
      <file name="useDatabaseWordData.ts" path="/Volumes/MyMacDrive/compcs620/vnest-monorepo/frontend/hooks/useDatabaseWordData.ts">
        <metrics statements="49" coveredstatements="47" conditionals="10" coveredconditionals="4" methods="8" coveredmethods="8"/>
        <line num="18" count="68" type="stmt"/>
        <line num="19" count="68" type="stmt"/>
        <line num="20" count="68" type="stmt"/>
        <line num="23" count="68" type="stmt"/>
        <line num="24" count="18" type="stmt"/>
        <line num="25" count="18" type="stmt"/>
        <line num="26" count="18" type="stmt"/>
        <line num="28" count="18" type="stmt"/>
        <line num="30" count="17" type="stmt"/>
        <line num="33" count="1" type="stmt"/>
        <line num="34" count="1" type="cond" truecount="1" falsecount="1"/>
        <line num="36" count="18" type="stmt"/>
        <line num="41" count="68" type="stmt"/>
        <line num="42" count="26" type="stmt"/>
        <line num="43" count="26" type="stmt"/>
        <line num="44" count="24" type="stmt"/>
        <line num="46" count="2" type="stmt"/>
        <line num="47" count="2" type="cond" truecount="1" falsecount="1"/>
        <line num="52" count="68" type="stmt"/>
        <line num="53" count="3" type="stmt"/>
        <line num="54" count="3" type="stmt"/>
        <line num="56" count="1" type="stmt"/>
        <line num="57" count="1" type="stmt"/>
        <line num="62" count="68" type="stmt"/>
        <line num="63" count="5" type="stmt"/>
        <line num="64" count="5" type="stmt"/>
        <line num="65" count="5" type="stmt"/>
        <line num="66" count="3" type="stmt"/>
        <line num="68" count="2" type="stmt"/>
        <line num="69" count="2" type="cond" truecount="1" falsecount="1"/>
        <line num="71" count="5" type="stmt"/>
        <line num="76" count="68" type="stmt"/>
        <line num="77" count="2" type="stmt"/>
        <line num="78" count="2" type="stmt"/>
        <line num="79" count="2" type="stmt"/>
        <line num="81" count="0" type="stmt"/>
        <line num="82" count="0" type="cond" truecount="0" falsecount="2"/>
        <line num="84" count="2" type="stmt"/>
        <line num="89" count="68" type="stmt"/>
        <line num="90" count="3" type="stmt"/>
        <line num="91" count="3" type="stmt"/>
        <line num="92" count="3" type="stmt"/>
        <line num="93" count="2" type="stmt"/>
        <line num="95" count="1" type="stmt"/>
        <line num="96" count="1" type="cond" truecount="1" falsecount="1"/>
        <line num="98" count="3" type="stmt"/>
        <line num="103" count="68" type="stmt"/>
        <line num="104" count="18" type="stmt"/>
        <line num="107" count="68" type="stmt"/>
      </file>
      <file name="useResponsiveLayout.ts" path="/Volumes/MyMacDrive/compcs620/vnest-monorepo/frontend/hooks/useResponsiveLayout.ts">
        <metrics statements="8" coveredstatements="6" conditionals="0" coveredconditionals="0" methods="4" coveredmethods="3"/>
        <line num="17" count="16" type="stmt"/>
        <line num="18" count="16" type="stmt"/>
        <line num="20" count="16" type="stmt"/>
        <line num="21" count="11" type="stmt"/>
        <line num="22" count="0" type="stmt"/>
        <line num="23" count="0" type="stmt"/>
        <line num="26" count="11" type="stmt"/>
        <line num="29" count="16" type="stmt"/>
      </file>
    </package>
    <package name="frontend.services">
      <metrics statements="84" coveredstatements="82" conditionals="43" coveredconditionals="37" methods="22" coveredmethods="21"/>
      <file name="avpService.ts" path="/Volumes/MyMacDrive/compcs620/vnest-monorepo/frontend/services/avpService.ts">
        <metrics statements="25" coveredstatements="25" conditionals="15" coveredconditionals="15" methods="4" coveredmethods="4"/>
        <line num="18" count="2" type="stmt"/>
        <line num="19" count="2" type="stmt"/>
        <line num="20" count="2" type="stmt"/>
        <line num="21" count="2" type="stmt"/>
        <line num="23" count="2" type="stmt"/>
        <line num="25" count="4" type="cond" truecount="2" falsecount="0"/>
        <line num="26" count="3" type="stmt"/>
        <line num="27" count="3" type="cond" truecount="2" falsecount="0"/>
        <line num="30" count="2" type="stmt"/>
        <line num="32" count="2" type="cond" truecount="2" falsecount="0"/>
        <line num="33" count="1" type="stmt"/>
        <line num="34" count="1" type="stmt"/>
        <line num="37" count="1" type="stmt"/>
        <line num="39" count="2" type="stmt"/>
        <line num="40" count="2" type="stmt"/>
        <line num="44" count="1" type="stmt"/>
        <line num="46" count="2" type="stmt"/>
        <line num="47" count="2" type="stmt"/>
        <line num="51" count="1" type="stmt"/>
        <line num="55" count="6" type="cond" truecount="5" falsecount="0"/>
        <line num="56" count="3" type="stmt"/>
        <line num="57" count="3" type="cond" truecount="4" falsecount="0"/>
        <line num="58" count="2" type="stmt"/>
        <line num="59" count="2" type="stmt"/>
        <line num="61" count="3" type="stmt"/>
      </file>
      <file name="exerciseManagementService.ts" path="/Volumes/MyMacDrive/compcs620/vnest-monorepo/frontend/services/exerciseManagementService.ts">
        <metrics statements="35" coveredstatements="33" conditionals="16" coveredconditionals="13" methods="11" coveredmethods="10"/>
        <line num="30" count="1" type="stmt"/>
        <line num="31" count="1" type="stmt"/>
        <line num="32" count="1" type="stmt"/>
        <line num="43" count="1" type="stmt"/>
        <line num="44" count="1" type="stmt"/>
        <line num="45" count="1" type="stmt"/>
        <line num="47" count="1" type="stmt"/>
        <line num="54" count="17" type="cond" truecount="2" falsecount="0"/>
        <line num="55" count="11" type="stmt"/>
        <line num="56" count="0" type="stmt"/>
        <line num="57" count="0" type="stmt"/>
        <line num="60" count="17" type="stmt"/>
        <line num="64" count="22" type="stmt"/>
        <line num="65" count="22" type="stmt"/>
        <line num="66" count="22" type="stmt"/>
        <line num="67" count="22" type="stmt"/>
        <line num="71" count="3" type="stmt"/>
        <line num="72" count="3" type="stmt"/>
        <line num="73" count="3" type="stmt"/>
        <line num="83" count="2" type="stmt"/>
        <line num="84" count="2" type="stmt"/>
        <line num="88" count="9" type="stmt"/>
        <line num="89" count="9" type="cond" truecount="1" falsecount="1"/>
        <line num="90" count="9" type="stmt"/>
        <line num="94" count="24" type="stmt"/>
        <line num="95" count="24" type="stmt"/>
        <line num="96" count="24" type="stmt"/>
        <line num="97" count="24" type="stmt"/>
        <line num="98" count="55" type="stmt"/>
        <line num="102" count="29" type="cond" truecount="4" falsecount="0"/>
        <line num="103" count="33" type="cond" truecount="3" falsecount="1"/>
        <line num="104" count="25" type="cond" truecount="2" falsecount="0"/>
        <line num="105" count="23" type="stmt"/>
        <line num="106" count="23" type="stmt"/>
        <line num="110" count="1" type="stmt"/>
      </file>
      <file name="historyService.ts" path="/Volumes/MyMacDrive/compcs620/vnest-monorepo/frontend/services/historyService.ts">
        <metrics statements="24" coveredstatements="24" conditionals="12" coveredconditionals="9" methods="7" coveredmethods="7"/>
        <line num="19" count="2" type="cond" truecount="1" falsecount="1"/>
        <line num="23" count="2" type="stmt"/>
        <line num="24" count="2" type="stmt"/>
        <line num="28" count="1" type="stmt"/>
        <line num="32" count="2" type="stmt"/>
        <line num="36" count="1" type="stmt"/>
        <line num="40" count="1" type="stmt"/>
        <line num="44" count="7" type="stmt"/>
        <line num="45" count="7" type="stmt"/>
        <line num="46" count="7" type="stmt"/>
        <line num="48" count="7" type="stmt"/>
        <line num="54" count="7" type="stmt"/>
        <line num="55" count="22" type="cond" truecount="2" falsecount="0"/>
        <line num="56" count="15" type="stmt"/>
        <line num="64" count="7" type="stmt"/>
        <line num="65" count="28" type="stmt"/>
        <line num="66" count="28" type="cond" truecount="1" falsecount="1"/>
        <line num="69" count="7" type="stmt"/>
        <line num="70" count="28" type="stmt"/>
        <line num="71" count="16" type="cond" truecount="2" falsecount="0"/>
        <line num="73" count="15" type="stmt"/>
        <line num="74" count="15" type="cond" truecount="1" falsecount="1"/>
        <line num="77" count="15" type="stmt"/>
        <line num="87" count="2" type="stmt"/>
      </file>
    </package>
    <package name="frontend.testing">
      <metrics statements="4" coveredstatements="4" conditionals="0" coveredconditionals="0" methods="4" coveredmethods="3"/>
      <file name="testUtils.tsx" path="/Volumes/MyMacDrive/compcs620/vnest-monorepo/frontend/testing/testUtils.tsx">
        <metrics statements="4" coveredstatements="4" conditionals="0" coveredconditionals="0" methods="4" coveredmethods="3"/>
        <line num="14" count="36" type="stmt"/>
        <line num="17" count="35" type="stmt"/>
        <line num="20" count="35" type="stmt"/>
        <line num="22" count="35" type="stmt"/>
      </file>
    </package>
    <package name="frontend.testing.__helpers__">
      <metrics statements="9" coveredstatements="9" conditionals="4" coveredconditionals="4" methods="6" coveredmethods="6"/>
      <file name="apiTestHelpers.ts" path="/Volumes/MyMacDrive/compcs620/vnest-monorepo/frontend/testing/__helpers__/apiTestHelpers.ts">
        <metrics statements="9" coveredstatements="9" conditionals="4" coveredconditionals="4" methods="6" coveredmethods="6"/>
        <line num="5" count="50" type="stmt"/>
        <line num="13" count="15" type="stmt"/>
        <line num="18" count="6" type="stmt"/>
        <line num="24" count="48" type="cond" truecount="2" falsecount="0"/>
        <line num="25" count="48" type="stmt"/>
        <line num="34" count="9" type="stmt"/>
        <line num="39" count="9" type="stmt"/>
        <line num="44" count="6" type="cond" truecount="1" falsecount="0"/>
        <line num="45" count="16" type="stmt"/>
      </file>
    </package>
    <package name="frontend.utils">
      <metrics statements="43" coveredstatements="36" conditionals="50" coveredconditionals="22" methods="11" coveredmethods="8"/>
      <file name="responsive.ts" path="/Volumes/MyMacDrive/compcs620/vnest-monorepo/frontend/utils/responsive.ts">
        <metrics statements="43" coveredstatements="36" conditionals="50" coveredconditionals="22" methods="11" coveredmethods="8"/>
        <line num="4" count="4" type="stmt"/>
        <line num="7" count="4" type="stmt"/>
        <line num="14" count="4" type="stmt"/>
        <line num="15" count="55" type="cond" truecount="1" falsecount="1"/>
        <line num="16" count="55" type="cond" truecount="1" falsecount="1"/>
        <line num="17" count="0" type="stmt"/>
        <line num="21" count="4" type="stmt"/>
        <line num="22" count="4" type="stmt"/>
        <line num="23" count="8" type="stmt"/>
        <line num="26" count="4" type="stmt"/>
        <line num="27" count="4" type="stmt"/>
        <line num="28" count="4" type="stmt"/>
        <line num="31" count="4" type="stmt"/>
        <line num="32" count="63" type="stmt"/>
        <line num="35" count="4" type="stmt"/>
        <line num="36" count="51" type="stmt"/>
        <line num="40" count="4" type="stmt"/>
        <line num="42" count="91" type="cond" truecount="2" falsecount="2"/>
        <line num="43" count="0" type="stmt"/>
        <line num="46" count="91" type="stmt"/>
        <line num="47" count="91" type="stmt"/>
        <line num="50" count="91" type="stmt"/>
        <line num="51" count="91" type="cond" truecount="1" falsecount="1"/>
        <line num="53" count="91" type="stmt"/>
        <line num="57" count="4" type="stmt"/>
        <line num="67" count="4" type="stmt"/>
        <line num="68" count="27" type="stmt"/>
        <line num="70" count="27" type="cond" truecount="1" falsecount="2"/>
        <line num="72" count="0" type="stmt"/>
        <line num="78" count="27" type="stmt"/>
        <line num="84" count="0" type="stmt"/>
        <line num="93" count="4" type="stmt"/>
        <line num="94" count="12" type="stmt"/>
        <line num="96" count="12" type="cond" truecount="1" falsecount="2"/>
        <line num="98" count="0" type="stmt"/>
        <line num="105" count="12" type="stmt"/>
        <line num="112" count="0" type="stmt"/>
        <line num="122" count="4" type="stmt"/>
        <line num="123" count="16" type="stmt"/>
        <line num="125" count="16" type="stmt"/>
        <line num="136" count="4" type="stmt"/>
        <line num="137" count="0" type="stmt"/>
        <line num="152" count="4" type="stmt"/>
      </file>
    </package>
  </project>
</coverage>
