<?xml version="1.0" encoding="UTF-8"?>
<coverage generated="1763980866235" clover="3.2.0">
  <project timestamp="1763980866235" name="All files">
    <metrics statements="285" coveredstatements="148" conditionals="298" coveredconditionals="129" methods="74" coveredmethods="36" elements="657" coveredelements="313" complexity="0" loc="285" ncloc="285" packages="6" files="15" classes="15"/>
    <package name="app.(tabs)">
      <metrics statements="20" coveredstatements="15" conditionals="64" coveredconditionals="35" methods="9" coveredmethods="2"/>
      <file name="settings.tsx" path="/Volumes/MyMacDrive/compcs620/vnest-monorepo/frontend/app/(tabs)/settings.tsx">
        <metrics statements="20" coveredstatements="15" conditionals="64" coveredconditionals="35" methods="9" coveredmethods="2"/>
        <line num="7" count="1" type="stmt"/>
        <line num="15" count="1" type="stmt"/>
        <line num="16" count="1" type="stmt"/>
        <line num="17" count="1" type="stmt"/>
        <line num="19" count="1" type="stmt"/>
        <line num="20" count="1" type="stmt"/>
        <line num="21" count="1" type="stmt"/>
        <line num="24" count="1" type="stmt"/>
        <line num="31" count="1" type="stmt"/>
        <line num="32" count="0" type="stmt"/>
        <line num="35" count="1" type="stmt"/>
        <line num="36" count="0" type="stmt"/>
        <line num="39" count="1" type="stmt"/>
        <line num="40" count="0" type="stmt"/>
        <line num="43" count="1" type="stmt"/>
        <line num="44" count="0" type="stmt"/>
        <line num="47" count="1" type="stmt"/>
        <line num="76" count="4" type="stmt"/>
        <line num="83" count="0" type="stmt"/>
        <line num="201" count="1" type="stmt"/>
      </file>
    </package>
    <package name="components.game">
      <metrics statements="113" coveredstatements="72" conditionals="146" coveredconditionals="72" methods="32" coveredmethods="20"/>
      <file name="CongratsView.tsx" path="/Volumes/MyMacDrive/compcs620/vnest-monorepo/frontend/components/game/CongratsView.tsx">
        <metrics statements="3" coveredstatements="3" conditionals="2" coveredconditionals="2" methods="1" coveredmethods="1"/>
        <line num="21" count="3" type="stmt"/>
        <line num="28" count="3" type="stmt"/>
        <line num="65" count="1" type="stmt"/>
      </file>
      <file name="ConnectionLine.tsx" path="/Volumes/MyMacDrive/compcs620/vnest-monorepo/frontend/components/game/ConnectionLine.tsx">
        <metrics statements="27" coveredstatements="19" conditionals="15" coveredconditionals="9" methods="2" coveredmethods="2"/>
        <line num="20" count="2" type="stmt"/>
        <line num="21" count="2" type="stmt"/>
        <line num="22" count="2" type="stmt"/>
        <line num="24" count="2" type="stmt"/>
        <line num="26" count="2" type="stmt"/>
        <line num="27" count="2" type="cond" truecount="3" falsecount="1"/>
        <line num="28" count="2" type="cond" truecount="1" falsecount="1"/>
        <line num="30" count="2" type="stmt"/>
        <line num="31" count="2" type="stmt"/>
        <line num="32" count="2" type="stmt"/>
        <line num="35" count="2" type="stmt"/>
        <line num="53" count="0" type="stmt"/>
        <line num="54" count="0" type="stmt"/>
        <line num="55" count="0" type="stmt"/>
        <line num="59" count="0" type="cond" truecount="0" falsecount="2"/>
        <line num="60" count="0" type="stmt"/>
        <line num="66" count="0" type="stmt"/>
        <line num="71" count="2" type="cond" truecount="3" falsecount="1"/>
        <line num="72" count="0" type="stmt"/>
        <line num="73" count="0" type="stmt"/>
        <line num="76" count="2" type="stmt"/>
        <line num="84" count="2" type="stmt"/>
        <line num="85" count="2" type="stmt"/>
        <line num="86" count="2" type="stmt"/>
        <line num="87" count="2" type="stmt"/>
        <line num="89" count="2" type="stmt"/>
        <line num="187" count="1" type="stmt"/>
      </file>
      <file name="ErrorView.tsx" path="/Volumes/MyMacDrive/compcs620/vnest-monorepo/frontend/components/game/ErrorView.tsx">
        <metrics statements="2" coveredstatements="2" conditionals="2" coveredconditionals="2" methods="1" coveredmethods="1"/>
        <line num="11" count="4" type="stmt"/>
        <line num="29" count="1" type="stmt"/>
      </file>
      <file name="FeedbackView.tsx" path="/Volumes/MyMacDrive/compcs620/vnest-monorepo/frontend/components/game/FeedbackView.tsx">
        <metrics statements="14" coveredstatements="12" conditionals="38" coveredconditionals="13" methods="4" coveredmethods="3"/>
        <line num="34" count="4" type="stmt"/>
        <line num="35" count="4" type="stmt"/>
        <line num="38" count="4" type="stmt"/>
        <line num="39" count="4" type="stmt"/>
        <line num="41" count="4" type="stmt"/>
        <line num="43" count="4" type="stmt"/>
        <line num="44" count="4" type="stmt"/>
        <line num="46" count="4" type="stmt"/>
        <line num="61" count="4" type="cond" truecount="1" falsecount="1"/>
        <line num="62" count="0" type="stmt"/>
        <line num="89" count="0" type="stmt"/>
        <line num="139" count="4" type="stmt"/>
        <line num="166" count="8" type="stmt"/>
        <line num="209" count="1" type="stmt"/>
      </file>
      <file name="GameCard.tsx" path="/Volumes/MyMacDrive/compcs620/vnest-monorepo/frontend/components/game/GameCard.tsx">
        <metrics statements="18" coveredstatements="12" conditionals="29" coveredconditionals="20" methods="6" coveredmethods="2"/>
        <line num="27" count="36" type="stmt"/>
        <line num="28" count="36" type="cond" truecount="2" falsecount="0"/>
        <line num="29" count="36" type="stmt"/>
        <line num="32" count="36" type="stmt"/>
        <line num="34" count="36" type="stmt"/>
        <line num="35" count="0" type="cond" truecount="0" falsecount="5"/>
        <line num="37" count="0" type="stmt"/>
        <line num="38" count="0" type="cond" truecount="0" falsecount="4"/>
        <line num="39" count="0" type="stmt"/>
        <line num="50" count="0" type="stmt"/>
        <line num="52" count="0" type="stmt"/>
        <line num="59" count="36" type="stmt"/>
        <line num="60" count="36" type="cond" truecount="2" falsecount="0"/>
        <line num="61" count="3" type="stmt"/>
        <line num="70" count="33" type="stmt"/>
        <line num="80" count="36" type="cond" truecount="4" falsecount="0"/>
        <line num="84" count="36" type="stmt"/>
        <line num="123" count="3" type="stmt"/>
      </file>
      <file name="GameView.tsx" path="/Volumes/MyMacDrive/compcs620/vnest-monorepo/frontend/components/game/GameView.tsx">
        <metrics statements="24" coveredstatements="17" conditionals="44" coveredconditionals="20" methods="15" coveredmethods="9"/>
        <line num="28" count="6" type="stmt"/>
        <line num="29" count="6" type="stmt"/>
        <line num="38" count="6" type="stmt"/>
        <line num="41" count="6" type="stmt"/>
        <line num="42" count="0" type="stmt"/>
        <line num="46" count="6" type="stmt"/>
        <line num="47" count="6" type="cond" truecount="4" falsecount="0"/>
        <line num="55" count="6" type="stmt"/>
        <line num="56" count="6" type="cond" truecount="4" falsecount="0"/>
        <line num="65" count="6" type="stmt"/>
        <line num="66" count="6" type="stmt"/>
        <line num="69" count="6" type="cond" truecount="1" falsecount="1"/>
        <line num="71" count="0" type="stmt"/>
        <line num="102" count="0" type="stmt"/>
        <line num="106" count="0" type="stmt"/>
        <line num="120" count="0" type="stmt"/>
        <line num="124" count="0" type="stmt"/>
        <line num="135" count="6" type="stmt"/>
        <line num="153" count="6" type="stmt"/>
        <line num="160" count="1" type="stmt"/>
        <line num="183" count="6" type="stmt"/>
        <line num="190" count="1" type="stmt"/>
        <line num="198" count="0" type="stmt"/>
        <line num="209" count="1" type="stmt"/>
      </file>
      <file name="LoadingView.tsx" path="/Volumes/MyMacDrive/compcs620/vnest-monorepo/frontend/components/game/LoadingView.tsx">
        <metrics statements="2" coveredstatements="2" conditionals="0" coveredconditionals="0" methods="1" coveredmethods="1"/>
        <line num="5" count="1" type="stmt"/>
        <line num="13" count="1" type="stmt"/>
      </file>
      <file name="ProgressBar.tsx" path="/Volumes/MyMacDrive/compcs620/vnest-monorepo/frontend/components/game/ProgressBar.tsx">
        <metrics statements="4" coveredstatements="4" conditionals="10" coveredconditionals="6" methods="1" coveredmethods="1"/>
        <line num="13" count="4" type="stmt"/>
        <line num="14" count="4" type="stmt"/>
        <line num="16" count="4" type="stmt"/>
        <line num="46" count="1" type="stmt"/>
      </file>
      <file name="SVGConnectionLine.tsx" path="/Volumes/MyMacDrive/compcs620/vnest-monorepo/frontend/components/game/SVGConnectionLine.tsx">
        <metrics statements="19" coveredstatements="1" conditionals="6" coveredconditionals="0" methods="1" coveredmethods="0"/>
        <line num="13" count="1" type="stmt"/>
        <line num="19" count="0" type="cond" truecount="0" falsecount="4"/>
        <line num="20" count="0" type="stmt"/>
        <line num="24" count="0" type="stmt"/>
        <line num="25" count="0" type="stmt"/>
        <line num="26" count="0" type="stmt"/>
        <line num="27" count="0" type="stmt"/>
        <line num="30" count="0" type="stmt"/>
        <line num="31" count="0" type="stmt"/>
        <line num="32" count="0" type="stmt"/>
        <line num="33" count="0" type="stmt"/>
        <line num="34" count="0" type="stmt"/>
        <line num="36" count="0" type="stmt"/>
        <line num="37" count="0" type="stmt"/>
        <line num="40" count="0" type="stmt"/>
        <line num="41" count="0" type="stmt"/>
        <line num="42" count="0" type="stmt"/>
        <line num="43" count="0" type="stmt"/>
        <line num="45" count="0" type="stmt"/>
      </file>
    </package>
    <package name="constants">
      <metrics statements="22" coveredstatements="8" conditionals="6" coveredconditionals="0" methods="2" coveredmethods="0"/>
      <file name="colors.ts" path="/Volumes/MyMacDrive/compcs620/vnest-monorepo/frontend/constants/colors.ts">
        <metrics statements="22" coveredstatements="8" conditionals="6" coveredconditionals="0" methods="2" coveredmethods="0"/>
        <line num="14" count="9" type="stmt"/>
        <line num="37" count="9" type="stmt"/>
        <line num="67" count="9" type="stmt"/>
        <line num="114" count="9" type="stmt"/>
        <line num="129" count="9" type="stmt"/>
        <line num="140" count="9" type="stmt"/>
        <line num="157" count="0" type="stmt"/>
        <line num="158" count="0" type="stmt"/>
        <line num="159" count="0" type="stmt"/>
        <line num="160" count="0" type="stmt"/>
        <line num="161" count="0" type="stmt"/>
        <line num="163" count="0" type="cond" truecount="0" falsecount="2"/>
        <line num="170" count="0" type="cond" truecount="0" falsecount="2"/>
        <line num="171" count="0" type="cond" truecount="0" falsecount="2"/>
        <line num="172" count="0" type="stmt"/>
        <line num="175" count="0" type="stmt"/>
        <line num="176" count="0" type="stmt"/>
        <line num="177" count="0" type="stmt"/>
        <line num="178" count="0" type="stmt"/>
        <line num="179" count="0" type="stmt"/>
        <line num="185" count="9" type="stmt"/>
        <line num="197" count="9" type="stmt"/>
      </file>
    </package>
    <package name="controllers.realm_controllers">
      <metrics statements="4" coveredstatements="1" conditionals="0" coveredconditionals="0" methods="4" coveredmethods="1"/>
      <file name="BaseController.ts" path="/Volumes/MyMacDrive/compcs620/vnest-monorepo/frontend/controllers/realm_controllers/BaseController.ts">
        <metrics statements="4" coveredstatements="1" conditionals="0" coveredconditionals="0" methods="4" coveredmethods="1"/>
        <line num="18" count="0" type="stmt"/>
        <line num="19" count="0" type="stmt"/>
        <line num="28" count="1" type="stmt"/>
        <line num="36" count="0" type="stmt"/>
      </file>
    </package>
    <package name="hooks">
      <metrics statements="83" coveredstatements="16" conditionals="32" coveredconditionals="0" methods="16" coveredmethods="5"/>
      <file name="useCardConnections.ts" path="/Volumes/MyMacDrive/compcs620/vnest-monorepo/frontend/hooks/useCardConnections.ts">
        <metrics statements="75" coveredstatements="10" conditionals="32" coveredconditionals="0" methods="12" coveredmethods="2"/>
        <line num="19" count="6" type="stmt"/>
        <line num="20" count="6" type="stmt"/>
        <line num="21" count="6" type="stmt"/>
        <line num="24" count="6" type="stmt"/>
        <line num="29" count="0" type="cond" truecount="0" falsecount="2"/>
        <line num="30" count="0" type="stmt"/>
        <line num="34" count="0" type="stmt"/>
        <line num="35" count="0" type="stmt"/>
        <line num="45" count="0" type="stmt"/>
        <line num="46" count="0" type="stmt"/>
        <line num="47" count="0" type="stmt"/>
        <line num="53" count="0" type="stmt"/>
        <line num="58" count="6" type="stmt"/>
        <line num="62" count="0" type="stmt"/>
        <line num="63" count="0" type="stmt"/>
        <line num="65" count="0" type="stmt"/>
        <line num="66" count="0" type="stmt"/>
        <line num="67" count="0" type="stmt"/>
        <line num="69" count="0" type="cond" truecount="0" falsecount="4"/>
        <line num="70" count="0" type="stmt"/>
        <line num="71" count="0" type="stmt"/>
        <line num="75" count="0" type="stmt"/>
        <line num="81" count="0" type="stmt"/>
        <line num="82" count="0" type="stmt"/>
        <line num="83" count="0" type="stmt"/>
        <line num="85" count="0" type="stmt"/>
        <line num="88" count="0" type="stmt"/>
        <line num="89" count="0" type="stmt"/>
        <line num="95" count="0" type="stmt"/>
        <line num="96" count="0" type="stmt"/>
        <line num="97" count="0" type="stmt"/>
        <line num="98" count="0" type="stmt"/>
        <line num="104" count="0" type="cond" truecount="0" falsecount="2"/>
        <line num="106" count="0" type="cond" truecount="0" falsecount="2"/>
        <line num="108" count="0" type="stmt"/>
        <line num="109" count="0" type="stmt"/>
        <line num="112" count="0" type="stmt"/>
        <line num="113" count="0" type="stmt"/>
        <line num="117" count="0" type="cond" truecount="0" falsecount="2"/>
        <line num="119" count="0" type="stmt"/>
        <line num="120" count="0" type="stmt"/>
        <line num="123" count="0" type="stmt"/>
        <line num="124" count="0" type="stmt"/>
        <line num="132" count="0" type="cond" truecount="0" falsecount="2"/>
        <line num="134" count="0" type="cond" truecount="0" falsecount="2"/>
        <line num="136" count="0" type="stmt"/>
        <line num="137" count="0" type="stmt"/>
        <line num="140" count="0" type="stmt"/>
        <line num="141" count="0" type="stmt"/>
        <line num="145" count="0" type="cond" truecount="0" falsecount="2"/>
        <line num="147" count="0" type="stmt"/>
        <line num="148" count="0" type="stmt"/>
        <line num="151" count="0" type="stmt"/>
        <line num="152" count="0" type="stmt"/>
        <line num="156" count="0" type="stmt"/>
        <line num="161" count="0" type="stmt"/>
        <line num="166" count="0" type="stmt"/>
        <line num="172" count="0" type="stmt"/>
        <line num="183" count="0" type="stmt"/>
        <line num="190" count="0" type="stmt"/>
        <line num="192" count="0" type="stmt"/>
        <line num="194" count="0" type="stmt"/>
        <line num="195" count="0" type="cond" truecount="0" falsecount="4"/>
        <line num="198" count="0" type="stmt"/>
        <line num="201" count="0" type="stmt"/>
        <line num="206" count="6" type="stmt"/>
        <line num="207" count="0" type="stmt"/>
        <line num="208" count="0" type="stmt"/>
        <line num="209" count="0" type="cond" truecount="0" falsecount="2"/>
        <line num="215" count="6" type="stmt"/>
        <line num="216" count="6" type="stmt"/>
        <line num="220" count="6" type="stmt"/>
        <line num="224" count="0" type="cond" truecount="0" falsecount="2"/>
        <line num="225" count="0" type="cond" truecount="0" falsecount="4"/>
        <line num="230" count="6" type="stmt"/>
      </file>
      <file name="useResponsiveLayout.ts" path="/Volumes/MyMacDrive/compcs620/vnest-monorepo/frontend/hooks/useResponsiveLayout.ts">
        <metrics statements="8" coveredstatements="6" conditionals="0" coveredconditionals="0" methods="4" coveredmethods="3"/>
        <line num="17" count="15" type="stmt"/>
        <line num="18" count="15" type="stmt"/>
        <line num="20" count="15" type="stmt"/>
        <line num="21" count="15" type="stmt"/>
        <line num="22" count="0" type="stmt"/>
        <line num="23" count="0" type="stmt"/>
        <line num="26" count="15" type="stmt"/>
        <line num="29" count="15" type="stmt"/>
      </file>
    </package>
    <package name="utils">
      <metrics statements="43" coveredstatements="36" conditionals="50" coveredconditionals="22" methods="11" coveredmethods="8"/>
      <file name="responsive.ts" path="/Volumes/MyMacDrive/compcs620/vnest-monorepo/frontend/utils/responsive.ts">
        <metrics statements="43" coveredstatements="36" conditionals="50" coveredconditionals="22" methods="11" coveredmethods="8"/>
        <line num="4" count="5" type="stmt"/>
        <line num="7" count="5" type="stmt"/>
        <line num="14" count="5" type="stmt"/>
        <line num="15" count="51" type="cond" truecount="1" falsecount="1"/>
        <line num="16" count="51" type="cond" truecount="1" falsecount="1"/>
        <line num="17" count="0" type="stmt"/>
        <line num="21" count="5" type="stmt"/>
        <line num="22" count="5" type="stmt"/>
        <line num="23" count="16" type="stmt"/>
        <line num="26" count="5" type="stmt"/>
        <line num="27" count="5" type="stmt"/>
        <line num="28" count="5" type="stmt"/>
        <line num="31" count="5" type="stmt"/>
        <line num="32" count="66" type="stmt"/>
        <line num="35" count="5" type="stmt"/>
        <line num="36" count="43" type="stmt"/>
        <line num="40" count="5" type="stmt"/>
        <line num="42" count="83" type="cond" truecount="2" falsecount="2"/>
        <line num="43" count="0" type="stmt"/>
        <line num="46" count="83" type="stmt"/>
        <line num="47" count="83" type="stmt"/>
        <line num="50" count="83" type="stmt"/>
        <line num="51" count="83" type="cond" truecount="1" falsecount="1"/>
        <line num="53" count="83" type="stmt"/>
        <line num="57" count="5" type="stmt"/>
        <line num="67" count="5" type="stmt"/>
        <line num="68" count="29" type="stmt"/>
        <line num="70" count="29" type="cond" truecount="1" falsecount="2"/>
        <line num="72" count="0" type="stmt"/>
        <line num="78" count="29" type="stmt"/>
        <line num="84" count="0" type="stmt"/>
        <line num="93" count="5" type="stmt"/>
        <line num="94" count="7" type="stmt"/>
        <line num="96" count="7" type="cond" truecount="1" falsecount="2"/>
        <line num="98" count="0" type="stmt"/>
        <line num="105" count="7" type="stmt"/>
        <line num="112" count="0" type="stmt"/>
        <line num="122" count="5" type="stmt"/>
        <line num="123" count="15" type="stmt"/>
        <line num="125" count="15" type="stmt"/>
        <line num="136" count="5" type="stmt"/>
        <line num="137" count="0" type="stmt"/>
        <line num="152" count="5" type="stmt"/>
      </file>
    </package>
  </project>
</coverage>
