{"/Volumes/MyMacDrive/compcs620/vnest-monorepo/frontend/config.js": {"path":"/Volumes/MyMacDrive/compcs620/vnest-monorepo/frontend/config.js","statementMap":{"0":{"start":{"line":1,"column":23},"end":{"line":1,"column":46}}},"fnMap":{},"branchMap":{},"s":{"0":5},"f":{},"b":{},"_coverageSchema":"1a1c01bbd47fc00a2c39e90264f33305004495a9","hash":"bfa9673558b831ad3dde210f33734a707ff851b3"}
,"/Volumes/MyMacDrive/compcs620/vnest-monorepo/frontend/app/play.tsx": {"path":"/Volumes/MyMacDrive/compcs620/vnest-monorepo/frontend/app/play.tsx","statementMap":{"0":{"start":{"line":40,"column":17},"end":{"line":40,"column":28}},"1":{"start":{"line":41,"column":17},"end":{"line":41,"column":38}},"2":{"start":{"line":42,"column":19},"end":{"line":42,"column":38}},"3":{"start":{"line":43,"column":39},"end":{"line":43,"column":49}},"4":{"start":{"line":44,"column":17},"end":{"line":44,"column":58}},"5":{"start":{"line":54,"column":6},"end":{"line":54,"column":27}},"6":{"start":{"line":55,"column":34},"end":{"line":55,"column":63}},"7":{"start":{"line":56,"column":42},"end":{"line":56,"column":102}},"8":{"start":{"line":57,"column":42},"end":{"line":57,"column":57}},"9":{"start":{"line":58,"column":42},"end":{"line":58,"column":61}},"10":{"start":{"line":59,"column":56},"end":{"line":59,"column":75}},"11":{"start":{"line":61,"column":28},"end":{"line":61,"column":48}},"12":{"start":{"line":62,"column":34},"end":{"line":62,"column":55}},"13":{"start":{"line":63,"column":32},"end":{"line":63,"column":55}},"14":{"start":{"line":66,"column":2},"end":{"line":69,"column":20}},"15":{"start":{"line":67,"column":4},"end":{"line":67,"column":56}},"16":{"start":{"line":68,"column":4},"end":{"line":68,"column":18}},"17":{"start":{"line":72,"column":2},"end":{"line":83,"column":17}},"18":{"start":{"line":73,"column":4},"end":{"line":82,"column":5}},"19":{"start":{"line":74,"column":6},"end":{"line":74,"column":134}},"20":{"start":{"line":75,"column":6},"end":{"line":75,"column":39}},"21":{"start":{"line":76,"column":6},"end":{"line":76,"column":37}},"22":{"start":{"line":77,"column":6},"end":{"line":77,"column":35}},"23":{"start":{"line":79,"column":6},"end":{"line":81,"column":7}},"24":{"start":{"line":80,"column":8},"end":{"line":80,"column":54}},"25":{"start":{"line":86,"column":2},"end":{"line":89,"column":21}},"26":{"start":{"line":87,"column":4},"end":{"line":87,"column":24}},"27":{"start":{"line":88,"column":4},"end":{"line":88,"column":22}},"28":{"start":{"line":93,"column":25},"end":{"line":101,"column":3}},"29":{"start":{"line":94,"column":4},"end":{"line":100,"column":5}},"30":{"start":{"line":95,"column":6},"end":{"line":95,"column":23}},"31":{"start":{"line":96,"column":6},"end":{"line":96,"column":26}},"32":{"start":{"line":97,"column":6},"end":{"line":97,"column":24}},"33":{"start":{"line":99,"column":6},"end":{"line":99,"column":51}},"34":{"start":{"line":104,"column":24},"end":{"line":142,"column":3}},"35":{"start":{"line":105,"column":4},"end":{"line":105,"column":26}},"36":{"start":{"line":105,"column":19},"end":{"line":105,"column":26}},"37":{"start":{"line":106,"column":22},"end":{"line":106,"column":86}},"38":{"start":{"line":107,"column":4},"end":{"line":141,"column":5}},"39":{"start":{"line":108,"column":30},"end":{"line":108,"column":95}},"40":{"start":{"line":109,"column":6},"end":{"line":109,"column":39}},"41":{"start":{"line":110,"column":6},"end":{"line":110,"column":29}},"42":{"start":{"line":113,"column":32},"end":{"line":113,"column":74}},"43":{"start":{"line":115,"column":6},"end":{"line":137,"column":7}},"44":{"start":{"line":117,"column":34},"end":{"line":117,"column":57}},"45":{"start":{"line":118,"column":8},"end":{"line":118,"column":50}},"46":{"start":{"line":121,"column":32},"end":{"line":121,"column":59}},"47":{"start":{"line":122,"column":34},"end":{"line":122,"column":70}},"48":{"start":{"line":125,"column":8},"end":{"line":133,"column":17}},"49":{"start":{"line":126,"column":10},"end":{"line":132,"column":11}},"50":{"start":{"line":127,"column":12},"end":{"line":127,"column":34}},"51":{"start":{"line":129,"column":12},"end":{"line":129,"column":23}},"52":{"start":{"line":130,"column":12},"end":{"line":130,"column":32}},"53":{"start":{"line":131,"column":12},"end":{"line":131,"column":30}},"54":{"start":{"line":136,"column":8},"end":{"line":136,"column":50}},"55":{"start":{"line":136,"column":25},"end":{"line":136,"column":42}},"56":{"start":{"line":139,"column":6},"end":{"line":139,"column":29}},"57":{"start":{"line":140,"column":6},"end":{"line":140,"column":48}},"58":{"start":{"line":140,"column":23},"end":{"line":140,"column":40}},"59":{"start":{"line":144,"column":23},"end":{"line":151,"column":3}},"60":{"start":{"line":145,"column":4},"end":{"line":145,"column":24}},"61":{"start":{"line":146,"column":4},"end":{"line":146,"column":22}},"62":{"start":{"line":147,"column":4},"end":{"line":147,"column":27}},"63":{"start":{"line":148,"column":4},"end":{"line":148,"column":30}},"64":{"start":{"line":150,"column":4},"end":{"line":150,"column":38}},"65":{"start":{"line":153,"column":24},"end":{"line":176,"column":3}},"66":{"start":{"line":154,"column":4},"end":{"line":175,"column":5}},"67":{"start":{"line":155,"column":24},"end":{"line":155,"column":40}},"68":{"start":{"line":158,"column":6},"end":{"line":158,"column":32}},"69":{"start":{"line":161,"column":6},"end":{"line":172,"column":7}},"70":{"start":{"line":162,"column":8},"end":{"line":162,"column":39}},"71":{"start":{"line":163,"column":8},"end":{"line":163,"column":35}},"72":{"start":{"line":164,"column":8},"end":{"line":164,"column":28}},"73":{"start":{"line":165,"column":8},"end":{"line":165,"column":26}},"74":{"start":{"line":166,"column":8},"end":{"line":166,"column":31}},"75":{"start":{"line":168,"column":8},"end":{"line":168,"column":28}},"76":{"start":{"line":171,"column":8},"end":{"line":171,"column":33}},"77":{"start":{"line":174,"column":6},"end":{"line":174,"column":55}},"78":{"start":{"line":179,"column":2},"end":{"line":186,"column":3}},"79":{"start":{"line":180,"column":4},"end":{"line":185,"column":6}},"80":{"start":{"line":188,"column":2},"end":{"line":199,"column":3}},"81":{"start":{"line":189,"column":4},"end":{"line":198,"column":6}},"82":{"start":{"line":201,"column":22},"end":{"line":201,"column":30}},"83":{"start":{"line":203,"column":2},"end":{"line":237,"column":4}},"84":{"start":{"line":240,"column":15},"end":{"line":249,"column":2}}},"fnMap":{"0":{"name":"PlayScreen","decl":{"start":{"line":39,"column":24},"end":{"line":39,"column":34}},"loc":{"start":{"line":39,"column":37},"end":{"line":238,"column":1}},"line":39},"1":{"name":"(anonymous_1)","decl":{"start":{"line":66,"column":12},"end":{"line":66,"column":13}},"loc":{"start":{"line":66,"column":18},"end":{"line":69,"column":3}},"line":66},"2":{"name":"(anonymous_2)","decl":{"start":{"line":72,"column":12},"end":{"line":72,"column":13}},"loc":{"start":{"line":72,"column":18},"end":{"line":83,"column":3}},"line":72},"3":{"name":"(anonymous_3)","decl":{"start":{"line":86,"column":12},"end":{"line":86,"column":13}},"loc":{"start":{"line":86,"column":18},"end":{"line":89,"column":3}},"line":86},"4":{"name":"(anonymous_4)","decl":{"start":{"line":93,"column":25},"end":{"line":93,"column":26}},"loc":{"start":{"line":93,"column":37},"end":{"line":101,"column":3}},"line":93},"5":{"name":"(anonymous_5)","decl":{"start":{"line":104,"column":24},"end":{"line":104,"column":25}},"loc":{"start":{"line":104,"column":67},"end":{"line":142,"column":3}},"line":104},"6":{"name":"(anonymous_6)","decl":{"start":{"line":125,"column":19},"end":{"line":125,"column":20}},"loc":{"start":{"line":125,"column":25},"end":{"line":133,"column":9}},"line":125},"7":{"name":"(anonymous_7)","decl":{"start":{"line":136,"column":19},"end":{"line":136,"column":20}},"loc":{"start":{"line":136,"column":25},"end":{"line":136,"column":42}},"line":136},"8":{"name":"(anonymous_8)","decl":{"start":{"line":140,"column":17},"end":{"line":140,"column":18}},"loc":{"start":{"line":140,"column":23},"end":{"line":140,"column":40}},"line":140},"9":{"name":"(anonymous_9)","decl":{"start":{"line":144,"column":23},"end":{"line":144,"column":24}},"loc":{"start":{"line":144,"column":35},"end":{"line":151,"column":3}},"line":144},"10":{"name":"(anonymous_10)","decl":{"start":{"line":153,"column":24},"end":{"line":153,"column":25}},"loc":{"start":{"line":153,"column":36},"end":{"line":176,"column":3}},"line":153}},"branchMap":{"0":{"loc":{"start":{"line":73,"column":4},"end":{"line":82,"column":5}},"type":"if","locations":[{"start":{"line":73,"column":4},"end":{"line":82,"column":5}},{"start":{},"end":{}}],"line":73},"1":{"loc":{"start":{"line":73,"column":8},"end":{"line":73,"column":40}},"type":"binary-expr","locations":[{"start":{"line":73,"column":8},"end":{"line":73,"column":16}},{"start":{"line":73,"column":20},"end":{"line":73,"column":40}}],"line":73},"2":{"loc":{"start":{"line":79,"column":6},"end":{"line":81,"column":7}},"type":"if","locations":[{"start":{"line":79,"column":6},"end":{"line":81,"column":7}},{"start":{},"end":{}}],"line":79},"3":{"loc":{"start":{"line":105,"column":4},"end":{"line":105,"column":26}},"type":"if","locations":[{"start":{"line":105,"column":4},"end":{"line":105,"column":26}},{"start":{},"end":{}}],"line":105},"4":{"loc":{"start":{"line":107,"column":4},"end":{"line":141,"column":5}},"type":"if","locations":[{"start":{"line":107,"column":4},"end":{"line":141,"column":5}},{"start":{"line":138,"column":11},"end":{"line":141,"column":5}}],"line":107},"5":{"loc":{"start":{"line":115,"column":6},"end":{"line":137,"column":7}},"type":"if","locations":[{"start":{"line":115,"column":6},"end":{"line":137,"column":7}},{"start":{"line":134,"column":13},"end":{"line":137,"column":7}}],"line":115},"6":{"loc":{"start":{"line":121,"column":32},"end":{"line":121,"column":59}},"type":"binary-expr","locations":[{"start":{"line":121,"column":32},"end":{"line":121,"column":54}},{"start":{"line":121,"column":58},"end":{"line":121,"column":59}}],"line":121},"7":{"loc":{"start":{"line":126,"column":10},"end":{"line":132,"column":11}},"type":"if","locations":[{"start":{"line":126,"column":10},"end":{"line":132,"column":11}},{"start":{"line":128,"column":17},"end":{"line":132,"column":11}}],"line":126},"8":{"loc":{"start":{"line":161,"column":6},"end":{"line":172,"column":7}},"type":"if","locations":[{"start":{"line":161,"column":6},"end":{"line":172,"column":7}},{"start":{"line":169,"column":13},"end":{"line":172,"column":7}}],"line":161},"9":{"loc":{"start":{"line":179,"column":2},"end":{"line":186,"column":3}},"type":"if","locations":[{"start":{"line":179,"column":2},"end":{"line":186,"column":3}},{"start":{},"end":{}}],"line":179},"10":{"loc":{"start":{"line":188,"column":2},"end":{"line":199,"column":3}},"type":"if","locations":[{"start":{"line":188,"column":2},"end":{"line":199,"column":3}},{"start":{},"end":{}}],"line":188},"11":{"loc":{"start":{"line":188,"column":6},"end":{"line":188,"column":24}},"type":"binary-expr","locations":[{"start":{"line":188,"column":6},"end":{"line":188,"column":11}},{"start":{"line":188,"column":15},"end":{"line":188,"column":24}}],"line":188},"12":{"loc":{"start":{"line":209,"column":8},"end":{"line":209,"column":49}},"type":"binary-expr","locations":[{"start":{"line":209,"column":8},"end":{"line":209,"column":23}},{"start":{"line":209,"column":27},"end":{"line":209,"column":49}}],"line":209},"13":{"loc":{"start":{"line":215,"column":9},"end":{"line":234,"column":9}},"type":"cond-expr","locations":[{"start":{"line":216,"column":10},"end":{"line":223,"column":12}},{"start":{"line":225,"column":10},"end":{"line":233,"column":12}}],"line":215},"14":{"loc":{"start":{"line":220,"column":29},"end":{"line":220,"column":56}},"type":"binary-expr","locations":[{"start":{"line":220,"column":29},"end":{"line":220,"column":51}},{"start":{"line":220,"column":55},"end":{"line":220,"column":56}}],"line":220}},"s":{"0":44,"1":44,"2":44,"3":44,"4":44,"5":44,"6":44,"7":44,"8":44,"9":44,"10":44,"11":44,"12":44,"13":44,"14":44,"15":14,"16":14,"17":44,"18":15,"19":11,"20":11,"21":11,"22":11,"23":11,"24":11,"25":44,"26":25,"27":25,"28":44,"29":0,"30":0,"31":0,"32":0,"33":0,"34":44,"35":4,"36":0,"37":4,"38":4,"39":2,"40":2,"41":2,"42":2,"43":2,"44":0,"45":0,"46":0,"47":0,"48":0,"49":0,"50":0,"51":0,"52":0,"53":0,"54":2,"55":0,"56":2,"57":2,"58":0,"59":44,"60":0,"61":0,"62":0,"63":0,"64":0,"65":44,"66":0,"67":0,"68":0,"69":0,"70":0,"71":0,"72":0,"73":0,"74":0,"75":0,"76":0,"77":0,"78":44,"79":1,"80":43,"81":4,"82":39,"83":39,"84":1},"f":{"0":44,"1":14,"2":15,"3":25,"4":0,"5":4,"6":0,"7":0,"8":0,"9":0,"10":0},"b":{"0":[11,4],"1":[15,12],"2":[11,0],"3":[0,4],"4":[2,2],"5":[0,2],"6":[0,0],"7":[0,0],"8":[0,0],"9":[1,43],"10":[4,39],"11":[43,39],"12":[39,0],"13":[0,39],"14":[0,0]},"_coverageSchema":"1a1c01bbd47fc00a2c39e90264f33305004495a9","hash":"560e23938154be0b1127fcd650b9630b38b1e50f"}
,"/Volumes/MyMacDrive/compcs620/vnest-monorepo/frontend/app/(tabs)/settings.tsx": {"path":"/Volumes/MyMacDrive/compcs620/vnest-monorepo/frontend/app/(tabs)/settings.tsx","statementMap":{"0":{"start":{"line":10,"column":16},"end":{"line":15,"column":1}},"1":{"start":{"line":20,"column":34},"end":{"line":20,"column":46}},"2":{"start":{"line":21,"column":84},"end":{"line":21,"column":94}},"3":{"start":{"line":22,"column":17},"end":{"line":22,"column":38}},"4":{"start":{"line":23,"column":17},"end":{"line":23,"column":28}},"5":{"start":{"line":26,"column":17},"end":{"line":26,"column":58}},"6":{"start":{"line":28,"column":24},"end":{"line":28,"column":26}},"7":{"start":{"line":29,"column":24},"end":{"line":29,"column":26}},"8":{"start":{"line":30,"column":20},"end":{"line":30,"column":21}},"9":{"start":{"line":33,"column":23},"end":{"line":38,"column":3}},"10":{"start":{"line":40,"column":27},"end":{"line":42,"column":3}},"11":{"start":{"line":41,"column":4},"end":{"line":41,"column":67}},"12":{"start":{"line":41,"column":24},"end":{"line":41,"column":65}},"13":{"start":{"line":44,"column":27},"end":{"line":46,"column":3}},"14":{"start":{"line":45,"column":4},"end":{"line":45,"column":67}},"15":{"start":{"line":45,"column":24},"end":{"line":45,"column":65}},"16":{"start":{"line":48,"column":23},"end":{"line":50,"column":3}},"17":{"start":{"line":49,"column":4},"end":{"line":49,"column":23}},"18":{"start":{"line":52,"column":25},"end":{"line":54,"column":3}},"19":{"start":{"line":53,"column":4},"end":{"line":53,"column":25}},"20":{"start":{"line":56,"column":2},"end":{"line":301,"column":4}},"21":{"start":{"line":67,"column":25},"end":{"line":67,"column":38}},"22":{"start":{"line":208,"column":27},"end":{"line":208,"column":48}},"23":{"start":{"line":235,"column":27},"end":{"line":235,"column":47}},"24":{"start":{"line":304,"column":15},"end":{"line":577,"column":2}}},"fnMap":{"0":{"name":"SettingsScreen","decl":{"start":{"line":19,"column":24},"end":{"line":19,"column":38}},"loc":{"start":{"line":19,"column":41},"end":{"line":302,"column":1}},"line":19},"1":{"name":"(anonymous_1)","decl":{"start":{"line":40,"column":27},"end":{"line":40,"column":28}},"loc":{"start":{"line":40,"column":33},"end":{"line":42,"column":3}},"line":40},"2":{"name":"(anonymous_2)","decl":{"start":{"line":41,"column":16},"end":{"line":41,"column":17}},"loc":{"start":{"line":41,"column":24},"end":{"line":41,"column":65}},"line":41},"3":{"name":"(anonymous_3)","decl":{"start":{"line":44,"column":27},"end":{"line":44,"column":28}},"loc":{"start":{"line":44,"column":33},"end":{"line":46,"column":3}},"line":44},"4":{"name":"(anonymous_4)","decl":{"start":{"line":45,"column":16},"end":{"line":45,"column":17}},"loc":{"start":{"line":45,"column":24},"end":{"line":45,"column":65}},"line":45},"5":{"name":"(anonymous_5)","decl":{"start":{"line":48,"column":23},"end":{"line":48,"column":24}},"loc":{"start":{"line":48,"column":42},"end":{"line":50,"column":3}},"line":48},"6":{"name":"(anonymous_6)","decl":{"start":{"line":52,"column":25},"end":{"line":52,"column":26}},"loc":{"start":{"line":52,"column":31},"end":{"line":54,"column":3}},"line":52},"7":{"name":"(anonymous_7)","decl":{"start":{"line":67,"column":19},"end":{"line":67,"column":20}},"loc":{"start":{"line":67,"column":25},"end":{"line":67,"column":38}},"line":67},"8":{"name":"(anonymous_8)","decl":{"start":{"line":208,"column":21},"end":{"line":208,"column":22}},"loc":{"start":{"line":208,"column":27},"end":{"line":208,"column":48}},"line":208},"9":{"name":"(anonymous_9)","decl":{"start":{"line":235,"column":21},"end":{"line":235,"column":22}},"loc":{"start":{"line":235,"column":27},"end":{"line":235,"column":47}},"line":235}},"branchMap":{"0":{"loc":{"start":{"line":61,"column":8},"end":{"line":61,"column":49}},"type":"binary-expr","locations":[{"start":{"line":61,"column":8},"end":{"line":61,"column":23}},{"start":{"line":61,"column":27},"end":{"line":61,"column":49}}],"line":61},"1":{"loc":{"start":{"line":77,"column":20},"end":{"line":77,"column":84}},"type":"cond-expr","locations":[{"start":{"line":77,"column":34},"end":{"line":77,"column":36}},{"start":{"line":77,"column":39},"end":{"line":77,"column":84}}],"line":77},"2":{"loc":{"start":{"line":77,"column":58},"end":{"line":77,"column":83}},"type":"cond-expr","locations":[{"start":{"line":77,"column":76},"end":{"line":77,"column":78}},{"start":{"line":77,"column":81},"end":{"line":77,"column":83}}],"line":77},"3":{"loc":{"start":{"line":194,"column":22},"end":{"line":194,"column":86}},"type":"cond-expr","locations":[{"start":{"line":194,"column":36},"end":{"line":194,"column":38}},{"start":{"line":194,"column":41},"end":{"line":194,"column":86}}],"line":194},"4":{"loc":{"start":{"line":194,"column":60},"end":{"line":194,"column":85}},"type":"cond-expr","locations":[{"start":{"line":194,"column":78},"end":{"line":194,"column":80}},{"start":{"line":194,"column":83},"end":{"line":194,"column":85}}],"line":194},"5":{"loc":{"start":{"line":204,"column":33},"end":{"line":204,"column":79}},"type":"cond-expr","locations":[{"start":{"line":204,"column":46},"end":{"line":204,"column":67}},{"start":{"line":204,"column":70},"end":{"line":204,"column":79}}],"line":204},"6":{"loc":{"start":{"line":205,"column":14},"end":{"line":205,"column":63}},"type":"binary-expr","locations":[{"start":{"line":205,"column":14},"end":{"line":205,"column":35}},{"start":{"line":205,"column":39},"end":{"line":205,"column":63}}],"line":205},"7":{"loc":{"start":{"line":206,"column":14},"end":{"line":206,"column":70}},"type":"binary-expr","locations":[{"start":{"line":206,"column":14},"end":{"line":206,"column":35}},{"start":{"line":206,"column":39},"end":{"line":206,"column":70}}],"line":206},"8":{"loc":{"start":{"line":217,"column":21},"end":{"line":217,"column":78}},"type":"cond-expr","locations":[{"start":{"line":217,"column":45},"end":{"line":217,"column":59}},{"start":{"line":217,"column":62},"end":{"line":217,"column":78}}],"line":217},"9":{"loc":{"start":{"line":222,"column":14},"end":{"line":222,"column":84}},"type":"binary-expr","locations":[{"start":{"line":222,"column":14},"end":{"line":222,"column":35}},{"start":{"line":222,"column":39},"end":{"line":222,"column":84}}],"line":222},"10":{"loc":{"start":{"line":231,"column":33},"end":{"line":231,"column":79}},"type":"cond-expr","locations":[{"start":{"line":231,"column":46},"end":{"line":231,"column":67}},{"start":{"line":231,"column":70},"end":{"line":231,"column":79}}],"line":231},"11":{"loc":{"start":{"line":232,"column":14},"end":{"line":232,"column":62}},"type":"binary-expr","locations":[{"start":{"line":232,"column":14},"end":{"line":232,"column":34}},{"start":{"line":232,"column":38},"end":{"line":232,"column":62}}],"line":232},"12":{"loc":{"start":{"line":233,"column":14},"end":{"line":233,"column":69}},"type":"binary-expr","locations":[{"start":{"line":233,"column":14},"end":{"line":233,"column":34}},{"start":{"line":233,"column":38},"end":{"line":233,"column":69}}],"line":233},"13":{"loc":{"start":{"line":244,"column":21},"end":{"line":244,"column":77}},"type":"cond-expr","locations":[{"start":{"line":244,"column":44},"end":{"line":244,"column":58}},{"start":{"line":244,"column":61},"end":{"line":244,"column":77}}],"line":244},"14":{"loc":{"start":{"line":249,"column":14},"end":{"line":249,"column":83}},"type":"binary-expr","locations":[{"start":{"line":249,"column":14},"end":{"line":249,"column":34}},{"start":{"line":249,"column":38},"end":{"line":249,"column":83}}],"line":249},"15":{"loc":{"start":{"line":257,"column":9},"end":{"line":264,"column":9}},"type":"binary-expr","locations":[{"start":{"line":257,"column":9},"end":{"line":257,"column":31}},{"start":{"line":258,"column":10},"end":{"line":263,"column":17}}],"line":257},"16":{"loc":{"start":{"line":272,"column":22},"end":{"line":272,"column":86}},"type":"cond-expr","locations":[{"start":{"line":272,"column":36},"end":{"line":272,"column":38}},{"start":{"line":272,"column":41},"end":{"line":272,"column":86}}],"line":272},"17":{"loc":{"start":{"line":272,"column":60},"end":{"line":272,"column":85}},"type":"cond-expr","locations":[{"start":{"line":272,"column":78},"end":{"line":272,"column":80}},{"start":{"line":272,"column":83},"end":{"line":272,"column":85}}],"line":272},"18":{"loc":{"start":{"line":280,"column":31},"end":{"line":280,"column":77}},"type":"cond-expr","locations":[{"start":{"line":280,"column":44},"end":{"line":280,"column":65}},{"start":{"line":280,"column":68},"end":{"line":280,"column":77}}],"line":280},"19":{"loc":{"start":{"line":281,"column":12},"end":{"line":281,"column":53}},"type":"binary-expr","locations":[{"start":{"line":281,"column":12},"end":{"line":281,"column":24}},{"start":{"line":281,"column":28},"end":{"line":281,"column":53}}],"line":281},"20":{"loc":{"start":{"line":282,"column":12},"end":{"line":282,"column":97}},"type":"binary-expr","locations":[{"start":{"line":282,"column":12},"end":{"line":282,"column":24}},{"start":{"line":282,"column":28},"end":{"line":282,"column":97}}],"line":282},"21":{"loc":{"start":{"line":286,"column":30},"end":{"line":286,"column":113}},"type":"cond-expr","locations":[{"start":{"line":286,"column":45},"end":{"line":286,"column":79}},{"start":{"line":286,"column":82},"end":{"line":286,"column":113}}],"line":286},"22":{"loc":{"start":{"line":293,"column":12},"end":{"line":293,"column":50}},"type":"binary-expr","locations":[{"start":{"line":293,"column":12},"end":{"line":293,"column":24}},{"start":{"line":293,"column":28},"end":{"line":293,"column":50}}],"line":293},"23":{"loc":{"start":{"line":294,"column":24},"end":{"line":294,"column":88}},"type":"cond-expr","locations":[{"start":{"line":294,"column":38},"end":{"line":294,"column":40}},{"start":{"line":294,"column":43},"end":{"line":294,"column":88}}],"line":294},"24":{"loc":{"start":{"line":294,"column":62},"end":{"line":294,"column":87}},"type":"cond-expr","locations":[{"start":{"line":294,"column":80},"end":{"line":294,"column":82}},{"start":{"line":294,"column":85},"end":{"line":294,"column":87}}],"line":294},"25":{"loc":{"start":{"line":296,"column":13},"end":{"line":296,"column":81}},"type":"cond-expr","locations":[{"start":{"line":296,"column":28},"end":{"line":296,"column":55}},{"start":{"line":296,"column":58},"end":{"line":296,"column":81}}],"line":296}},"s":{"0":1,"1":1,"2":1,"3":1,"4":1,"5":1,"6":1,"7":1,"8":1,"9":1,"10":1,"11":0,"12":0,"13":1,"14":0,"15":0,"16":1,"17":0,"18":1,"19":0,"20":1,"21":0,"22":0,"23":0,"24":1},"f":{"0":1,"1":0,"2":0,"3":0,"4":0,"5":0,"6":0,"7":0,"8":0,"9":0},"b":{"0":[1,0],"1":[0,1],"2":[0,1],"3":[0,1],"4":[0,1],"5":[0,1],"6":[1,0],"7":[1,0],"8":[0,1],"9":[1,0],"10":[0,1],"11":[1,0],"12":[1,0],"13":[0,1],"14":[1,0],"15":[1,1],"16":[0,1],"17":[0,1],"18":[0,1],"19":[1,0],"20":[1,0],"21":[0,1],"22":[1,0],"23":[0,1],"24":[0,1],"25":[0,1]},"_coverageSchema":"1a1c01bbd47fc00a2c39e90264f33305004495a9","hash":"8213b2bce8a1147b40258448993c949764f8ebdc"}
,"/Volumes/MyMacDrive/compcs620/vnest-monorepo/frontend/components/game/CongratsView.tsx": {"path":"/Volumes/MyMacDrive/compcs620/vnest-monorepo/frontend/components/game/CongratsView.tsx","statementMap":{"0":{"start":{"line":22,"column":39},"end":{"line":22,"column":49}},"1":{"start":{"line":23,"column":17},"end":{"line":23,"column":58}},"2":{"start":{"line":25,"column":2},"end":{"line":59,"column":4}},"3":{"start":{"line":62,"column":15},"end":{"line":141,"column":2}}},"fnMap":{"0":{"name":"CongratsView","decl":{"start":{"line":14,"column":16},"end":{"line":14,"column":28}},"loc":{"start":{"line":21,"column":22},"end":{"line":60,"column":1}},"line":21}},"branchMap":{"0":{"loc":{"start":{"line":36,"column":9},"end":{"line":40,"column":9}},"type":"binary-expr","locations":[{"start":{"line":36,"column":9},"end":{"line":36,"column":25}},{"start":{"line":37,"column":10},"end":{"line":39,"column":17}}],"line":36},"1":{"loc":{"start":{"line":48,"column":58},"end":{"line":48,"column":100}},"type":"cond-expr","locations":[{"start":{"line":48,"column":71},"end":{"line":48,"column":88}},{"start":{"line":48,"column":91},"end":{"line":48,"column":100}}],"line":48}},"s":{"0":3,"1":3,"2":3,"3":2},"f":{"0":3},"b":{"0":[3,3],"1":[0,3]},"_coverageSchema":"1a1c01bbd47fc00a2c39e90264f33305004495a9","hash":"665a82d586fe6dd145030e0d85f4ccf05d400b21"}
,"/Volumes/MyMacDrive/compcs620/vnest-monorepo/frontend/components/game/ErrorView.tsx": {"path":"/Volumes/MyMacDrive/compcs620/vnest-monorepo/frontend/components/game/ErrorView.tsx","statementMap":{"0":{"start":{"line":12,"column":39},"end":{"line":12,"column":49}},"1":{"start":{"line":13,"column":17},"end":{"line":13,"column":58}},"2":{"start":{"line":15,"column":2},"end":{"line":30,"column":4}},"3":{"start":{"line":33,"column":15},"end":{"line":54,"column":2}}},"fnMap":{"0":{"name":"ErrorView","decl":{"start":{"line":11,"column":16},"end":{"line":11,"column":25}},"loc":{"start":{"line":11,"column":77},"end":{"line":31,"column":1}},"line":11}},"branchMap":{"0":{"loc":{"start":{"line":18,"column":16},"end":{"line":18,"column":51}},"type":"binary-expr","locations":[{"start":{"line":18,"column":16},"end":{"line":18,"column":21}},{"start":{"line":18,"column":25},"end":{"line":18,"column":51}}],"line":18}},"s":{"0":8,"1":8,"2":8,"3":2},"f":{"0":8},"b":{"0":[8,1]},"_coverageSchema":"1a1c01bbd47fc00a2c39e90264f33305004495a9","hash":"b3c6a327b701d7b902651adae287593fc254b1c3"}
,"/Volumes/MyMacDrive/compcs620/vnest-monorepo/frontend/components/game/GameCard.tsx": {"path":"/Volumes/MyMacDrive/compcs620/vnest-monorepo/frontend/components/game/GameCard.tsx","statementMap":{"0":{"start":{"line":28,"column":39},"end":{"line":28,"column":49}},"1":{"start":{"line":29,"column":17},"end":{"line":29,"column":58}},"2":{"start":{"line":30,"column":17},"end":{"line":30,"column":35}},"3":{"start":{"line":31,"column":25},"end":{"line":31,"column":79}},"4":{"start":{"line":32,"column":18},"end":{"line":32,"column":35}},"5":{"start":{"line":35,"column":20},"end":{"line":35,"column":57}},"6":{"start":{"line":37,"column":23},"end":{"line":60,"column":3}},"7":{"start":{"line":38,"column":4},"end":{"line":59,"column":5}},"8":{"start":{"line":40,"column":6},"end":{"line":58,"column":9}},"9":{"start":{"line":41,"column":8},"end":{"line":57,"column":9}},"10":{"start":{"line":42,"column":10},"end":{"line":56,"column":12}},"11":{"start":{"line":53,"column":14},"end":{"line":53,"column":56}},"12":{"start":{"line":55,"column":28},"end":{"line":55,"column":74}},"13":{"start":{"line":62,"column":2},"end":{"line":80,"column":30}},"14":{"start":{"line":63,"column":4},"end":{"line":79,"column":5}},"15":{"start":{"line":64,"column":6},"end":{"line":71,"column":17}},"16":{"start":{"line":73,"column":6},"end":{"line":78,"column":17}},"17":{"start":{"line":83,"column":29},"end":{"line":85,"column":7}},"18":{"start":{"line":87,"column":2},"end":{"line":125,"column":4}},"19":{"start":{"line":128,"column":15},"end":{"line":160,"column":2}}},"fnMap":{"0":{"name":"GameCard","decl":{"start":{"line":18,"column":16},"end":{"line":18,"column":24}},"loc":{"start":{"line":27,"column":18},"end":{"line":126,"column":1}},"line":27},"1":{"name":"(anonymous_1)","decl":{"start":{"line":37,"column":23},"end":{"line":37,"column":24}},"loc":{"start":{"line":37,"column":39},"end":{"line":60,"column":3}},"line":37},"2":{"name":"(anonymous_2)","decl":{"start":{"line":40,"column":28},"end":{"line":40,"column":29}},"loc":{"start":{"line":40,"column":34},"end":{"line":58,"column":7}},"line":40},"3":{"name":"(anonymous_3)","decl":{"start":{"line":44,"column":12},"end":{"line":44,"column":13}},"loc":{"start":{"line":44,"column":69},"end":{"line":54,"column":13}},"line":44},"4":{"name":"(anonymous_4)","decl":{"start":{"line":55,"column":12},"end":{"line":55,"column":13}},"loc":{"start":{"line":55,"column":28},"end":{"line":55,"column":74}},"line":55},"5":{"name":"(anonymous_5)","decl":{"start":{"line":62,"column":12},"end":{"line":62,"column":13}},"loc":{"start":{"line":62,"column":18},"end":{"line":80,"column":3}},"line":62}},"branchMap":{"0":{"loc":{"start":{"line":20,"column":2},"end":{"line":20,"column":20}},"type":"default-arg","locations":[{"start":{"line":20,"column":15},"end":{"line":20,"column":20}}],"line":20},"1":{"loc":{"start":{"line":22,"column":2},"end":{"line":22,"column":21}},"type":"default-arg","locations":[{"start":{"line":22,"column":12},"end":{"line":22,"column":21}}],"line":22},"2":{"loc":{"start":{"line":31,"column":25},"end":{"line":31,"column":79}},"type":"cond-expr","locations":[{"start":{"line":31,"column":34},"end":{"line":31,"column":57}},{"start":{"line":31,"column":60},"end":{"line":31,"column":79}}],"line":31},"3":{"loc":{"start":{"line":38,"column":4},"end":{"line":59,"column":5}},"type":"if","locations":[{"start":{"line":38,"column":4},"end":{"line":59,"column":5}},{"start":{},"end":{}}],"line":38},"4":{"loc":{"start":{"line":38,"column":8},"end":{"line":38,"column":48}},"type":"binary-expr","locations":[{"start":{"line":38,"column":8},"end":{"line":38,"column":14}},{"start":{"line":38,"column":18},"end":{"line":38,"column":26}},{"start":{"line":38,"column":30},"end":{"line":38,"column":48}}],"line":38},"5":{"loc":{"start":{"line":41,"column":8},"end":{"line":57,"column":9}},"type":"if","locations":[{"start":{"line":41,"column":8},"end":{"line":57,"column":9}},{"start":{},"end":{}}],"line":41},"6":{"loc":{"start":{"line":41,"column":12},"end":{"line":41,"column":48}},"type":"binary-expr","locations":[{"start":{"line":41,"column":12},"end":{"line":41,"column":27}},{"start":{"line":41,"column":31},"end":{"line":41,"column":48}}],"line":41},"7":{"loc":{"start":{"line":63,"column":4},"end":{"line":79,"column":5}},"type":"if","locations":[{"start":{"line":63,"column":4},"end":{"line":79,"column":5}},{"start":{"line":72,"column":11},"end":{"line":79,"column":5}}],"line":63},"8":{"loc":{"start":{"line":83,"column":29},"end":{"line":85,"column":7}},"type":"cond-expr","locations":[{"start":{"line":84,"column":6},"end":{"line":84,"column":35}},{"start":{"line":85,"column":6},"end":{"line":85,"column":7}}],"line":83},"9":{"loc":{"start":{"line":83,"column":29},"end":{"line":83,"column":73}},"type":"binary-expr","locations":[{"start":{"line":83,"column":29},"end":{"line":83,"column":35}},{"start":{"line":83,"column":39},"end":{"line":83,"column":73}}],"line":83},"10":{"loc":{"start":{"line":102,"column":28},"end":{"line":102,"column":59}},"type":"cond-expr","locations":[{"start":{"line":102,"column":37},"end":{"line":102,"column":55}},{"start":{"line":102,"column":58},"end":{"line":102,"column":59}}],"line":102},"11":{"loc":{"start":{"line":104,"column":29},"end":{"line":104,"column":118}},"type":"cond-expr","locations":[{"start":{"line":104,"column":38},"end":{"line":104,"column":57}},{"start":{"line":104,"column":61},"end":{"line":104,"column":117}}],"line":104},"12":{"loc":{"start":{"line":104,"column":61},"end":{"line":104,"column":117}},"type":"cond-expr","locations":[{"start":{"line":104,"column":74},"end":{"line":104,"column":93}},{"start":{"line":104,"column":96},"end":{"line":104,"column":117}}],"line":104},"13":{"loc":{"start":{"line":106,"column":25},"end":{"line":106,"column":68}},"type":"cond-expr","locations":[{"start":{"line":106,"column":38},"end":{"line":106,"column":52}},{"start":{"line":106,"column":55},"end":{"line":106,"column":68}}],"line":106},"14":{"loc":{"start":{"line":108,"column":10},"end":{"line":108,"column":35}},"type":"binary-expr","locations":[{"start":{"line":108,"column":10},"end":{"line":108,"column":16}},{"start":{"line":108,"column":20},"end":{"line":108,"column":35}}],"line":108},"15":{"loc":{"start":{"line":114,"column":12},"end":{"line":114,"column":54}},"type":"cond-expr","locations":[{"start":{"line":114,"column":21},"end":{"line":114,"column":36}},{"start":{"line":114,"column":39},"end":{"line":114,"column":54}}],"line":114},"16":{"loc":{"start":{"line":116,"column":12},"end":{"line":116,"column":48}},"type":"binary-expr","locations":[{"start":{"line":116,"column":12},"end":{"line":116,"column":22}},{"start":{"line":116,"column":26},"end":{"line":116,"column":48}}],"line":116}},"s":{"0":319,"1":319,"2":319,"3":319,"4":319,"5":319,"6":319,"7":0,"8":0,"9":0,"10":0,"11":0,"12":0,"13":319,"14":119,"15":9,"16":110,"17":319,"18":319,"19":3},"f":{"0":319,"1":0,"2":0,"3":0,"4":0,"5":119},"b":{"0":[84],"1":[239],"2":[80,239],"3":[0,0],"4":[0,0,0],"5":[0,0],"6":[0,0],"7":[9,110],"8":[80,239],"9":[319,80],"10":[80,239],"11":[80,239],"12":[37,202],"13":[37,282],"14":[319,80],"15":[80,239],"16":[319,37]},"_coverageSchema":"1a1c01bbd47fc00a2c39e90264f33305004495a9","hash":"2a8a492e363e7f0483358189da84a4fa1de17ed0"}
,"/Volumes/MyMacDrive/compcs620/vnest-monorepo/frontend/components/game/GameHeader.tsx": {"path":"/Volumes/MyMacDrive/compcs620/vnest-monorepo/frontend/components/game/GameHeader.tsx","statementMap":{"0":{"start":{"line":12,"column":17},"end":{"line":12,"column":28}},"1":{"start":{"line":13,"column":39},"end":{"line":13,"column":49}},"2":{"start":{"line":14,"column":17},"end":{"line":14,"column":58}},"3":{"start":{"line":16,"column":2},"end":{"line":28,"column":4}},"4":{"start":{"line":22,"column":10},"end":{"line":24,"column":29}},"5":{"start":{"line":22,"column":43},"end":{"line":22,"column":62}}},"fnMap":{"0":{"name":"GameHeader","decl":{"start":{"line":11,"column":16},"end":{"line":11,"column":26}},"loc":{"start":{"line":11,"column":60},"end":{"line":29,"column":1}},"line":11},"1":{"name":"(anonymous_1)","decl":{"start":{"line":21,"column":20},"end":{"line":21,"column":21}},"loc":{"start":{"line":22,"column":10},"end":{"line":24,"column":29}},"line":22},"2":{"name":"(anonymous_2)","decl":{"start":{"line":22,"column":37},"end":{"line":22,"column":38}},"loc":{"start":{"line":22,"column":43},"end":{"line":22,"column":62}},"line":22}},"branchMap":{"0":{"loc":{"start":{"line":11,"column":29},"end":{"line":11,"column":39}},"type":"default-arg","locations":[{"start":{"line":11,"column":37},"end":{"line":11,"column":39}}],"line":11}},"s":{"0":44,"1":44,"2":44,"3":44,"4":0,"5":0},"f":{"0":44,"1":0,"2":0},"b":{"0":[44]},"_coverageSchema":"1a1c01bbd47fc00a2c39e90264f33305004495a9","hash":"f776c1c03a9ab49274b91506ab200c70ad2a70e9"}
,"/Volumes/MyMacDrive/compcs620/vnest-monorepo/frontend/components/game/GameView.tsx": {"path":"/Volumes/MyMacDrive/compcs620/vnest-monorepo/frontend/components/game/GameView.tsx","statementMap":{"0":{"start":{"line":34,"column":17},"end":{"line":34,"column":38}},"1":{"start":{"line":35,"column":39},"end":{"line":35,"column":49}},"2":{"start":{"line":36,"column":17},"end":{"line":36,"column":58}},"3":{"start":{"line":37,"column":23},"end":{"line":37,"column":41}},"4":{"start":{"line":38,"column":48},"end":{"line":38,"column":76}},"5":{"start":{"line":39,"column":46},"end":{"line":39,"column":76}},"6":{"start":{"line":40,"column":46},"end":{"line":40,"column":57}},"7":{"start":{"line":48,"column":6},"end":{"line":48,"column":26}},"8":{"start":{"line":51,"column":2},"end":{"line":57,"column":48}},"9":{"start":{"line":53,"column":19},"end":{"line":55,"column":6}},"10":{"start":{"line":54,"column":6},"end":{"line":54,"column":42}},"11":{"start":{"line":54,"column":32},"end":{"line":54,"column":40}},"12":{"start":{"line":56,"column":4},"end":{"line":56,"column":46}},"13":{"start":{"line":56,"column":17},"end":{"line":56,"column":45}},"14":{"start":{"line":60,"column":27},"end":{"line":62,"column":3}},"15":{"start":{"line":61,"column":4},"end":{"line":61,"column":41}},"16":{"start":{"line":65,"column":2},"end":{"line":93,"column":103}},"17":{"start":{"line":67,"column":4},"end":{"line":67,"column":23}},"18":{"start":{"line":70,"column":4},"end":{"line":73,"column":7}},"19":{"start":{"line":71,"column":6},"end":{"line":71,"column":60}},"20":{"start":{"line":72,"column":6},"end":{"line":72,"column":58}},"21":{"start":{"line":76,"column":4},"end":{"line":83,"column":5}},"22":{"start":{"line":77,"column":37},"end":{"line":77,"column":101}},"23":{"start":{"line":77,"column":63},"end":{"line":77,"column":100}},"24":{"start":{"line":78,"column":6},"end":{"line":82,"column":7}},"25":{"start":{"line":79,"column":8},"end":{"line":81,"column":15}},"26":{"start":{"line":80,"column":10},"end":{"line":80,"column":68}},"27":{"start":{"line":85,"column":4},"end":{"line":92,"column":5}},"28":{"start":{"line":86,"column":36},"end":{"line":86,"column":98}},"29":{"start":{"line":86,"column":62},"end":{"line":86,"column":97}},"30":{"start":{"line":87,"column":6},"end":{"line":91,"column":7}},"31":{"start":{"line":88,"column":8},"end":{"line":90,"column":15}},"32":{"start":{"line":89,"column":10},"end":{"line":89,"column":66}},"33":{"start":{"line":96,"column":2},"end":{"line":112,"column":17}},"34":{"start":{"line":97,"column":4},"end":{"line":111,"column":5}},"35":{"start":{"line":99,"column":20},"end":{"line":102,"column":14}},"36":{"start":{"line":100,"column":8},"end":{"line":100,"column":33}},"37":{"start":{"line":101,"column":8},"end":{"line":101,"column":32}},"38":{"start":{"line":103,"column":6},"end":{"line":103,"column":39}},"39":{"start":{"line":103,"column":19},"end":{"line":103,"column":38}},"40":{"start":{"line":104,"column":11},"end":{"line":111,"column":5}},"41":{"start":{"line":106,"column":20},"end":{"line":109,"column":14}},"42":{"start":{"line":107,"column":8},"end":{"line":107,"column":33}},"43":{"start":{"line":108,"column":8},"end":{"line":108,"column":32}},"44":{"start":{"line":110,"column":6},"end":{"line":110,"column":39}},"45":{"start":{"line":110,"column":19},"end":{"line":110,"column":38}},"46":{"start":{"line":115,"column":2},"end":{"line":118,"column":24}},"47":{"start":{"line":116,"column":4},"end":{"line":116,"column":29}},"48":{"start":{"line":117,"column":4},"end":{"line":117,"column":28}},"49":{"start":{"line":121,"column":27},"end":{"line":154,"column":3}},"50":{"start":{"line":123,"column":28},"end":{"line":125,"column":5}},"51":{"start":{"line":124,"column":14},"end":{"line":124,"column":69}},"52":{"start":{"line":127,"column":4},"end":{"line":129,"column":5}},"53":{"start":{"line":128,"column":6},"end":{"line":128,"column":13}},"54":{"start":{"line":131,"column":4},"end":{"line":153,"column":5}},"55":{"start":{"line":132,"column":6},"end":{"line":141,"column":7}},"56":{"start":{"line":133,"column":8},"end":{"line":133,"column":33}},"57":{"start":{"line":135,"column":8},"end":{"line":135,"column":33}},"58":{"start":{"line":137,"column":8},"end":{"line":140,"column":9}},"59":{"start":{"line":138,"column":10},"end":{"line":138,"column":42}},"60":{"start":{"line":142,"column":11},"end":{"line":153,"column":5}},"61":{"start":{"line":143,"column":6},"end":{"line":152,"column":7}},"62":{"start":{"line":144,"column":8},"end":{"line":144,"column":32}},"63":{"start":{"line":146,"column":8},"end":{"line":146,"column":32}},"64":{"start":{"line":148,"column":8},"end":{"line":151,"column":9}},"65":{"start":{"line":149,"column":10},"end":{"line":149,"column":43}},"66":{"start":{"line":156,"column":2},"end":{"line":248,"column":3}},"67":{"start":{"line":158,"column":4},"end":{"line":247,"column":6}},"68":{"start":{"line":200,"column":38},"end":{"line":200,"column":94}},"69":{"start":{"line":200,"column":64},"end":{"line":200,"column":93}},"70":{"start":{"line":201,"column":42},"end":{"line":201,"column":76}},"71":{"start":{"line":202,"column":14},"end":{"line":210,"column":16}},"72":{"start":{"line":207,"column":33},"end":{"line":207,"column":58}},"73":{"start":{"line":222,"column":38},"end":{"line":222,"column":92}},"74":{"start":{"line":222,"column":64},"end":{"line":222,"column":91}},"75":{"start":{"line":223,"column":42},"end":{"line":223,"column":74}},"76":{"start":{"line":224,"column":14},"end":{"line":232,"column":16}},"77":{"start":{"line":229,"column":33},"end":{"line":229,"column":57}},"78":{"start":{"line":251,"column":2},"end":{"line":363,"column":4}},"79":{"start":{"line":288,"column":36},"end":{"line":288,"column":92}},"80":{"start":{"line":288,"column":62},"end":{"line":288,"column":91}},"81":{"start":{"line":289,"column":40},"end":{"line":289,"column":74}},"82":{"start":{"line":290,"column":12},"end":{"line":300,"column":14}},"83":{"start":{"line":298,"column":31},"end":{"line":298,"column":56}},"84":{"start":{"line":320,"column":36},"end":{"line":320,"column":90}},"85":{"start":{"line":320,"column":62},"end":{"line":320,"column":89}},"86":{"start":{"line":321,"column":40},"end":{"line":321,"column":72}},"87":{"start":{"line":322,"column":12},"end":{"line":332,"column":14}},"88":{"start":{"line":330,"column":31},"end":{"line":330,"column":55}},"89":{"start":{"line":340,"column":26},"end":{"line":340,"column":47}},"90":{"start":{"line":341,"column":27},"end":{"line":341,"column":73}},"91":{"start":{"line":342,"column":26},"end":{"line":342,"column":65}},"92":{"start":{"line":344,"column":8},"end":{"line":351,"column":10}},"93":{"start":{"line":366,"column":15},"end":{"line":474,"column":2}}},"fnMap":{"0":{"name":"GameView","decl":{"start":{"line":24,"column":16},"end":{"line":24,"column":24}},"loc":{"start":{"line":33,"column":18},"end":{"line":364,"column":1}},"line":33},"1":{"name":"(anonymous_1)","decl":{"start":{"line":51,"column":12},"end":{"line":51,"column":13}},"loc":{"start":{"line":51,"column":18},"end":{"line":57,"column":3}},"line":51},"2":{"name":"(anonymous_2)","decl":{"start":{"line":53,"column":41},"end":{"line":53,"column":42}},"loc":{"start":{"line":53,"column":47},"end":{"line":55,"column":5}},"line":53},"3":{"name":"(anonymous_3)","decl":{"start":{"line":54,"column":24},"end":{"line":54,"column":25}},"loc":{"start":{"line":54,"column":32},"end":{"line":54,"column":40}},"line":54},"4":{"name":"(anonymous_4)","decl":{"start":{"line":56,"column":11},"end":{"line":56,"column":12}},"loc":{"start":{"line":56,"column":17},"end":{"line":56,"column":45}},"line":56},"5":{"name":"(anonymous_5)","decl":{"start":{"line":60,"column":27},"end":{"line":60,"column":28}},"loc":{"start":{"line":60,"column":81},"end":{"line":62,"column":3}},"line":60},"6":{"name":"(anonymous_6)","decl":{"start":{"line":65,"column":12},"end":{"line":65,"column":13}},"loc":{"start":{"line":65,"column":18},"end":{"line":93,"column":3}},"line":65},"7":{"name":"(anonymous_7)","decl":{"start":{"line":70,"column":25},"end":{"line":70,"column":26}},"loc":{"start":{"line":70,"column":33},"end":{"line":73,"column":5}},"line":70},"8":{"name":"(anonymous_8)","decl":{"start":{"line":77,"column":55},"end":{"line":77,"column":56}},"loc":{"start":{"line":77,"column":63},"end":{"line":77,"column":100}},"line":77},"9":{"name":"(anonymous_9)","decl":{"start":{"line":79,"column":19},"end":{"line":79,"column":20}},"loc":{"start":{"line":79,"column":25},"end":{"line":81,"column":9}},"line":79},"10":{"name":"(anonymous_10)","decl":{"start":{"line":86,"column":54},"end":{"line":86,"column":55}},"loc":{"start":{"line":86,"column":62},"end":{"line":86,"column":97}},"line":86},"11":{"name":"(anonymous_11)","decl":{"start":{"line":88,"column":19},"end":{"line":88,"column":20}},"loc":{"start":{"line":88,"column":25},"end":{"line":90,"column":9}},"line":88},"12":{"name":"(anonymous_12)","decl":{"start":{"line":96,"column":12},"end":{"line":96,"column":13}},"loc":{"start":{"line":96,"column":18},"end":{"line":112,"column":3}},"line":96},"13":{"name":"(anonymous_13)","decl":{"start":{"line":99,"column":31},"end":{"line":99,"column":32}},"loc":{"start":{"line":99,"column":37},"end":{"line":102,"column":7}},"line":99},"14":{"name":"(anonymous_14)","decl":{"start":{"line":103,"column":13},"end":{"line":103,"column":14}},"loc":{"start":{"line":103,"column":19},"end":{"line":103,"column":38}},"line":103},"15":{"name":"(anonymous_15)","decl":{"start":{"line":106,"column":31},"end":{"line":106,"column":32}},"loc":{"start":{"line":106,"column":37},"end":{"line":109,"column":7}},"line":106},"16":{"name":"(anonymous_16)","decl":{"start":{"line":110,"column":13},"end":{"line":110,"column":14}},"loc":{"start":{"line":110,"column":19},"end":{"line":110,"column":38}},"line":110},"17":{"name":"(anonymous_17)","decl":{"start":{"line":115,"column":12},"end":{"line":115,"column":13}},"loc":{"start":{"line":115,"column":18},"end":{"line":118,"column":3}},"line":115},"18":{"name":"(anonymous_18)","decl":{"start":{"line":121,"column":27},"end":{"line":121,"column":28}},"loc":{"start":{"line":121,"column":54},"end":{"line":154,"column":3}},"line":121},"19":{"name":"(anonymous_19)","decl":{"start":{"line":124,"column":6},"end":{"line":124,"column":7}},"loc":{"start":{"line":124,"column":14},"end":{"line":124,"column":69}},"line":124},"20":{"name":"(anonymous_20)","decl":{"start":{"line":199,"column":26},"end":{"line":199,"column":27}},"loc":{"start":{"line":199,"column":39},"end":{"line":211,"column":13}},"line":199},"21":{"name":"(anonymous_21)","decl":{"start":{"line":200,"column":56},"end":{"line":200,"column":57}},"loc":{"start":{"line":200,"column":64},"end":{"line":200,"column":93}},"line":200},"22":{"name":"(anonymous_22)","decl":{"start":{"line":207,"column":27},"end":{"line":207,"column":28}},"loc":{"start":{"line":207,"column":33},"end":{"line":207,"column":58}},"line":207},"23":{"name":"(anonymous_23)","decl":{"start":{"line":221,"column":25},"end":{"line":221,"column":26}},"loc":{"start":{"line":221,"column":37},"end":{"line":233,"column":13}},"line":221},"24":{"name":"(anonymous_24)","decl":{"start":{"line":222,"column":56},"end":{"line":222,"column":57}},"loc":{"start":{"line":222,"column":64},"end":{"line":222,"column":91}},"line":222},"25":{"name":"(anonymous_25)","decl":{"start":{"line":229,"column":27},"end":{"line":229,"column":28}},"loc":{"start":{"line":229,"column":33},"end":{"line":229,"column":57}},"line":229},"26":{"name":"(anonymous_26)","decl":{"start":{"line":287,"column":24},"end":{"line":287,"column":25}},"loc":{"start":{"line":287,"column":37},"end":{"line":301,"column":11}},"line":287},"27":{"name":"(anonymous_27)","decl":{"start":{"line":288,"column":54},"end":{"line":288,"column":55}},"loc":{"start":{"line":288,"column":62},"end":{"line":288,"column":91}},"line":288},"28":{"name":"(anonymous_28)","decl":{"start":{"line":298,"column":25},"end":{"line":298,"column":26}},"loc":{"start":{"line":298,"column":31},"end":{"line":298,"column":56}},"line":298},"29":{"name":"(anonymous_29)","decl":{"start":{"line":319,"column":23},"end":{"line":319,"column":24}},"loc":{"start":{"line":319,"column":35},"end":{"line":333,"column":11}},"line":319},"30":{"name":"(anonymous_30)","decl":{"start":{"line":320,"column":54},"end":{"line":320,"column":55}},"loc":{"start":{"line":320,"column":62},"end":{"line":320,"column":89}},"line":320},"31":{"name":"(anonymous_31)","decl":{"start":{"line":330,"column":25},"end":{"line":330,"column":26}},"loc":{"start":{"line":330,"column":31},"end":{"line":330,"column":55}},"line":330},"32":{"name":"(anonymous_32)","decl":{"start":{"line":338,"column":23},"end":{"line":338,"column":24}},"loc":{"start":{"line":338,"column":46},"end":{"line":352,"column":7}},"line":338}},"branchMap":{"0":{"loc":{"start":{"line":76,"column":4},"end":{"line":83,"column":5}},"type":"if","locations":[{"start":{"line":76,"column":4},"end":{"line":83,"column":5}},{"start":{},"end":{}}],"line":76},"1":{"loc":{"start":{"line":76,"column":8},"end":{"line":76,"column":38}},"type":"binary-expr","locations":[{"start":{"line":76,"column":8},"end":{"line":76,"column":23}},{"start":{"line":76,"column":27},"end":{"line":76,"column":38}}],"line":76},"2":{"loc":{"start":{"line":78,"column":6},"end":{"line":82,"column":7}},"type":"if","locations":[{"start":{"line":78,"column":6},"end":{"line":82,"column":7}},{"start":{},"end":{}}],"line":78},"3":{"loc":{"start":{"line":85,"column":4},"end":{"line":92,"column":5}},"type":"if","locations":[{"start":{"line":85,"column":4},"end":{"line":92,"column":5}},{"start":{},"end":{}}],"line":85},"4":{"loc":{"start":{"line":85,"column":8},"end":{"line":85,"column":37}},"type":"binary-expr","locations":[{"start":{"line":85,"column":8},"end":{"line":85,"column":22}},{"start":{"line":85,"column":26},"end":{"line":85,"column":37}}],"line":85},"5":{"loc":{"start":{"line":87,"column":6},"end":{"line":91,"column":7}},"type":"if","locations":[{"start":{"line":87,"column":6},"end":{"line":91,"column":7}},{"start":{},"end":{}}],"line":87},"6":{"loc":{"start":{"line":97,"column":4},"end":{"line":111,"column":5}},"type":"if","locations":[{"start":{"line":97,"column":4},"end":{"line":111,"column":5}},{"start":{"line":104,"column":11},"end":{"line":111,"column":5}}],"line":97},"7":{"loc":{"start":{"line":104,"column":11},"end":{"line":111,"column":5}},"type":"if","locations":[{"start":{"line":104,"column":11},"end":{"line":111,"column":5}},{"start":{},"end":{}}],"line":104},"8":{"loc":{"start":{"line":124,"column":14},"end":{"line":124,"column":69}},"type":"binary-expr","locations":[{"start":{"line":124,"column":14},"end":{"line":124,"column":40}},{"start":{"line":124,"column":44},"end":{"line":124,"column":69}}],"line":124},"9":{"loc":{"start":{"line":127,"column":4},"end":{"line":129,"column":5}},"type":"if","locations":[{"start":{"line":127,"column":4},"end":{"line":129,"column":5}},{"start":{},"end":{}}],"line":127},"10":{"loc":{"start":{"line":131,"column":4},"end":{"line":153,"column":5}},"type":"if","locations":[{"start":{"line":131,"column":4},"end":{"line":153,"column":5}},{"start":{"line":142,"column":11},"end":{"line":153,"column":5}}],"line":131},"11":{"loc":{"start":{"line":132,"column":6},"end":{"line":141,"column":7}},"type":"if","locations":[{"start":{"line":132,"column":6},"end":{"line":141,"column":7}},{"start":{"line":134,"column":13},"end":{"line":141,"column":7}}],"line":132},"12":{"loc":{"start":{"line":137,"column":8},"end":{"line":140,"column":9}},"type":"if","locations":[{"start":{"line":137,"column":8},"end":{"line":140,"column":9}},{"start":{},"end":{}}],"line":137},"13":{"loc":{"start":{"line":142,"column":11},"end":{"line":153,"column":5}},"type":"if","locations":[{"start":{"line":142,"column":11},"end":{"line":153,"column":5}},{"start":{},"end":{}}],"line":142},"14":{"loc":{"start":{"line":143,"column":6},"end":{"line":152,"column":7}},"type":"if","locations":[{"start":{"line":143,"column":6},"end":{"line":152,"column":7}},{"start":{"line":145,"column":13},"end":{"line":152,"column":7}}],"line":143},"15":{"loc":{"start":{"line":148,"column":8},"end":{"line":151,"column":9}},"type":"if","locations":[{"start":{"line":148,"column":8},"end":{"line":151,"column":9}},{"start":{},"end":{}}],"line":148},"16":{"loc":{"start":{"line":156,"column":2},"end":{"line":248,"column":3}},"type":"if","locations":[{"start":{"line":156,"column":2},"end":{"line":248,"column":3}},{"start":{},"end":{}}],"line":156},"17":{"loc":{"start":{"line":164,"column":54},"end":{"line":164,"column":95}},"type":"cond-expr","locations":[{"start":{"line":164,"column":68},"end":{"line":164,"column":70}},{"start":{"line":164,"column":73},"end":{"line":164,"column":95}}],"line":164},"18":{"loc":{"start":{"line":165,"column":17},"end":{"line":165,"column":51}},"type":"binary-expr","locations":[{"start":{"line":165,"column":17},"end":{"line":165,"column":39}},{"start":{"line":165,"column":43},"end":{"line":165,"column":51}}],"line":165},"19":{"loc":{"start":{"line":165,"column":54},"end":{"line":165,"column":99}},"type":"binary-expr","locations":[{"start":{"line":165,"column":54},"end":{"line":165,"column":87}},{"start":{"line":165,"column":91},"end":{"line":165,"column":99}}],"line":165},"20":{"loc":{"start":{"line":165,"column":102},"end":{"line":165,"column":150}},"type":"binary-expr","locations":[{"start":{"line":165,"column":102},"end":{"line":165,"column":138}},{"start":{"line":165,"column":142},"end":{"line":165,"column":150}}],"line":165},"21":{"loc":{"start":{"line":174,"column":62},"end":{"line":174,"column":108}},"type":"cond-expr","locations":[{"start":{"line":174,"column":75},"end":{"line":174,"column":89}},{"start":{"line":174,"column":92},"end":{"line":174,"column":108}}],"line":174},"22":{"loc":{"start":{"line":179,"column":66},"end":{"line":179,"column":110}},"type":"cond-expr","locations":[{"start":{"line":179,"column":79},"end":{"line":179,"column":88}},{"start":{"line":179,"column":91},"end":{"line":179,"column":110}}],"line":179},"23":{"loc":{"start":{"line":188,"column":18},"end":{"line":188,"column":42}},"type":"binary-expr","locations":[{"start":{"line":188,"column":18},"end":{"line":188,"column":36}},{"start":{"line":188,"column":40},"end":{"line":188,"column":42}}],"line":188},"24":{"loc":{"start":{"line":195,"column":57},"end":{"line":195,"column":98}},"type":"cond-expr","locations":[{"start":{"line":195,"column":71},"end":{"line":195,"column":73}},{"start":{"line":195,"column":76},"end":{"line":195,"column":98}}],"line":195},"25":{"loc":{"start":{"line":206,"column":30},"end":{"line":206,"column":68}},"type":"binary-expr","locations":[{"start":{"line":206,"column":30},"end":{"line":206,"column":45}},{"start":{"line":206,"column":49},"end":{"line":206,"column":68}}],"line":206},"26":{"loc":{"start":{"line":217,"column":57},"end":{"line":217,"column":98}},"type":"cond-expr","locations":[{"start":{"line":217,"column":71},"end":{"line":217,"column":73}},{"start":{"line":217,"column":76},"end":{"line":217,"column":98}}],"line":217},"27":{"loc":{"start":{"line":228,"column":30},"end":{"line":228,"column":68}},"type":"binary-expr","locations":[{"start":{"line":228,"column":30},"end":{"line":228,"column":45}},{"start":{"line":228,"column":49},"end":{"line":228,"column":68}}],"line":228},"28":{"loc":{"start":{"line":239,"column":9},"end":{"line":245,"column":9}},"type":"binary-expr","locations":[{"start":{"line":239,"column":9},"end":{"line":239,"column":17}},{"start":{"line":240,"column":10},"end":{"line":244,"column":17}}],"line":239},"29":{"loc":{"start":{"line":241,"column":48},"end":{"line":241,"column":116}},"type":"cond-expr","locations":[{"start":{"line":241,"column":73},"end":{"line":241,"column":92}},{"start":{"line":241,"column":95},"end":{"line":241,"column":116}}],"line":241},"30":{"loc":{"start":{"line":260,"column":55},"end":{"line":260,"column":105}},"type":"cond-expr","locations":[{"start":{"line":260,"column":72},"end":{"line":260,"column":86}},{"start":{"line":260,"column":89},"end":{"line":260,"column":105}}],"line":260},"31":{"loc":{"start":{"line":263,"column":48},"end":{"line":263,"column":94}},"type":"cond-expr","locations":[{"start":{"line":263,"column":67},"end":{"line":263,"column":69}},{"start":{"line":263,"column":72},"end":{"line":263,"column":94}}],"line":263},"32":{"loc":{"start":{"line":264,"column":11},"end":{"line":264,"column":45}},"type":"binary-expr","locations":[{"start":{"line":264,"column":11},"end":{"line":264,"column":33}},{"start":{"line":264,"column":37},"end":{"line":264,"column":45}}],"line":264},"33":{"loc":{"start":{"line":264,"column":48},"end":{"line":264,"column":93}},"type":"binary-expr","locations":[{"start":{"line":264,"column":48},"end":{"line":264,"column":81}},{"start":{"line":264,"column":85},"end":{"line":264,"column":93}}],"line":264},"34":{"loc":{"start":{"line":264,"column":96},"end":{"line":264,"column":144}},"type":"binary-expr","locations":[{"start":{"line":264,"column":96},"end":{"line":264,"column":132}},{"start":{"line":264,"column":136},"end":{"line":264,"column":144}}],"line":264},"35":{"loc":{"start":{"line":272,"column":58},"end":{"line":272,"column":104}},"type":"cond-expr","locations":[{"start":{"line":272,"column":71},"end":{"line":272,"column":85}},{"start":{"line":272,"column":88},"end":{"line":272,"column":104}}],"line":272},"36":{"loc":{"start":{"line":276,"column":62},"end":{"line":276,"column":106}},"type":"cond-expr","locations":[{"start":{"line":276,"column":75},"end":{"line":276,"column":84}},{"start":{"line":276,"column":87},"end":{"line":276,"column":106}}],"line":276},"37":{"loc":{"start":{"line":277,"column":58},"end":{"line":277,"column":104}},"type":"cond-expr","locations":[{"start":{"line":277,"column":77},"end":{"line":277,"column":79}},{"start":{"line":277,"column":82},"end":{"line":277,"column":104}}],"line":277},"38":{"loc":{"start":{"line":284,"column":57},"end":{"line":284,"column":103}},"type":"cond-expr","locations":[{"start":{"line":284,"column":76},"end":{"line":284,"column":78}},{"start":{"line":284,"column":81},"end":{"line":284,"column":103}}],"line":284},"39":{"loc":{"start":{"line":297,"column":28},"end":{"line":297,"column":66}},"type":"binary-expr","locations":[{"start":{"line":297,"column":28},"end":{"line":297,"column":43}},{"start":{"line":297,"column":47},"end":{"line":297,"column":66}}],"line":297},"40":{"loc":{"start":{"line":310,"column":18},"end":{"line":310,"column":42}},"type":"binary-expr","locations":[{"start":{"line":310,"column":18},"end":{"line":310,"column":36}},{"start":{"line":310,"column":40},"end":{"line":310,"column":42}}],"line":310},"41":{"loc":{"start":{"line":316,"column":57},"end":{"line":316,"column":103}},"type":"cond-expr","locations":[{"start":{"line":316,"column":76},"end":{"line":316,"column":78}},{"start":{"line":316,"column":81},"end":{"line":316,"column":103}}],"line":316},"42":{"loc":{"start":{"line":329,"column":28},"end":{"line":329,"column":66}},"type":"binary-expr","locations":[{"start":{"line":329,"column":28},"end":{"line":329,"column":43}},{"start":{"line":329,"column":47},"end":{"line":329,"column":66}}],"line":329},"43":{"loc":{"start":{"line":355,"column":7},"end":{"line":361,"column":7}},"type":"binary-expr","locations":[{"start":{"line":355,"column":7},"end":{"line":355,"column":15}},{"start":{"line":356,"column":8},"end":{"line":360,"column":15}}],"line":355},"44":{"loc":{"start":{"line":357,"column":65},"end":{"line":357,"column":119}},"type":"cond-expr","locations":[{"start":{"line":357,"column":90},"end":{"line":357,"column":104}},{"start":{"line":357,"column":107},"end":{"line":357,"column":119}}],"line":357}},"s":{"0":79,"1":79,"2":79,"3":79,"4":79,"5":79,"6":79,"7":79,"8":79,"9":17,"10":10,"11":10,"12":17,"13":17,"14":79,"15":0,"16":79,"17":50,"18":50,"19":2,"20":2,"21":50,"22":10,"23":2,"24":10,"25":8,"26":8,"27":50,"28":6,"29":2,"30":6,"31":4,"32":4,"33":79,"34":21,"35":3,"36":0,"37":0,"38":3,"39":3,"40":18,"41":3,"42":0,"43":0,"44":3,"45":3,"46":79,"47":28,"48":28,"49":79,"50":8,"51":0,"52":8,"53":0,"54":8,"55":4,"56":0,"57":4,"58":4,"59":0,"60":4,"61":4,"62":0,"63":4,"64":4,"65":4,"66":79,"67":0,"68":0,"69":0,"70":0,"71":0,"72":0,"73":0,"74":0,"75":0,"76":0,"77":0,"78":79,"79":117,"80":8,"81":117,"82":117,"83":4,"84":117,"85":8,"86":117,"87":117,"88":4,"89":0,"90":0,"91":0,"92":0,"93":2},"f":{"0":79,"1":17,"2":10,"3":10,"4":17,"5":0,"6":50,"7":2,"8":2,"9":8,"10":2,"11":4,"12":21,"13":0,"14":3,"15":0,"16":3,"17":28,"18":8,"19":0,"20":0,"21":0,"22":0,"23":0,"24":0,"25":0,"26":117,"27":8,"28":4,"29":117,"30":8,"31":4,"32":0},"b":{"0":[10,40],"1":[50,10],"2":[8,2],"3":[6,44],"4":[50,6],"5":[4,2],"6":[3,18],"7":[3,15],"8":[0,0],"9":[0,8],"10":[4,4],"11":[0,4],"12":[0,4],"13":[4,0],"14":[0,4],"15":[4,0],"16":[0,79],"17":[0,0],"18":[0,0],"19":[0,0],"20":[0,0],"21":[0,0],"22":[0,0],"23":[0,0],"24":[0,0],"25":[0,0],"26":[0,0],"27":[0,0],"28":[0,0],"29":[0,0],"30":[0,79],"31":[68,11],"32":[79,57],"33":[79,12],"34":[79,65],"35":[68,11],"36":[0,79],"37":[68,11],"38":[68,11],"39":[117,113],"40":[79,12],"41":[68,11],"42":[117,113],"43":[79,10],"44":[6,4]},"_coverageSchema":"1a1c01bbd47fc00a2c39e90264f33305004495a9","hash":"49a496ab2a86db1031959da6a723688e66ba6b5c"}
,"/Volumes/MyMacDrive/compcs620/vnest-monorepo/frontend/components/game/LoadingView.tsx": {"path":"/Volumes/MyMacDrive/compcs620/vnest-monorepo/frontend/components/game/LoadingView.tsx","statementMap":{"0":{"start":{"line":6,"column":39},"end":{"line":6,"column":49}},"1":{"start":{"line":7,"column":17},"end":{"line":7,"column":58}},"2":{"start":{"line":9,"column":2},"end":{"line":14,"column":4}},"3":{"start":{"line":17,"column":15},"end":{"line":27,"column":2}}},"fnMap":{"0":{"name":"LoadingView","decl":{"start":{"line":5,"column":16},"end":{"line":5,"column":27}},"loc":{"start":{"line":5,"column":30},"end":{"line":15,"column":1}},"line":5}},"branchMap":{},"s":{"0":2,"1":2,"2":2,"3":2},"f":{"0":2},"b":{},"_coverageSchema":"1a1c01bbd47fc00a2c39e90264f33305004495a9","hash":"a279501c8989eaddaf5b0ee1b38444663c51ae79"}
,"/Volumes/MyMacDrive/compcs620/vnest-monorepo/frontend/components/game/ProgressBar.tsx": {"path":"/Volumes/MyMacDrive/compcs620/vnest-monorepo/frontend/components/game/ProgressBar.tsx","statementMap":{"0":{"start":{"line":13,"column":17},"end":{"line":13,"column":38}},"1":{"start":{"line":14,"column":21},"end":{"line":14,"column":44}},"2":{"start":{"line":16,"column":2},"end":{"line":43,"column":4}},"3":{"start":{"line":46,"column":15},"end":{"line":122,"column":2}}},"fnMap":{"0":{"name":"ProgressBar","decl":{"start":{"line":12,"column":16},"end":{"line":12,"column":27}},"loc":{"start":{"line":12,"column":73},"end":{"line":44,"column":1}},"line":12}},"branchMap":{"0":{"loc":{"start":{"line":19,"column":8},"end":{"line":19,"column":83}},"type":"cond-expr","locations":[{"start":{"line":19,"column":26},"end":{"line":19,"column":56}},{"start":{"line":19,"column":59},"end":{"line":19,"column":83}}],"line":19},"1":{"loc":{"start":{"line":23,"column":22},"end":{"line":23,"column":86}},"type":"cond-expr","locations":[{"start":{"line":23,"column":36},"end":{"line":23,"column":38}},{"start":{"line":23,"column":41},"end":{"line":23,"column":86}}],"line":23},"2":{"loc":{"start":{"line":23,"column":60},"end":{"line":23,"column":85}},"type":"cond-expr","locations":[{"start":{"line":23,"column":78},"end":{"line":23,"column":80}},{"start":{"line":23,"column":83},"end":{"line":23,"column":85}}],"line":23},"3":{"loc":{"start":{"line":25,"column":11},"end":{"line":25,"column":75}},"type":"binary-expr","locations":[{"start":{"line":25,"column":11},"end":{"line":25,"column":16}},{"start":{"line":25,"column":20},"end":{"line":25,"column":75}}],"line":25},"4":{"loc":{"start":{"line":31,"column":8},"end":{"line":31,"column":60}},"type":"binary-expr","locations":[{"start":{"line":31,"column":8},"end":{"line":31,"column":23}},{"start":{"line":31,"column":27},"end":{"line":31,"column":60}}],"line":31}},"s":{"0":4,"1":4,"2":4,"3":2},"f":{"0":4},"b":{"0":[0,4],"1":[0,4],"2":[0,4],"3":[4,3],"4":[4,0]},"_coverageSchema":"1a1c01bbd47fc00a2c39e90264f33305004495a9","hash":"91a9340fb7523c9bdeb997493059d7bc1109eeac"}
,"/Volumes/MyMacDrive/compcs620/vnest-monorepo/frontend/components/game/SVGConnectionLine.tsx": {"path":"/Volumes/MyMacDrive/compcs620/vnest-monorepo/frontend/components/game/SVGConnectionLine.tsx","statementMap":{"0":{"start":{"line":13,"column":67},"end":{"line":119,"column":1}},"1":{"start":{"line":19,"column":2},"end":{"line":21,"column":3}},"2":{"start":{"line":20,"column":4},"end":{"line":20,"column":16}},"3":{"start":{"line":24,"column":16},"end":{"line":24,"column":30}},"4":{"start":{"line":25,"column":16},"end":{"line":25,"column":30}},"5":{"start":{"line":26,"column":14},"end":{"line":26,"column":26}},"6":{"start":{"line":27,"column":14},"end":{"line":27,"column":26}},"7":{"start":{"line":30,"column":18},"end":{"line":30,"column":20}},"8":{"start":{"line":31,"column":15},"end":{"line":31,"column":45}},"9":{"start":{"line":32,"column":15},"end":{"line":32,"column":45}},"10":{"start":{"line":33,"column":15},"end":{"line":33,"column":45}},"11":{"start":{"line":34,"column":15},"end":{"line":34,"column":45}},"12":{"start":{"line":36,"column":19},"end":{"line":36,"column":30}},"13":{"start":{"line":37,"column":20},"end":{"line":37,"column":31}},"14":{"start":{"line":40,"column":24},"end":{"line":40,"column":36}},"15":{"start":{"line":41,"column":24},"end":{"line":41,"column":36}},"16":{"start":{"line":42,"column":22},"end":{"line":42,"column":32}},"17":{"start":{"line":43,"column":22},"end":{"line":43,"column":32}},"18":{"start":{"line":45,"column":2},"end":{"line":118,"column":4}}},"fnMap":{"0":{"name":"(anonymous_0)","decl":{"start":{"line":13,"column":67},"end":{"line":13,"column":68}},"loc":{"start":{"line":18,"column":6},"end":{"line":119,"column":1}},"line":18}},"branchMap":{"0":{"loc":{"start":{"line":16,"column":2},"end":{"line":16,"column":21}},"type":"default-arg","locations":[{"start":{"line":16,"column":10},"end":{"line":16,"column":21}}],"line":16},"1":{"loc":{"start":{"line":17,"column":2},"end":{"line":17,"column":17}},"type":"default-arg","locations":[{"start":{"line":17,"column":16},"end":{"line":17,"column":17}}],"line":17},"2":{"loc":{"start":{"line":19,"column":2},"end":{"line":21,"column":3}},"type":"if","locations":[{"start":{"line":19,"column":2},"end":{"line":21,"column":3}},{"start":{},"end":{}}],"line":19},"3":{"loc":{"start":{"line":19,"column":6},"end":{"line":19,"column":34}},"type":"binary-expr","locations":[{"start":{"line":19,"column":6},"end":{"line":19,"column":19}},{"start":{"line":19,"column":23},"end":{"line":19,"column":34}}],"line":19}},"s":{"0":2,"1":0,"2":0,"3":0,"4":0,"5":0,"6":0,"7":0,"8":0,"9":0,"10":0,"11":0,"12":0,"13":0,"14":0,"15":0,"16":0,"17":0,"18":0},"f":{"0":0},"b":{"0":[0],"1":[0],"2":[0,0],"3":[0,0]},"_coverageSchema":"1a1c01bbd47fc00a2c39e90264f33305004495a9","hash":"92454a6bf3a12aa656168d7c664f20bfc959ebfd"}
,"/Volumes/MyMacDrive/compcs620/vnest-monorepo/frontend/components/game/index.ts": {"path":"/Volumes/MyMacDrive/compcs620/vnest-monorepo/frontend/components/game/index.ts","statementMap":{},"fnMap":{},"branchMap":{},"s":{},"f":{},"b":{},"_coverageSchema":"1a1c01bbd47fc00a2c39e90264f33305004495a9","hash":"41049c92e12a7851cfcec61097a105c545799931"}
,"/Volumes/MyMacDrive/compcs620/vnest-monorepo/frontend/components/ui/icon-symbol.ios.tsx": {"path":"/Volumes/MyMacDrive/compcs620/vnest-monorepo/frontend/components/ui/icon-symbol.ios.tsx","statementMap":{"0":{"start":{"line":17,"column":2},"end":{"line":31,"column":4}}},"fnMap":{"0":{"name":"IconSymbol","decl":{"start":{"line":4,"column":16},"end":{"line":4,"column":26}},"loc":{"start":{"line":16,"column":3},"end":{"line":32,"column":1}},"line":16}},"branchMap":{"0":{"loc":{"start":{"line":6,"column":2},"end":{"line":6,"column":11}},"type":"default-arg","locations":[{"start":{"line":6,"column":9},"end":{"line":6,"column":11}}],"line":6},"1":{"loc":{"start":{"line":9,"column":2},"end":{"line":9,"column":20}},"type":"default-arg","locations":[{"start":{"line":9,"column":11},"end":{"line":9,"column":20}}],"line":9}},"s":{"0":0},"f":{"0":0},"b":{"0":[0],"1":[0]},"_coverageSchema":"1a1c01bbd47fc00a2c39e90264f33305004495a9","hash":"04964f63ab744ae42808a29c7a855011e2613974"}
,"/Volumes/MyMacDrive/compcs620/vnest-monorepo/frontend/constants/colors.ts": {"path":"/Volumes/MyMacDrive/compcs620/vnest-monorepo/frontend/constants/colors.ts","statementMap":{"0":{"start":{"line":14,"column":27},"end":{"line":32,"column":10}},"1":{"start":{"line":37,"column":29},"end":{"line":62,"column":10}},"2":{"start":{"line":67,"column":30},"end":{"line":109,"column":10}},"3":{"start":{"line":114,"column":28},"end":{"line":124,"column":10}},"4":{"start":{"line":129,"column":32},"end":{"line":135,"column":10}},"5":{"start":{"line":138,"column":36},"end":{"line":146,"column":10}},"6":{"start":{"line":151,"column":28},"end":{"line":157,"column":10}},"7":{"start":{"line":168,"column":14},"end":{"line":168,"column":46}},"8":{"start":{"line":169,"column":12},"end":{"line":169,"column":42}},"9":{"start":{"line":170,"column":12},"end":{"line":170,"column":42}},"10":{"start":{"line":171,"column":12},"end":{"line":171,"column":42}},"11":{"start":{"line":172,"column":20},"end":{"line":172,"column":61}},"12":{"start":{"line":174,"column":2},"end":{"line":174,"column":72}},"13":{"start":{"line":181,"column":2},"end":{"line":181,"column":45}},"14":{"start":{"line":181,"column":32},"end":{"line":181,"column":45}},"15":{"start":{"line":182,"column":2},"end":{"line":184,"column":3}},"16":{"start":{"line":183,"column":4},"end":{"line":183,"column":70}},"17":{"start":{"line":186,"column":14},"end":{"line":186,"column":36}},"18":{"start":{"line":187,"column":12},"end":{"line":187,"column":42}},"19":{"start":{"line":188,"column":12},"end":{"line":188,"column":42}},"20":{"start":{"line":189,"column":12},"end":{"line":189,"column":42}},"21":{"start":{"line":190,"column":2},"end":{"line":190,"column":46}},"22":{"start":{"line":196,"column":22},"end":{"line":204,"column":10}},"23":{"start":{"line":209,"column":30},"end":{"line":266,"column":10}},"24":{"start":{"line":270,"column":2},"end":{"line":313,"column":3}},"25":{"start":{"line":272,"column":4},"end":{"line":291,"column":6}},"26":{"start":{"line":292,"column":9},"end":{"line":313,"column":3}},"27":{"start":{"line":294,"column":4},"end":{"line":312,"column":6}},"28":{"start":{"line":315,"column":2},"end":{"line":315,"column":46}}},"fnMap":{"0":{"name":"getContrastText","decl":{"start":{"line":166,"column":16},"end":{"line":166,"column":31}},"loc":{"start":{"line":166,"column":65},"end":{"line":175,"column":1}},"line":166},"1":{"name":"withOpacity","decl":{"start":{"line":180,"column":16},"end":{"line":180,"column":27}},"loc":{"start":{"line":180,"column":68},"end":{"line":191,"column":1}},"line":180},"2":{"name":"getThemedColors","decl":{"start":{"line":269,"column":16},"end":{"line":269,"column":31}},"loc":{"start":{"line":269,"column":84},"end":{"line":316,"column":1}},"line":269}},"branchMap":{"0":{"loc":{"start":{"line":174,"column":9},"end":{"line":174,"column":71}},"type":"cond-expr","locations":[{"start":{"line":174,"column":27},"end":{"line":174,"column":49}},{"start":{"line":174,"column":52},"end":{"line":174,"column":71}}],"line":174},"1":{"loc":{"start":{"line":181,"column":2},"end":{"line":181,"column":45}},"type":"if","locations":[{"start":{"line":181,"column":2},"end":{"line":181,"column":45}},{"start":{},"end":{}}],"line":181},"2":{"loc":{"start":{"line":182,"column":2},"end":{"line":184,"column":3}},"type":"if","locations":[{"start":{"line":182,"column":2},"end":{"line":184,"column":3}},{"start":{},"end":{}}],"line":182},"3":{"loc":{"start":{"line":269,"column":53},"end":{"line":269,"column":82}},"type":"default-arg","locations":[{"start":{"line":269,"column":77},"end":{"line":269,"column":82}}],"line":269},"4":{"loc":{"start":{"line":270,"column":2},"end":{"line":313,"column":3}},"type":"if","locations":[{"start":{"line":270,"column":2},"end":{"line":313,"column":3}},{"start":{"line":292,"column":9},"end":{"line":313,"column":3}}],"line":270},"5":{"loc":{"start":{"line":270,"column":6},"end":{"line":270,"column":32}},"type":"binary-expr","locations":[{"start":{"line":270,"column":6},"end":{"line":270,"column":18}},{"start":{"line":270,"column":22},"end":{"line":270,"column":32}}],"line":270},"6":{"loc":{"start":{"line":292,"column":9},"end":{"line":313,"column":3}},"type":"if","locations":[{"start":{"line":292,"column":9},"end":{"line":313,"column":3}},{"start":{},"end":{}}],"line":292},"7":{"loc":{"start":{"line":292,"column":13},"end":{"line":292,"column":40}},"type":"binary-expr","locations":[{"start":{"line":292,"column":13},"end":{"line":292,"column":25}},{"start":{"line":292,"column":29},"end":{"line":292,"column":40}}],"line":292},"8":{"loc":{"start":{"line":315,"column":9},"end":{"line":315,"column":45}},"type":"cond-expr","locations":[{"start":{"line":315,"column":22},"end":{"line":315,"column":36}},{"start":{"line":315,"column":39},"end":{"line":315,"column":45}}],"line":315}},"s":{"0":8,"1":8,"2":8,"3":8,"4":8,"5":8,"6":8,"7":0,"8":0,"9":0,"10":0,"11":0,"12":0,"13":0,"14":0,"15":0,"16":0,"17":0,"18":0,"19":0,"20":0,"21":0,"22":8,"23":8,"24":500,"25":0,"26":500,"27":0,"28":500},"f":{"0":0,"1":0,"2":500},"b":{"0":[0,0],"1":[0,0],"2":[0,0],"3":[0],"4":[0,500],"5":[500,0],"6":[0,500],"7":[500,0],"8":[0,500]},"_coverageSchema":"1a1c01bbd47fc00a2c39e90264f33305004495a9","hash":"57b5735b50bd61259b93bf1a22c5db9bbcf0326b"}
,"/Volumes/MyMacDrive/compcs620/vnest-monorepo/frontend/contexts/ThemeContext.tsx": {"path":"/Volumes/MyMacDrive/compcs620/vnest-monorepo/frontend/contexts/ThemeContext.tsx","statementMap":{"0":{"start":{"line":16,"column":21},"end":{"line":16,"column":75}},"1":{"start":{"line":18,"column":26},"end":{"line":18,"column":45}},"2":{"start":{"line":19,"column":34},"end":{"line":19,"column":56}},"3":{"start":{"line":22,"column":28},"end":{"line":22,"column":50}},"4":{"start":{"line":23,"column":41},"end":{"line":23,"column":70}},"5":{"start":{"line":24,"column":42},"end":{"line":24,"column":57}},"6":{"start":{"line":25,"column":36},"end":{"line":25,"column":50}},"7":{"start":{"line":28,"column":21},"end":{"line":30,"column":26}},"8":{"start":{"line":33,"column":2},"end":{"line":35,"column":9}},"9":{"start":{"line":34,"column":4},"end":{"line":34,"column":26}},"10":{"start":{"line":37,"column":30},"end":{"line":53,"column":3}},"11":{"start":{"line":38,"column":4},"end":{"line":52,"column":5}},"12":{"start":{"line":39,"column":25},"end":{"line":39,"column":70}},"13":{"start":{"line":40,"column":6},"end":{"line":42,"column":7}},"14":{"start":{"line":41,"column":8},"end":{"line":41,"column":51}},"15":{"start":{"line":44,"column":32},"end":{"line":44,"column":85}},"16":{"start":{"line":45,"column":6},"end":{"line":47,"column":7}},"17":{"start":{"line":46,"column":8},"end":{"line":46,"column":54}},"18":{"start":{"line":49,"column":6},"end":{"line":49,"column":63}},"19":{"start":{"line":51,"column":6},"end":{"line":51,"column":26}},"20":{"start":{"line":55,"column":23},"end":{"line":62,"column":3}},"21":{"start":{"line":56,"column":4},"end":{"line":61,"column":5}},"22":{"start":{"line":57,"column":6},"end":{"line":57,"column":58}},"23":{"start":{"line":58,"column":6},"end":{"line":58,"column":30}},"24":{"start":{"line":60,"column":6},"end":{"line":60,"column":63}},"25":{"start":{"line":64,"column":22},"end":{"line":67,"column":3}},"26":{"start":{"line":65,"column":20},"end":{"line":65,"column":49}},"27":{"start":{"line":66,"column":4},"end":{"line":66,"column":32}},"28":{"start":{"line":69,"column":29},"end":{"line":77,"column":3}},"29":{"start":{"line":70,"column":4},"end":{"line":76,"column":5}},"30":{"start":{"line":71,"column":23},"end":{"line":71,"column":36}},"31":{"start":{"line":72,"column":6},"end":{"line":72,"column":81}},"32":{"start":{"line":73,"column":6},"end":{"line":73,"column":32}},"33":{"start":{"line":75,"column":6},"end":{"line":75,"column":71}},"34":{"start":{"line":80,"column":2},"end":{"line":82,"column":3}},"35":{"start":{"line":81,"column":4},"end":{"line":81,"column":16}},"36":{"start":{"line":84,"column":2},"end":{"line":88,"column":4}},"37":{"start":{"line":92,"column":18},"end":{"line":92,"column":42}},"38":{"start":{"line":93,"column":2},"end":{"line":95,"column":3}},"39":{"start":{"line":94,"column":4},"end":{"line":94,"column":68}},"40":{"start":{"line":96,"column":2},"end":{"line":96,"column":17}}},"fnMap":{"0":{"name":"ThemeProvider","decl":{"start":{"line":21,"column":16},"end":{"line":21,"column":29}},"loc":{"start":{"line":21,"column":69},"end":{"line":89,"column":1}},"line":21},"1":{"name":"(anonymous_1)","decl":{"start":{"line":33,"column":12},"end":{"line":33,"column":13}},"loc":{"start":{"line":33,"column":18},"end":{"line":35,"column":3}},"line":33},"2":{"name":"(anonymous_2)","decl":{"start":{"line":37,"column":30},"end":{"line":37,"column":31}},"loc":{"start":{"line":37,"column":42},"end":{"line":53,"column":3}},"line":37},"3":{"name":"(anonymous_3)","decl":{"start":{"line":55,"column":23},"end":{"line":55,"column":24}},"loc":{"start":{"line":55,"column":50},"end":{"line":62,"column":3}},"line":55},"4":{"name":"(anonymous_4)","decl":{"start":{"line":64,"column":22},"end":{"line":64,"column":23}},"loc":{"start":{"line":64,"column":34},"end":{"line":67,"column":3}},"line":64},"5":{"name":"(anonymous_5)","decl":{"start":{"line":69,"column":29},"end":{"line":69,"column":30}},"loc":{"start":{"line":69,"column":41},"end":{"line":77,"column":3}},"line":69},"6":{"name":"useTheme","decl":{"start":{"line":91,"column":16},"end":{"line":91,"column":24}},"loc":{"start":{"line":91,"column":27},"end":{"line":97,"column":1}},"line":91}},"branchMap":{"0":{"loc":{"start":{"line":28,"column":21},"end":{"line":30,"column":26}},"type":"cond-expr","locations":[{"start":{"line":29,"column":6},"end":{"line":29,"column":34}},{"start":{"line":30,"column":6},"end":{"line":30,"column":26}}],"line":28},"1":{"loc":{"start":{"line":40,"column":6},"end":{"line":42,"column":7}},"type":"if","locations":[{"start":{"line":40,"column":6},"end":{"line":42,"column":7}},{"start":{},"end":{}}],"line":40},"2":{"loc":{"start":{"line":40,"column":10},"end":{"line":40,"column":100}},"type":"binary-expr","locations":[{"start":{"line":40,"column":10},"end":{"line":40,"column":20}},{"start":{"line":40,"column":25},"end":{"line":40,"column":47}},{"start":{"line":40,"column":51},"end":{"line":40,"column":72}},{"start":{"line":40,"column":76},"end":{"line":40,"column":99}}],"line":40},"3":{"loc":{"start":{"line":45,"column":6},"end":{"line":47,"column":7}},"type":"if","locations":[{"start":{"line":45,"column":6},"end":{"line":47,"column":7}},{"start":{},"end":{}}],"line":45},"4":{"loc":{"start":{"line":65,"column":20},"end":{"line":65,"column":49}},"type":"cond-expr","locations":[{"start":{"line":65,"column":33},"end":{"line":65,"column":40}},{"start":{"line":65,"column":43},"end":{"line":65,"column":49}}],"line":65},"5":{"loc":{"start":{"line":80,"column":2},"end":{"line":82,"column":3}},"type":"if","locations":[{"start":{"line":80,"column":2},"end":{"line":82,"column":3}},{"start":{},"end":{}}],"line":80},"6":{"loc":{"start":{"line":93,"column":2},"end":{"line":95,"column":3}},"type":"if","locations":[{"start":{"line":93,"column":2},"end":{"line":95,"column":3}},{"start":{},"end":{}}],"line":93}},"s":{"0":7,"1":7,"2":7,"3":71,"4":71,"5":71,"6":71,"7":71,"8":71,"9":35,"10":71,"11":35,"12":35,"13":35,"14":0,"15":35,"16":35,"17":0,"18":0,"19":35,"20":71,"21":0,"22":0,"23":0,"24":0,"25":71,"26":0,"27":0,"28":71,"29":0,"30":0,"31":0,"32":0,"33":0,"34":71,"35":35,"36":36,"37":500,"38":500,"39":0,"40":500},"f":{"0":71,"1":35,"2":35,"3":0,"4":0,"5":0,"6":500},"b":{"0":[71,0],"1":[0,35],"2":[35,0,0,0],"3":[0,35],"4":[0,0],"5":[35,36],"6":[0,500]},"_coverageSchema":"1a1c01bbd47fc00a2c39e90264f33305004495a9","hash":"ec79d435e3b9074b02aac7f490e86423fc87b4c4"}
[...]
":74,"column":12},"end":{"line":74,"column":45}},"25":{"start":{"line":74,"column":23},"end":{"line":74,"column":45}},"26":{"start":{"line":77,"column":8},"end":{"line":83,"column":12}},"27":{"start":{"line":77,"column":68},"end":{"line":83,"column":9}},"28":{"start":{"line":87,"column":30},"end":{"line":87,"column":50}}},"fnMap":{"0":{"name":"(anonymous_0)","decl":{"start":{"line":27,"column":4},"end":{"line":27,"column":5}},"loc":{"start":{"line":27,"column":45},"end":{"line":29,"column":5}},"line":27},"1":{"name":"(anonymous_1)","decl":{"start":{"line":31,"column":4},"end":{"line":31,"column":5}},"loc":{"start":{"line":31,"column":61},"end":{"line":33,"column":5}},"line":31},"2":{"name":"(anonymous_2)","decl":{"start":{"line":35,"column":4},"end":{"line":35,"column":5}},"loc":{"start":{"line":35,"column":64},"end":{"line":37,"column":5}},"line":35},"3":{"name":"(anonymous_3)","decl":{"start":{"line":39,"column":4},"end":{"line":39,"column":5}},"loc":{"start":{"line":39,"column":45},"end":{"line":41,"column":5}},"line":39},"4":{"name":"(anonymous_4)","decl":{"start":{"line":43,"column":4},"end":{"line":43,"column":5}},"loc":{"start":{"line":43,"column":61},"end":{"line":84,"column":5}},"line":43},"5":{"name":"(anonymous_5)","decl":{"start":{"line":70,"column":36},"end":{"line":70,"column":37}},"loc":{"start":{"line":70,"column":41},"end":{"line":70,"column":59}},"line":70},"6":{"name":"(anonymous_6)","decl":{"start":{"line":77,"column":45},"end":{"line":77,"column":46}},"loc":{"start":{"line":77,"column":68},"end":{"line":83,"column":9}},"line":77}},"branchMap":{"0":{"loc":{"start":{"line":19,"column":0},"end":{"line":21,"column":117}},"type":"cond-expr","locations":[{"start":{"line":20,"column":7},"end":{"line":20,"column":114}},{"start":{"line":21,"column":7},"end":{"line":21,"column":116}}],"line":19},"1":{"loc":{"start":{"line":55,"column":12},"end":{"line":61,"column":13}},"type":"if","locations":[{"start":{"line":55,"column":12},"end":{"line":61,"column":13}},{"start":{},"end":{}}],"line":55},"2":{"loc":{"start":{"line":66,"column":12},"end":{"line":66,"column":42}},"type":"if","locations":[{"start":{"line":66,"column":12},"end":{"line":66,"column":42}},{"start":{},"end":{}}],"line":66},"3":{"loc":{"start":{"line":71,"column":12},"end":{"line":71,"column":32}},"type":"if","locations":[{"start":{"line":71,"column":12},"end":{"line":71,"column":32}},{"start":{},"end":{}}],"line":71},"4":{"loc":{"start":{"line":74,"column":12},"end":{"line":74,"column":45}},"type":"if","locations":[{"start":{"line":74,"column":12},"end":{"line":74,"column":45}},{"start":{},"end":{}}],"line":74},"5":{"loc":{"start":{"line":82,"column":24},"end":{"line":82,"column":99}},"type":"cond-expr","locations":[{"start":{"line":82,"column":48},"end":{"line":82,"column":95}},{"start":{"line":82,"column":98},"end":{"line":82,"column":99}}],"line":82}},"s":{"0":2,"1":2,"2":2,"3":1,"4":2,"5":1,"6":1,"7":7,"8":7,"9":7,"10":7,"11":7,"12":22,"13":15,"14":7,"15":28,"16":28,"17":28,"18":7,"19":16,"20":28,"21":16,"22":1,"23":15,"24":15,"25":15,"26":7,"27":15,"28":2},"f":{"0":1,"1":2,"2":1,"3":1,"4":7,"5":28,"6":15},"b":{"0":[0,2],"1":[15,7],"2":[28,0],"3":[1,15],"4":[15,0],"5":[14,1]},"_coverageSchema":"1a1c01bbd47fc00a2c39e90264f33305004495a9","hash":"ca8888a4f9b1c5f568c1a05a54f2e41dde349b84"}
,"/Volumes/MyMacDrive/compcs620/vnest-monorepo/frontend/testing/testUtils.tsx": {"path":"/Volumes/MyMacDrive/compcs620/vnest-monorepo/frontend/testing/testUtils.tsx","statementMap":{"0":{"start":{"line":14,"column":4},"end":{"line":14,"column":53}},"1":{"start":{"line":17,"column":17},"end":{"line":17,"column":61}},"2":{"start":{"line":20,"column":2},"end":{"line":20,"column":60}},"3":{"start":{"line":22,"column":2},"end":{"line":22,"column":16}}},"fnMap":{"0":{"name":"renderWithProviders","decl":{"start":{"line":9,"column":22},"end":{"line":9,"column":41}},"loc":{"start":{"line":12,"column":2},"end":{"line":23,"column":1}},"line":12},"1":{"name":"Wrapper","decl":{"start":{"line":13,"column":11},"end":{"line":13,"column":18}},"loc":{"start":{"line":13,"column":64},"end":{"line":15,"column":3}},"line":13},"2":{"name":"(anonymous_2)","decl":{"start":{"line":20,"column":16},"end":{"line":20,"column":17}},"loc":{"start":{"line":20,"column":22},"end":{"line":20,"column":24}},"line":20},"3":{"name":"(anonymous_3)","decl":{"start":{"line":20,"column":50},"end":{"line":20,"column":51}},"loc":{"start":{"line":20,"column":56},"end":{"line":20,"column":58}},"line":20}},"branchMap":{},"s":{"0":36,"1":35,"2":35,"3":35},"f":{"0":35,"1":36,"2":35,"3":0},"b":{},"_coverageSchema":"1a1c01bbd47fc00a2c39e90264f33305004495a9","hash":"61c51bec3822cc5b1d1268605cd38bd119dbaff7"}
,"/Volumes/MyMacDrive/compcs620/vnest-monorepo/frontend/testing/__helpers__/apiTestHelpers.ts": {"path":"/Volumes/MyMacDrive/compcs620/vnest-monorepo/frontend/testing/__helpers__/apiTestHelpers.ts","statementMap":{"0":{"start":{"line":5,"column":30},"end":{"line":11,"column":2}},"1":{"start":{"line":5,"column":103},"end":{"line":11,"column":1}},"2":{"start":{"line":13,"column":32},"end":{"line":16,"column":2}},"3":{"start":{"line":13,"column":77},"end":{"line":16,"column":1}},"4":{"start":{"line":18,"column":37},"end":{"line":32,"column":1}},"5":{"start":{"line":24,"column":26},"end":{"line":24,"column":45}},"6":{"start":{"line":25,"column":4},"end":{"line":31,"column":6}},"7":{"start":{"line":34,"column":31},"end":{"line":37,"column":2}},"8":{"start":{"line":34,"column":70},"end":{"line":37,"column":1}},"9":{"start":{"line":39,"column":33},"end":{"line":42,"column":2}},"10":{"start":{"line":39,"column":72},"end":{"line":42,"column":1}},"11":{"start":{"line":44,"column":30},"end":{"line":45,"column":45}},"12":{"start":{"line":45,"column":4},"end":{"line":45,"column":45}}},"fnMap":{"0":{"name":"(anonymous_0)","decl":{"start":{"line":5,"column":30},"end":{"line":5,"column":31}},"loc":{"start":{"line":5,"column":103},"end":{"line":11,"column":1}},"line":5},"1":{"name":"(anonymous_1)","decl":{"start":{"line":13,"column":32},"end":{"line":13,"column":33}},"loc":{"start":{"line":13,"column":77},"end":{"line":16,"column":1}},"line":13},"2":{"name":"(anonymous_2)","decl":{"start":{"line":18,"column":37},"end":{"line":18,"column":38}},"loc":{"start":{"line":23,"column":21},"end":{"line":32,"column":1}},"line":23},"3":{"name":"(anonymous_3)","decl":{"start":{"line":34,"column":31},"end":{"line":34,"column":32}},"loc":{"start":{"line":34,"column":70},"end":{"line":37,"column":1}},"line":34},"4":{"name":"(anonymous_4)","decl":{"start":{"line":39,"column":33},"end":{"line":39,"column":34}},"loc":{"start":{"line":39,"column":72},"end":{"line":42,"column":1}},"line":39},"5":{"name":"(anonymous_5)","decl":{"start":{"line":44,"column":30},"end":{"line":44,"column":31}},"loc":{"start":{"line":45,"column":4},"end":{"line":45,"column":45}},"line":45}},"branchMap":{"0":{"loc":{"start":{"line":21,"column":4},"end":{"line":21,"column":25}},"type":"default-arg","locations":[{"start":{"line":21,"column":24},"end":{"line":21,"column":25}}],"line":21},"1":{"loc":{"start":{"line":24,"column":26},"end":{"line":24,"column":45}},"type":"binary-expr","locations":[{"start":{"line":24,"column":26},"end":{"line":24,"column":34}},{"start":{"line":24,"column":38},"end":{"line":24,"column":45}}],"line":24},"2":{"loc":{"start":{"line":44,"column":57},"end":{"line":44,"column":76}},"type":"default-arg","locations":[{"start":{"line":44,"column":75},"end":{"line":44,"column":76}}],"line":44}},"s":{"0":6,"1":50,"2":6,"3":15,"4":6,"5":48,"6":48,"7":6,"8":9,"9":6,"10":9,"11":6,"12":16},"f":{"0":50,"1":15,"2":48,"3":9,"4":9,"5":16},"b":{"0":[13],"1":[48,14],"2":[4]},"_coverageSchema":"1a1c01bbd47fc00a2c39e90264f33305004495a9","hash":"3041d41d57a9d8b291520b2340c89a2713399750"}
,"/Volumes/MyMacDrive/compcs620/vnest-monorepo/frontend/utils/responsive.ts": {"path":"/Volumes/MyMacDrive/compcs620/vnest-monorepo/frontend/utils/responsive.ts","statementMap":{"0":{"start":{"line":4,"column":55},"end":{"line":4,"column":79}},"1":{"start":{"line":7,"column":27},"end":{"line":11,"column":1}},"2":{"start":{"line":14,"column":29},"end":{"line":18,"column":1}},"3":{"start":{"line":15,"column":2},"end":{"line":15,"column":57}},"4":{"start":{"line":15,"column":41},"end":{"line":15,"column":57}},"5":{"start":{"line":16,"column":2},"end":{"line":16,"column":57}},"6":{"start":{"line":16,"column":41},"end":{"line":16,"column":57}},"7":{"start":{"line":17,"column":2},"end":{"line":17,"column":19}},"8":{"start":{"line":21,"column":32},"end":{"line":21,"column":72}},"9":{"start":{"line":21,"column":38},"end":{"line":21,"column":72}},"10":{"start":{"line":22,"column":24},"end":{"line":22,"column":63}},"11":{"start":{"line":22,"column":30},"end":{"line":22,"column":63}},"12":{"start":{"line":23,"column":25},"end":{"line":23,"column":66}},"13":{"start":{"line":23,"column":31},"end":{"line":23,"column":66}},"14":{"start":{"line":26,"column":21},"end":{"line":26,"column":42}},"15":{"start":{"line":27,"column":21},"end":{"line":27,"column":42}},"16":{"start":{"line":28,"column":25},"end":{"line":28,"column":50}},"17":{"start":{"line":31,"column":31},"end":{"line":33,"column":1}},"18":{"start":{"line":32,"column":2},"end":{"line":32,"column":43}},"19":{"start":{"line":35,"column":32},"end":{"line":37,"column":1}},"20":{"start":{"line":36,"column":2},"end":{"line":36,"column":44}},"21":{"start":{"line":40,"column":34},"end":{"line":54,"column":1}},"22":{"start":{"line":42,"column":2},"end":{"line":44,"column":3}},"23":{"start":{"line":43,"column":4},"end":{"line":43,"column":38}},"24":{"start":{"line":46,"column":16},"end":{"line":46,"column":47}},"25":{"start":{"line":47,"column":18},"end":{"line":47,"column":30}},"26":{"start":{"line":50,"column":18},"end":{"line":50,"column":20}},"27":{"start":{"line":51,"column":18},"end":{"line":51,"column":63}},"28":{"start":{"line":53,"column":2},"end":{"line":53,"column":87}},"29":{"start":{"line":57,"column":23},"end":{"line":64,"column":1}},"30":{"start":{"line":67,"column":33},"end":{"line":90,"column":1}},"31":{"start":{"line":68,"column":21},"end":{"line":68,"column":36}},"32":{"start":{"line":70,"column":2},"end":{"line":89,"column":3}},"33":{"start":{"line":72,"column":6},"end":{"line":76,"column":8}},"34":{"start":{"line":78,"column":6},"end":{"line":82,"column":8}},"35":{"start":{"line":84,"column":6},"end":{"line":88,"column":8}},"36":{"start":{"line":93,"column":37},"end":{"line":119,"column":1}},"37":{"start":{"line":94,"column":21},"end":{"line":94,"column":36}},"38":{"start":{"line":96,"column":2},"end":{"line":118,"column":3}},"39":{"start":{"line":98,"column":6},"end":{"line":103,"column":8}},"40":{"start":{"line":105,"column":6},"end":{"line":110,"column":8}},"41":{"start":{"line":112,"column":6},"end":{"line":117,"column":8}},"42":{"start":{"line":122,"column":31},"end":{"line":133,"column":1}},"43":{"start":{"line":123,"column":21},"end":{"line":123,"column":36}},"44":{"start":{"line":125,"column":2},"end":{"line":132,"column":4}},"45":{"start":{"line":136,"column":33},"end":{"line":149,"column":1}},"46":{"start":{"line":137,"column":2},"end":{"line":148,"column":4}},"47":{"start":{"line":152,"column":33},"end":{"line":155,"column":1}}},"fnMap":{"0":{"name":"(anonymous_0)","decl":{"start":{"line":14,"column":29},"end":{"line":14,"column":30}},"loc":{"start":{"line":14,"column":35},"end":{"line":18,"column":1}},"line":14},"1":{"name":"(anonymous_1)","decl":{"start":{"line":21,"column":32},"end":{"line":21,"column":33}},"loc":{"start":{"line":21,"column":38},"end":{"line":21,"column":72}},"line":21},"2":{"name":"(anonymous_2)","decl":{"start":{"line":22,"column":24},"end":{"line":22,"column":25}},"loc":{"start":{"line":22,"column":30},"end":{"line":22,"column":63}},"line":22},"3":{"name":"(anonymous_3)","decl":{"start":{"line":23,"column":25},"end":{"line":23,"column":26}},"loc":{"start":{"line":23,"column":31},"end":{"line":23,"column":66}},"line":23},"4":{"name":"(anonymous_4)","decl":{"start":{"line":31,"column":31},"end":{"line":31,"column":32}},"loc":{"start":{"line":31,"column":55},"end":{"line":33,"column":1}},"line":31},"5":{"name":"(anonymous_5)","decl":{"start":{"line":35,"column":32},"end":{"line":35,"column":33}},"loc":{"start":{"line":35,"column":56},"end":{"line":37,"column":1}},"line":35},"6":{"name":"(anonymous_6)","decl":{"start":{"line":40,"column":34},"end":{"line":40,"column":35}},"loc":{"start":{"line":40,"column":52},"end":{"line":54,"column":1}},"line":40},"7":{"name":"(anonymous_7)","decl":{"start":{"line":67,"column":33},"end":{"line":67,"column":34}},"loc":{"start":{"line":67,"column":39},"end":{"line":90,"column":1}},"line":67},"8":{"name":"(anonymous_8)","decl":{"start":{"line":93,"column":37},"end":{"line":93,"column":38}},"loc":{"start":{"line":93,"column":43},"end":{"line":119,"column":1}},"line":93},"9":{"name":"(anonymous_9)","decl":{"start":{"line":122,"column":31},"end":{"line":122,"column":32}},"loc":{"start":{"line":122,"column":37},"end":{"line":133,"column":1}},"line":122},"10":{"name":"(anonymous_10)","decl":{"start":{"line":136,"column":33},"end":{"line":136,"column":34}},"loc":{"start":{"line":136,"column":39},"end":{"line":149,"column":1}},"line":136}},"branchMap":{"0":{"loc":{"start":{"line":15,"column":2},"end":{"line":15,"column":57}},"type":"if","locations":[{"start":{"line":15,"column":2},"end":{"line":15,"column":57}},{"start":{},"end":{}}],"line":15},"1":{"loc":{"start":{"line":16,"column":2},"end":{"line":16,"column":57}},"type":"if","locations":[{"start":{"line":16,"column":2},"end":{"line":16,"column":57}},{"start":{},"end":{}}],"line":16},"2":{"loc":{"start":{"line":42,"column":2},"end":{"line":44,"column":3}},"type":"if","locations":[{"start":{"line":42,"column":2},"end":{"line":44,"column":3}},{"start":{},"end":{}}],"line":42},"3":{"loc":{"start":{"line":42,"column":6},"end":{"line":42,"column":66}},"type":"binary-expr","locations":[{"start":{"line":42,"column":6},"end":{"line":42,"column":27}},{"start":{"line":42,"column":31},"end":{"line":42,"column":66}}],"line":42},"4":{"loc":{"start":{"line":51,"column":18},"end":{"line":51,"column":63}},"type":"cond-expr","locations":[{"start":{"line":51,"column":42},"end":{"line":51,"column":52}},{"start":{"line":51,"column":55},"end":{"line":51,"column":63}}],"line":51},"5":{"loc":{"start":{"line":58,"column":6},"end":{"line":58,"column":91}},"type":"cond-expr","locations":[{"start":{"line":58,"column":69},"end":{"line":58,"column":70}},{"start":{"line":58,"column":73},"end":{"line":58,"column":91}}],"line":58},"6":{"loc":{"start":{"line":58,"column":6},"end":{"line":58,"column":66}},"type":"binary-expr","locations":[{"start":{"line":58,"column":6},"end":{"line":58,"column":27}},{"start":{"line":58,"column":31},"end":{"line":58,"column":66}}],"line":58},"7":{"loc":{"start":{"line":59,"column":6},"end":{"line":59,"column":91}},"type":"cond-expr","locations":[{"start":{"line":59,"column":69},"end":{"line":59,"column":70}},{"start":{"line":59,"column":73},"end":{"line":59,"column":91}}],"line":59},"8":{"loc":{"start":{"line":59,"column":6},"end":{"line":59,"column":66}},"type":"binary-expr","locations":[{"start":{"line":59,"column":6},"end":{"line":59,"column":27}},{"start":{"line":59,"column":31},"end":{"line":59,"column":66}}],"line":59},"9":{"loc":{"start":{"line":60,"column":6},"end":{"line":60,"column":92}},"type":"cond-expr","locations":[{"start":{"line":60,"column":69},"end":{"line":60,"column":71}},{"start":{"line":60,"column":74},"end":{"line":60,"column":92}}],"line":60},"10":{"loc":{"start":{"line":60,"column":6},"end":{"line":60,"column":66}},"type":"binary-expr","locations":[{"start":{"line":60,"column":6},"end":{"line":60,"column":27}},{"start":{"line":60,"column":31},"end":{"line":60,"column":66}}],"line":60},"11":{"loc":{"start":{"line":61,"column":6},"end":{"line":61,"column":92}},"type":"cond-expr","locations":[{"start":{"line":61,"column":69},"end":{"line":61,"column":71}},{"start":{"line":61,"column":74},"end":{"line":61,"column":92}}],"line":61},"12":{"loc":{"start":{"line":61,"column":6},"end":{"line":61,"column":66}},"type":"binary-expr","locations":[{"start":{"line":61,"column":6},"end":{"line":61,"column":27}},{"start":{"line":61,"column":31},"end":{"line":61,"column":66}}],"line":61},"13":{"loc":{"start":{"line":62,"column":6},"end":{"line":62,"column":92}},"type":"cond-expr","locations":[{"start":{"line":62,"column":69},"end":{"line":62,"column":71}},{"start":{"line":62,"column":74},"end":{"line":62,"column":92}}],"line":62},"14":{"loc":{"start":{"line":62,"column":6},"end":{"line":62,"column":66}},"type":"binary-expr","locations":[{"start":{"line":62,"column":6},"end":{"line":62,"column":27}},{"start":{"line":62,"column":31},"end":{"line":62,"column":66}}],"line":62},"15":{"loc":{"start":{"line":63,"column":7},"end":{"line":63,"column":94}},"type":"cond-expr","locations":[{"start":{"line":63,"column":70},"end":{"line":63,"column":72}},{"start":{"line":63,"column":75},"end":{"line":63,"column":94}}],"line":63},"16":{"loc":{"start":{"line":63,"column":7},"end":{"line":63,"column":67}},"type":"binary-expr","locations":[{"start":{"line":63,"column":7},"end":{"line":63,"column":28}},{"start":{"line":63,"column":32},"end":{"line":63,"column":67}}],"line":63},"17":{"loc":{"start":{"line":70,"column":2},"end":{"line":89,"column":3}},"type":"switch","locations":[{"start":{"line":71,"column":4},"end":{"line":76,"column":8}},{"start":{"line":77,"column":4},"end":{"line":82,"column":8}},{"start":{"line":83,"column":4},"end":{"line":88,"column":8}}],"line":70},"18":{"loc":{"start":{"line":96,"column":2},"end":{"line":118,"column":3}},"type":"switch","locations":[{"start":{"line":97,"column":4},"end":{"line":103,"column":8}},{"start":{"line":104,"column":4},"end":{"line":110,"column":8}},{"start":{"line":111,"column":4},"end":{"line":117,"column":8}}],"line":96},"19":{"loc":{"start":{"line":129,"column":17},"end":{"line":129,"column":48}},"type":"cond-expr","locations":[{"start":{"line":129,"column":43},"end":{"line":129,"column":44}},{"start":{"line":129,"column":47},"end":{"line":129,"column":48}}],"line":129},"20":{"loc":{"start":{"line":130,"column":23},"end":{"line":130,"column":72}},"type":"cond-expr","locations":[{"start":{"line":130,"column":49},"end":{"line":130,"column":59}},{"start":{"line":130,"column":62},"end":{"line":130,"column":72}}],"line":130},"21":{"loc":{"start":{"line":131,"column":21},"end":{"line":131,"column":70}},"type":"cond-expr","locations":[{"start":{"line":131,"column":47},"end":{"line":131,"column":57}},{"start":{"line":131,"column":60},"end":{"line":131,"column":70}}],"line":131},"22":{"loc":{"start":{"line":141,"column":11},"end":{"line":141,"column":73}},"type":"cond-expr","locations":[{"start":{"line":141,"column":49},"end":{"line":141,"column":51}},{"start":{"line":141,"column":54},"end":{"line":141,"column":73}}],"line":141},"23":{"loc":{"start":{"line":146,"column":11},"end":{"line":146,"column":73}},"type":"cond-expr","locations":[{"start":{"line":146,"column":49},"end":{"line":146,"column":51}},{"start":{"line":146,"column":54},"end":{"line":146,"column":73}}],"line":146}},"s":{"0":4,"1":4,"2":4,"3":55,"4":0,"5":55,"6":55,"7":0,"8":4,"9":0,"10":4,"11":0,"12":4,"13":8,"14":4,"15":4,"16":4,"17":4,"18":63,"19":4,"20":51,"21":4,"22":91,"23":0,"24":91,"25":91,"26":91,"27":91,"28":91,"29":4,"30":4,"31":27,"32":27,"33":0,"34":27,"35":0,"36":4,"37":12,"38":12,"39":0,"40":12,"41":0,"42":4,"43":16,"44":16,"45":4,"46":0,"47":4},"f":{"0":55,"1":0,"2":0,"3":8,"4":63,"5":51,"6":91,"7":27,"8":12,"9":16,"10":0},"b":{"0":[0,55],"1":[55,0],"2":[0,91],"3":[91,0],"4":[0,91],"5":[0,4],"6":[4,0],"7":[0,4],"8":[4,0],"9":[0,4],"10":[4,0],"11":[0,4],"12":[4,0],"13":[0,4],"14":[4,0],"15":[0,4],"16":[4,0],"17":[0,27,0],"18":[0,12,0],"19":[0,16],"20":[0,16],"21":[0,16],"22":[0,0],"23":[0,0]},"_coverageSchema":"1a1c01bbd47fc00a2c39e90264f33305004495a9","hash":"46b4377b0e0cdc7ecf09aed90ff5e94702aa93a5"}
}
