{"/Volumes/MyMacDrive/compcs620/vnest-monorepo/frontend/app/(tabs)/settings.tsx": {"path":"/Volumes/MyMacDrive/compcs620/vnest-monorepo/frontend/app/(tabs)/settings.tsx","statementMap":{"0":{"start":{"line":7,"column":16},"end":{"line":12,"column":1}},"1":{"start":{"line":15,"column":34},"end":{"line":15,"column":46}},"2":{"start":{"line":16,"column":42},"end":{"line":16,"column":57}},"3":{"start":{"line":17,"column":17},"end":{"line":17,"column":38}},"4":{"start":{"line":19,"column":24},"end":{"line":19,"column":26}},"5":{"start":{"line":20,"column":24},"end":{"line":20,"column":26}},"6":{"start":{"line":21,"column":20},"end":{"line":21,"column":21}},"7":{"start":{"line":24,"column":23},"end":{"line":29,"column":3}},"8":{"start":{"line":31,"column":27},"end":{"line":33,"column":3}},"9":{"start":{"line":32,"column":4},"end":{"line":32,"column":67}},"10":{"start":{"line":32,"column":24},"end":{"line":32,"column":65}},"11":{"start":{"line":35,"column":27},"end":{"line":37,"column":3}},"12":{"start":{"line":36,"column":4},"end":{"line":36,"column":67}},"13":{"start":{"line":36,"column":24},"end":{"line":36,"column":65}},"14":{"start":{"line":39,"column":23},"end":{"line":41,"column":3}},"15":{"start":{"line":40,"column":4},"end":{"line":40,"column":23}},"16":{"start":{"line":43,"column":25},"end":{"line":45,"column":3}},"17":{"start":{"line":44,"column":4},"end":{"line":44,"column":35}},"18":{"start":{"line":47,"column":2},"end":{"line":198,"column":4}},"19":{"start":{"line":76,"column":12},"end":{"line":103,"column":31}},"20":{"start":{"line":83,"column":29},"end":{"line":83,"column":55}},"21":{"start":{"line":201,"column":15},"end":{"line":425,"column":2}}},"fnMap":{"0":{"name":"SettingsScreen","decl":{"start":{"line":14,"column":24},"end":{"line":14,"column":38}},"loc":{"start":{"line":14,"column":41},"end":{"line":199,"column":1}},"line":14},"1":{"name":"(anonymous_1)","decl":{"start":{"line":31,"column":27},"end":{"line":31,"column":28}},"loc":{"start":{"line":31,"column":33},"end":{"line":33,"column":3}},"line":31},"2":{"name":"(anonymous_2)","decl":{"start":{"line":32,"column":16},"end":{"line":32,"column":17}},"loc":{"start":{"line":32,"column":24},"end":{"line":32,"column":65}},"line":32},"3":{"name":"(anonymous_3)","decl":{"start":{"line":35,"column":27},"end":{"line":35,"column":28}},"loc":{"start":{"line":35,"column":33},"end":{"line":37,"column":3}},"line":35},"4":{"name":"(anonymous_4)","decl":{"start":{"line":36,"column":16},"end":{"line":36,"column":17}},"loc":{"start":{"line":36,"column":24},"end":{"line":36,"column":65}},"line":36},"5":{"name":"(anonymous_5)","decl":{"start":{"line":39,"column":23},"end":{"line":39,"column":24}},"loc":{"start":{"line":39,"column":42},"end":{"line":41,"column":3}},"line":39},"6":{"name":"(anonymous_6)","decl":{"start":{"line":43,"column":25},"end":{"line":43,"column":26}},"loc":{"start":{"line":43,"column":31},"end":{"line":45,"column":3}},"line":43},"7":{"name":"(anonymous_7)","decl":{"start":{"line":75,"column":28},"end":{"line":75,"column":29}},"loc":{"start":{"line":76,"column":12},"end":{"line":103,"column":31}},"line":76},"8":{"name":"(anonymous_8)","decl":{"start":{"line":83,"column":23},"end":{"line":83,"column":24}},"loc":{"start":{"line":83,"column":29},"end":{"line":83,"column":55}},"line":83}},"branchMap":{"0":{"loc":{"start":{"line":51,"column":8},"end":{"line":51,"column":49}},"type":"binary-expr","locations":[{"start":{"line":51,"column":8},"end":{"line":51,"column":23}},{"start":{"line":51,"column":27},"end":{"line":51,"column":49}}],"line":51},"1":{"loc":{"start":{"line":52,"column":8},"end":{"line":52,"column":52}},"type":"binary-expr","locations":[{"start":{"line":52,"column":8},"end":{"line":52,"column":20}},{"start":{"line":52,"column":24},"end":{"line":52,"column":52}}],"line":52},"2":{"loc":{"start":{"line":57,"column":8},"end":{"line":57,"column":47}},"type":"binary-expr","locations":[{"start":{"line":57,"column":8},"end":{"line":57,"column":20}},{"start":{"line":57,"column":24},"end":{"line":57,"column":47}}],"line":57},"3":{"loc":{"start":{"line":58,"column":20},"end":{"line":58,"column":84}},"type":"cond-expr","locations":[{"start":{"line":58,"column":34},"end":{"line":58,"column":36}},{"start":{"line":58,"column":39},"end":{"line":58,"column":84}}],"line":58},"4":{"loc":{"start":{"line":58,"column":58},"end":{"line":58,"column":83}},"type":"cond-expr","locations":[{"start":{"line":58,"column":76},"end":{"line":58,"column":78}},{"start":{"line":58,"column":81},"end":{"line":58,"column":83}}],"line":58},"5":{"loc":{"start":{"line":67,"column":10},"end":{"line":67,"column":49}},"type":"binary-expr","locations":[{"start":{"line":67,"column":10},"end":{"line":67,"column":22}},{"start":{"line":67,"column":26},"end":{"line":67,"column":49}}],"line":67},"6":{"loc":{"start":{"line":68,"column":22},"end":{"line":68,"column":86}},"type":"cond-expr","locations":[{"start":{"line":68,"column":36},"end":{"line":68,"column":38}},{"start":{"line":68,"column":41},"end":{"line":68,"column":86}}],"line":68},"7":{"loc":{"start":{"line":68,"column":60},"end":{"line":68,"column":85}},"type":"cond-expr","locations":[{"start":{"line":68,"column":78},"end":{"line":68,"column":80}},{"start":{"line":68,"column":83},"end":{"line":68,"column":85}}],"line":68},"8":{"loc":{"start":{"line":80,"column":16},"end":{"line":80,"column":70}},"type":"binary-expr","locations":[{"start":{"line":80,"column":16},"end":{"line":80,"column":41}},{"start":{"line":80,"column":45},"end":{"line":80,"column":70}}],"line":80},"9":{"loc":{"start":{"line":81,"column":16},"end":{"line":81,"column":57}},"type":"binary-expr","locations":[{"start":{"line":81,"column":16},"end":{"line":81,"column":28}},{"start":{"line":81,"column":32},"end":{"line":81,"column":57}}],"line":81},"10":{"loc":{"start":{"line":92,"column":16},"end":{"line":92,"column":68}},"type":"binary-expr","locations":[{"start":{"line":92,"column":16},"end":{"line":92,"column":41}},{"start":{"line":92,"column":45},"end":{"line":92,"column":68}}],"line":92},"11":{"loc":{"start":{"line":98,"column":16},"end":{"line":98,"column":69}},"type":"binary-expr","locations":[{"start":{"line":98,"column":16},"end":{"line":98,"column":41}},{"start":{"line":98,"column":45},"end":{"line":98,"column":69}}],"line":98},"12":{"loc":{"start":{"line":99,"column":16},"end":{"line":99,"column":55}},"type":"binary-expr","locations":[{"start":{"line":99,"column":16},"end":{"line":99,"column":28}},{"start":{"line":99,"column":32},"end":{"line":99,"column":55}}],"line":99},"13":{"loc":{"start":{"line":112,"column":14},"end":{"line":112,"column":68}},"type":"binary-expr","locations":[{"start":{"line":112,"column":14},"end":{"line":112,"column":39}},{"start":{"line":112,"column":43},"end":{"line":112,"column":68}}],"line":112},"14":{"loc":{"start":{"line":113,"column":14},"end":{"line":113,"column":55}},"type":"binary-expr","locations":[{"start":{"line":113,"column":14},"end":{"line":113,"column":26}},{"start":{"line":113,"column":30},"end":{"line":113,"column":55}}],"line":113},"15":{"loc":{"start":{"line":123,"column":14},"end":{"line":123,"column":72}},"type":"binary-expr","locations":[{"start":{"line":123,"column":14},"end":{"line":123,"column":39}},{"start":{"line":123,"column":43},"end":{"line":123,"column":72}}],"line":123},"16":{"loc":{"start":{"line":129,"column":12},"end":{"line":129,"column":54}},"type":"binary-expr","locations":[{"start":{"line":129,"column":12},"end":{"line":129,"column":24}},{"start":{"line":129,"column":28},"end":{"line":129,"column":54}}],"line":129},"17":{"loc":{"start":{"line":134,"column":14},"end":{"line":134,"column":53}},"type":"binary-expr","locations":[{"start":{"line":134,"column":14},"end":{"line":134,"column":26}},{"start":{"line":134,"column":30},"end":{"line":134,"column":53}}],"line":134},"18":{"loc":{"start":{"line":140,"column":14},"end":{"line":140,"column":53}},"type":"binary-expr","locations":[{"start":{"line":140,"column":14},"end":{"line":140,"column":26}},{"start":{"line":140,"column":30},"end":{"line":140,"column":53}}],"line":140},"19":{"loc":{"start":{"line":149,"column":14},"end":{"line":149,"column":68}},"type":"binary-expr","locations":[{"start":{"line":149,"column":14},"end":{"line":149,"column":39}},{"start":{"line":149,"column":43},"end":{"line":149,"column":68}}],"line":149},"20":{"loc":{"start":{"line":150,"column":14},"end":{"line":150,"column":55}},"type":"binary-expr","locations":[{"start":{"line":150,"column":14},"end":{"line":150,"column":26}},{"start":{"line":150,"column":30},"end":{"line":150,"column":55}}],"line":150},"21":{"loc":{"start":{"line":160,"column":14},"end":{"line":160,"column":72}},"type":"binary-expr","locations":[{"start":{"line":160,"column":14},"end":{"line":160,"column":39}},{"start":{"line":160,"column":43},"end":{"line":160,"column":72}}],"line":160},"22":{"loc":{"start":{"line":170,"column":10},"end":{"line":170,"column":49}},"type":"binary-expr","locations":[{"start":{"line":170,"column":10},"end":{"line":170,"column":22}},{"start":{"line":170,"column":26},"end":{"line":170,"column":49}}],"line":170},"23":{"loc":{"start":{"line":171,"column":22},"end":{"line":171,"column":86}},"type":"cond-expr","locations":[{"start":{"line":171,"column":36},"end":{"line":171,"column":38}},{"start":{"line":171,"column":41},"end":{"line":171,"column":86}}],"line":171},"24":{"loc":{"start":{"line":171,"column":60},"end":{"line":171,"column":85}},"type":"cond-expr","locations":[{"start":{"line":171,"column":78},"end":{"line":171,"column":80}},{"start":{"line":171,"column":83},"end":{"line":171,"column":85}}],"line":171},"25":{"loc":{"start":{"line":179,"column":12},"end":{"line":179,"column":53}},"type":"binary-expr","locations":[{"start":{"line":179,"column":12},"end":{"line":179,"column":24}},{"start":{"line":179,"column":28},"end":{"line":179,"column":53}}],"line":179},"26":{"loc":{"start":{"line":180,"column":12},"end":{"line":180,"column":53}},"type":"binary-expr","locations":[{"start":{"line":180,"column":12},"end":{"line":180,"column":24}},{"start":{"line":180,"column":28},"end":{"line":180,"column":53}}],"line":180},"27":{"loc":{"start":{"line":184,"column":30},"end":{"line":184,"column":113}},"type":"cond-expr","locations":[{"start":{"line":184,"column":45},"end":{"line":184,"column":79}},{"start":{"line":184,"column":82},"end":{"line":184,"column":113}}],"line":184},"28":{"loc":{"start":{"line":190,"column":12},"end":{"line":190,"column":51}},"type":"binary-expr","locations":[{"start":{"line":190,"column":12},"end":{"line":190,"column":24}},{"start":{"line":190,"column":28},"end":{"line":190,"column":51}}],"line":190},"29":{"loc":{"start":{"line":191,"column":24},"end":{"line":191,"column":88}},"type":"cond-expr","locations":[{"start":{"line":191,"column":38},"end":{"line":191,"column":40}},{"start":{"line":191,"column":43},"end":{"line":191,"column":88}}],"line":191},"30":{"loc":{"start":{"line":191,"column":62},"end":{"line":191,"column":87}},"type":"cond-expr","locations":[{"start":{"line":191,"column":80},"end":{"line":191,"column":82}},{"start":{"line":191,"column":85},"end":{"line":191,"column":87}}],"line":191},"31":{"loc":{"start":{"line":193,"column":13},"end":{"line":193,"column":81}},"type":"cond-expr","locations":[{"start":{"line":193,"column":28},"end":{"line":193,"column":55}},{"start":{"line":193,"column":58},"end":{"line":193,"column":81}}],"line":193}},"s":{"0":1,"1":1,"2":1,"3":1,"4":1,"5":1,"6":1,"7":1,"8":1,"9":0,"10":0,"11":1,"12":0,"13":0,"14":1,"15":0,"16":1,"17":0,"18":1,"19":4,"20":0,"21":1},"f":{"0":1,"1":0,"2":0,"3":0,"4":0,"5":0,"6":0,"7":4,"8":0},"b":{"0":[1,0],"1":[1,0],"2":[1,0],"3":[0,1],"4":[0,1],"5":[1,0],"6":[0,1],"7":[0,1],"8":[4,1],"9":[4,0],"10":[4,1],"11":[4,1],"12":[4,0],"13":[1,0],"14":[1,0],"15":[1,0],"16":[1,0],"17":[1,0],"18":[1,0],"19":[1,0],"20":[1,0],"21":[1,0],"22":[1,0],"23":[0,1],"24":[0,1],"25":[1,0],"26":[1,0],"27":[0,1],"28":[1,0],"29":[0,1],"30":[0,1],"31":[0,1]},"_coverageSchema":"1a1c01bbd47fc00a2c39e90264f33305004495a9","hash":"c185d258ea74e2c99c0b31ecde18f5b3b3ebc091"}
,"/Volumes/MyMacDrive/compcs620/vnest-monorepo/frontend/components/game/CongratsView.tsx": {"path":"/Volumes/MyMacDrive/compcs620/vnest-monorepo/frontend/components/game/CongratsView.tsx","statementMap":{"0":{"start":{"line":21,"column":19},"end":{"line":26,"column":3}},"1":{"start":{"line":28,"column":2},"end":{"line":62,"column":4}},"2":{"start":{"line":65,"column":15},"end":{"line":152,"column":2}}},"fnMap":{"0":{"name":"CongratsView","decl":{"start":{"line":13,"column":16},"end":{"line":13,"column":28}},"loc":{"start":{"line":20,"column":22},"end":{"line":63,"column":1}},"line":20}},"branchMap":{"0":{"loc":{"start":{"line":39,"column":9},"end":{"line":43,"column":9}},"type":"binary-expr","locations":[{"start":{"line":39,"column":9},"end":{"line":39,"column":25}},{"start":{"line":40,"column":10},"end":{"line":42,"column":17}}],"line":39}},"s":{"0":3,"1":3,"2":1},"f":{"0":3},"b":{"0":[3,3]},"_coverageSchema":"1a1c01bbd47fc00a2c39e90264f33305004495a9","hash":"b5b75406d93cec3211334c9223002d638f17faf4"}
,"/Volumes/MyMacDrive/compcs620/vnest-monorepo/frontend/components/game/ConnectionLine.tsx": {"path":"/Volumes/MyMacDrive/compcs620/vnest-monorepo/frontend/components/game/ConnectionLine.tsx","statementMap":{"0":{"start":{"line":20,"column":24},"end":{"line":20,"column":61}},"1":{"start":{"line":21,"column":17},"end":{"line":21,"column":54}},"2":{"start":{"line":22,"column":18},"end":{"line":22,"column":55}},"3":{"start":{"line":24,"column":2},"end":{"line":24,"column":72}},"4":{"start":{"line":26,"column":2},"end":{"line":69,"column":77}},"5":{"start":{"line":27,"column":4},"end":{"line":68,"column":5}},"6":{"start":{"line":28,"column":6},"end":{"line":56,"column":7}},"7":{"start":{"line":30,"column":8},"end":{"line":30,"column":34}},"8":{"start":{"line":31,"column":8},"end":{"line":31,"column":27}},"9":{"start":{"line":32,"column":8},"end":{"line":32,"column":28}},"10":{"start":{"line":35,"column":8},"end":{"line":51,"column":19}},"11":{"start":{"line":53,"column":8},"end":{"line":53,"column":34}},"12":{"start":{"line":54,"column":8},"end":{"line":54,"column":27}},"13":{"start":{"line":55,"column":8},"end":{"line":55,"column":28}},"14":{"start":{"line":59,"column":6},"end":{"line":67,"column":7}},"15":{"start":{"line":60,"column":8},"end":{"line":64,"column":19}},"16":{"start":{"line":66,"column":8},"end":{"line":66,"column":28}},"17":{"start":{"line":71,"column":2},"end":{"line":74,"column":3}},"18":{"start":{"line":72,"column":4},"end":{"line":72,"column":85}},"19":{"start":{"line":73,"column":4},"end":{"line":73,"column":16}},"20":{"start":{"line":76,"column":2},"end":{"line":81,"column":5}},"21":{"start":{"line":84,"column":17},"end":{"line":84,"column":53}},"22":{"start":{"line":85,"column":17},"end":{"line":85,"column":53}},"23":{"start":{"line":86,"column":17},"end":{"line":86,"column":61}},"24":{"start":{"line":87,"column":16},"end":{"line":87,"column":60}},"25":{"start":{"line":89,"column":2},"end":{"line":184,"column":4}},"26":{"start":{"line":187,"column":15},"end":{"line":233,"column":2}}},"fnMap":{"0":{"name":"ConnectionLine","decl":{"start":{"line":13,"column":16},"end":{"line":13,"column":30}},"loc":{"start":{"line":19,"column":24},"end":{"line":185,"column":1}},"line":19},"1":{"name":"(anonymous_1)","decl":{"start":{"line":26,"column":12},"end":{"line":26,"column":13}},"loc":{"start":{"line":26,"column":18},"end":{"line":69,"column":3}},"line":26}},"branchMap":{"0":{"loc":{"start":{"line":16,"column":2},"end":{"line":16,"column":21}},"type":"default-arg","locations":[{"start":{"line":16,"column":10},"end":{"line":16,"column":21}}],"line":16},"1":{"loc":{"start":{"line":17,"column":2},"end":{"line":17,"column":17}},"type":"default-arg","locations":[{"start":{"line":17,"column":16},"end":{"line":17,"column":17}}],"line":17},"2":{"loc":{"start":{"line":18,"column":2},"end":{"line":18,"column":17}},"type":"default-arg","locations":[{"start":{"line":18,"column":13},"end":{"line":18,"column":17}}],"line":18},"3":{"loc":{"start":{"line":27,"column":4},"end":{"line":68,"column":5}},"type":"if","locations":[{"start":{"line":27,"column":4},"end":{"line":68,"column":5}},{"start":{"line":57,"column":11},"end":{"line":68,"column":5}}],"line":27},"4":{"loc":{"start":{"line":27,"column":8},"end":{"line":27,"column":36}},"type":"binary-expr","locations":[{"start":{"line":27,"column":8},"end":{"line":27,"column":21}},{"start":{"line":27,"column":25},"end":{"line":27,"column":36}}],"line":27},"5":{"loc":{"start":{"line":28,"column":6},"end":{"line":56,"column":7}},"type":"if","locations":[{"start":{"line":28,"column":6},"end":{"line":56,"column":7}},{"start":{"line":52,"column":13},"end":{"line":56,"column":7}}],"line":28},"6":{"loc":{"start":{"line":59,"column":6},"end":{"line":67,"column":7}},"type":"if","locations":[{"start":{"line":59,"column":6},"end":{"line":67,"column":7}},{"start":{"line":65,"column":13},"end":{"line":67,"column":7}}],"line":59},"7":{"loc":{"start":{"line":71,"column":2},"end":{"line":74,"column":3}},"type":"if","locations":[{"start":{"line":71,"column":2},"end":{"line":74,"column":3}},{"start":{},"end":{}}],"line":71},"8":{"loc":{"start":{"line":71,"column":6},"end":{"line":71,"column":36}},"type":"binary-expr","locations":[{"start":{"line":71,"column":6},"end":{"line":71,"column":20}},{"start":{"line":71,"column":24},"end":{"line":71,"column":36}}],"line":71}},"s":{"0":2,"1":2,"2":2,"3":2,"4":2,"5":2,"6":2,"7":2,"8":2,"9":2,"10":2,"11":0,"12":0,"13":0,"14":0,"15":0,"16":0,"17":2,"18":0,"19":0,"20":2,"21":2,"22":2,"23":2,"24":2,"25":2,"26":1},"f":{"0":2,"1":2},"b":{"0":[0],"1":[2],"2":[2],"3":[2,0],"4":[2,2],"5":[2,0],"6":[0,0],"7":[0,2],"8":[2,2]},"_coverageSchema":"1a1c01bbd47fc00a2c39e90264f33305004495a9","hash":"5c025b2a6a2e7b85d51a73ff74386fcc6aa9640c"}
,"/Volumes/MyMacDrive/compcs620/vnest-monorepo/frontend/components/game/ErrorView.tsx": {"path":"/Volumes/MyMacDrive/compcs620/vnest-monorepo/frontend/components/game/ErrorView.tsx","statementMap":{"0":{"start":{"line":11,"column":2},"end":{"line":26,"column":4}},"1":{"start":{"line":29,"column":15},"end":{"line":54,"column":2}}},"fnMap":{"0":{"name":"ErrorView","decl":{"start":{"line":10,"column":16},"end":{"line":10,"column":25}},"loc":{"start":{"line":10,"column":77},"end":{"line":27,"column":1}},"line":10}},"branchMap":{"0":{"loc":{"start":{"line":14,"column":16},"end":{"line":14,"column":51}},"type":"binary-expr","locations":[{"start":{"line":14,"column":16},"end":{"line":14,"column":21}},{"start":{"line":14,"column":25},"end":{"line":14,"column":51}}],"line":14}},"s":{"0":4,"1":1},"f":{"0":4},"b":{"0":[4,1]},"_coverageSchema":"1a1c01bbd47fc00a2c39e90264f33305004495a9","hash":"94452d3f9114dff9fd77a4428442574d5f4f3966"}
,"/Volumes/MyMacDrive/compcs620/vnest-monorepo/frontend/components/game/FeedbackView.tsx": {"path":"/Volumes/MyMacDrive/compcs620/vnest-monorepo/frontend/components/game/FeedbackView.tsx","statementMap":{"0":{"start":{"line":34,"column":17},"end":{"line":34,"column":38}},"1":{"start":{"line":35,"column":20},"end":{"line":35,"column":42}},"2":{"start":{"line":38,"column":19},"end":{"line":38,"column":56}},"3":{"start":{"line":39,"column":20},"end":{"line":39,"column":59}},"4":{"start":{"line":41,"column":2},"end":{"line":59,"column":38}},"5":{"start":{"line":43,"column":4},"end":{"line":43,"column":25}},"6":{"start":{"line":44,"column":4},"end":{"line":44,"column":28}},"7":{"start":{"line":46,"column":4},"end":{"line":58,"column":15}},"8":{"start":{"line":61,"column":2},"end":{"line":136,"column":3}},"9":{"start":{"line":62,"column":4},"end":{"line":135,"column":6}},"10":{"start":{"line":89,"column":14},"end":{"line":95,"column":16}},"11":{"start":{"line":139,"column":2},"end":{"line":206,"column":4}},"12":{"start":{"line":166,"column":12},"end":{"line":172,"column":14}},"13":{"start":{"line":209,"column":15},"end":{"line":338,"column":2}}},"fnMap":{"0":{"name":"FeedbackView","decl":{"start":{"line":22,"column":16},"end":{"line":22,"column":28}},"loc":{"start":{"line":33,"column":22},"end":{"line":207,"column":1}},"line":33},"1":{"name":"(anonymous_1)","decl":{"start":{"line":41,"column":12},"end":{"line":41,"column":13}},"loc":{"start":{"line":41,"column":18},"end":{"line":59,"column":3}},"line":41},"2":{"name":"(anonymous_2)","decl":{"start":{"line":88,"column":45},"end":{"line":88,"column":46}},"loc":{"start":{"line":89,"column":14},"end":{"line":95,"column":16}},"line":89},"3":{"name":"(anonymous_3)","decl":{"start":{"line":165,"column":43},"end":{"line":165,"column":44}},"loc":{"start":{"line":166,"column":12},"end":{"line":172,"column":14}},"line":166}},"branchMap":{"0":{"loc":{"start":{"line":61,"column":2},"end":{"line":136,"column":3}},"type":"if","locations":[{"start":{"line":61,"column":2},"end":{"line":136,"column":3}},{"start":{},"end":{}}],"line":61},"1":{"loc":{"start":{"line":70,"column":12},"end":{"line":70,"column":69}},"type":"cond-expr","locations":[{"start":{"line":70,"column":24},"end":{"line":70,"column":44}},{"start":{"line":70,"column":47},"end":{"line":70,"column":69}}],"line":70},"2":{"loc":{"start":{"line":75,"column":26},"end":{"line":75,"column":67}},"type":"cond-expr","locations":[{"start":{"line":75,"column":40},"end":{"line":75,"column":42}},{"start":{"line":75,"column":45},"end":{"line":75,"column":67}}],"line":75},"3":{"loc":{"start":{"line":93,"column":18},"end":{"line":93,"column":73}},"type":"binary-expr","locations":[{"start":{"line":93,"column":18},"end":{"line":93,"column":45}},{"start":{"line":93,"column":49},"end":{"line":93,"column":73}}],"line":93},"4":{"loc":{"start":{"line":103,"column":28},"end":{"line":103,"column":56}},"type":"binary-expr","locations":[{"start":{"line":103,"column":28},"end":{"line":103,"column":50}},{"start":{"line":103,"column":54},"end":{"line":103,"column":56}}],"line":103},"5":{"loc":{"start":{"line":107,"column":28},"end":{"line":107,"column":52}},"type":"binary-expr","locations":[{"start":{"line":107,"column":28},"end":{"line":107,"column":46}},{"start":{"line":107,"column":50},"end":{"line":107,"column":52}}],"line":107},"6":{"loc":{"start":{"line":111,"column":28},"end":{"line":111,"column":55}},"type":"binary-expr","locations":[{"start":{"line":111,"column":28},"end":{"line":111,"column":49}},{"start":{"line":111,"column":53},"end":{"line":111,"column":55}}],"line":111},"7":{"loc":{"start":{"line":115,"column":9},"end":{"line":133,"column":9}},"type":"cond-expr","locations":[{"start":{"line":116,"column":10},"end":{"line":123,"column":29}},{"start":{"line":125,"column":10},"end":{"line":132,"column":29}}],"line":115},"8":{"loc":{"start":{"line":120,"column":57},"end":{"line":120,"column":98}},"type":"cond-expr","locations":[{"start":{"line":120,"column":71},"end":{"line":120,"column":73}},{"start":{"line":120,"column":76},"end":{"line":120,"column":98}}],"line":120},"9":{"loc":{"start":{"line":129,"column":57},"end":{"line":129,"column":98}},"type":"cond-expr","locations":[{"start":{"line":129,"column":71},"end":{"line":129,"column":73}},{"start":{"line":129,"column":76},"end":{"line":129,"column":98}}],"line":129},"10":{"loc":{"start":{"line":147,"column":10},"end":{"line":147,"column":67}},"type":"cond-expr","locations":[{"start":{"line":147,"column":22},"end":{"line":147,"column":42}},{"start":{"line":147,"column":45},"end":{"line":147,"column":67}}],"line":147},"11":{"loc":{"start":{"line":152,"column":24},"end":{"line":152,"column":65}},"type":"cond-expr","locations":[{"start":{"line":152,"column":38},"end":{"line":152,"column":40}},{"start":{"line":152,"column":43},"end":{"line":152,"column":65}}],"line":152},"12":{"loc":{"start":{"line":170,"column":16},"end":{"line":170,"column":71}},"type":"binary-expr","locations":[{"start":{"line":170,"column":16},"end":{"line":170,"column":43}},{"start":{"line":170,"column":47},"end":{"line":170,"column":71}}],"line":170},"13":{"loc":{"start":{"line":180,"column":26},"end":{"line":180,"column":54}},"type":"binary-expr","locations":[{"start":{"line":180,"column":26},"end":{"line":180,"column":48}},{"start":{"line":180,"column":52},"end":{"line":180,"column":54}}],"line":180},"14":{"loc":{"start":{"line":184,"column":26},"end":{"line":184,"column":50}},"type":"binary-expr","locations":[{"start":{"line":184,"column":26},"end":{"line":184,"column":44}},{"start":{"line":184,"column":48},"end":{"line":184,"column":50}}],"line":184},"15":{"loc":{"start":{"line":188,"column":26},"end":{"line":188,"column":53}},"type":"binary-expr","locations":[{"start":{"line":188,"column":26},"end":{"line":188,"column":47}},{"start":{"line":188,"column":51},"end":{"line":188,"column":53}}],"line":188},"16":{"loc":{"start":{"line":192,"column":7},"end":{"line":204,"column":7}},"type":"cond-expr","locations":[{"start":{"line":193,"column":8},"end":{"line":197,"column":27}},{"start":{"line":199,"column":8},"end":{"line":203,"column":27}}],"line":192},"17":{"loc":{"start":{"line":194,"column":55},"end":{"line":194,"column":96}},"type":"cond-expr","locations":[{"start":{"line":194,"column":69},"end":{"line":194,"column":71}},{"start":{"line":194,"column":74},"end":{"line":194,"column":96}}],"line":194},"18":{"loc":{"start":{"line":200,"column":55},"end":{"line":200,"column":96}},"type":"cond-expr","locations":[{"start":{"line":200,"column":69},"end":{"line":200,"column":71}},{"start":{"line":200,"column":74},"end":{"line":200,"column":96}}],"line":200}},"s":{"0":4,"1":4,"2":4,"3":4,"4":4,"5":4,"6":4,"7":4,"8":4,"9":0,"10":0,"11":4,"12":8,"13":1},"f":{"0":4,"1":4,"2":0,"3":8},"b":{"0":[0,4],"1":[0,0],"2":[0,0],"3":[0,0],"4":[0,0],"5":[0,0],"6":[0,0],"7":[0,0],"8":[0,0],"9":[0,0],"10":[1,3],"11":[0,4],"12":[8,4],"13":[4,0],"14":[4,0],"15":[4,0],"16":[1,3],"17":[0,1],"18":[0,3]},"_coverageSchema":"1a1c01bbd47fc00a2c39e90264f33305004495a9","hash":"9d656c99607313c1631a1fe5c1451084d252c301"}
,"/Volumes/MyMacDrive/compcs620/vnest-monorepo/frontend/components/game/GameCard.tsx": {"path":"/Volumes/MyMacDrive/compcs620/vnest-monorepo/frontend/components/game/GameCard.tsx","statementMap":{"0":{"start":{"line":27,"column":17},"end":{"line":27,"column":35}},"1":{"start":{"line":28,"column":25},"end":{"line":28,"column":79}},"2":{"start":{"line":29,"column":18},"end":{"line":29,"column":35}},"3":{"start":{"line":32,"column":20},"end":{"line":32,"column":57}},"4":{"start":{"line":34,"column":23},"end":{"line":57,"column":3}},"5":{"start":{"line":35,"column":4},"end":{"line":56,"column":5}},"6":{"start":{"line":37,"column":6},"end":{"line":55,"column":14}},"7":{"start":{"line":38,"column":8},"end":{"line":54,"column":9}},"8":{"start":{"line":39,"column":10},"end":{"line":53,"column":12}},"9":{"start":{"line":50,"column":14},"end":{"line":50,"column":56}},"10":{"start":{"line":52,"column":28},"end":{"line":52,"column":74}},"11":{"start":{"line":59,"column":2},"end":{"line":77,"column":30}},"12":{"start":{"line":60,"column":4},"end":{"line":76,"column":5}},"13":{"start":{"line":61,"column":6},"end":{"line":68,"column":17}},"14":{"start":{"line":70,"column":6},"end":{"line":75,"column":17}},"15":{"start":{"line":80,"column":29},"end":{"line":82,"column":7}},"16":{"start":{"line":84,"column":2},"end":{"line":120,"column":4}},"17":{"start":{"line":123,"column":15},"end":{"line":170,"column":2}}},"fnMap":{"0":{"name":"GameCard","decl":{"start":{"line":17,"column":16},"end":{"line":17,"column":24}},"loc":{"start":{"line":26,"column":18},"end":{"line":121,"column":1}},"line":26},"1":{"name":"(anonymous_1)","decl":{"start":{"line":34,"column":23},"end":{"line":34,"column":24}},"loc":{"start":{"line":34,"column":39},"end":{"line":57,"column":3}},"line":34},"2":{"name":"(anonymous_2)","decl":{"start":{"line":37,"column":17},"end":{"line":37,"column":18}},"loc":{"start":{"line":37,"column":23},"end":{"line":55,"column":7}},"line":37},"3":{"name":"(anonymous_3)","decl":{"start":{"line":41,"column":12},"end":{"line":41,"column":13}},"loc":{"start":{"line":41,"column":69},"end":{"line":51,"column":13}},"line":41},"4":{"name":"(anonymous_4)","decl":{"start":{"line":52,"column":12},"end":{"line":52,"column":13}},"loc":{"start":{"line":52,"column":28},"end":{"line":52,"column":74}},"line":52},"5":{"name":"(anonymous_5)","decl":{"start":{"line":59,"column":12},"end":{"line":59,"column":13}},"loc":{"start":{"line":59,"column":18},"end":{"line":77,"column":3}},"line":59}},"branchMap":{"0":{"loc":{"start":{"line":19,"column":2},"end":{"line":19,"column":20}},"type":"default-arg","locations":[{"start":{"line":19,"column":15},"end":{"line":19,"column":20}}],"line":19},"1":{"loc":{"start":{"line":21,"column":2},"end":{"line":21,"column":21}},"type":"default-arg","locations":[{"start":{"line":21,"column":12},"end":{"line":21,"column":21}}],"line":21},"2":{"loc":{"start":{"line":28,"column":25},"end":{"line":28,"column":79}},"type":"cond-expr","locations":[{"start":{"line":28,"column":34},"end":{"line":28,"column":57}},{"start":{"line":28,"column":60},"end":{"line":28,"column":79}}],"line":28},"3":{"loc":{"start":{"line":35,"column":4},"end":{"line":56,"column":5}},"type":"if","locations":[{"start":{"line":35,"column":4},"end":{"line":56,"column":5}},{"start":{},"end":{}}],"line":35},"4":{"loc":{"start":{"line":35,"column":8},"end":{"line":35,"column":48}},"type":"binary-expr","locations":[{"start":{"line":35,"column":8},"end":{"line":35,"column":14}},{"start":{"line":35,"column":18},"end":{"line":35,"column":26}},{"start":{"line":35,"column":30},"end":{"line":35,"column":48}}],"line":35},"5":{"loc":{"start":{"line":38,"column":8},"end":{"line":54,"column":9}},"type":"if","locations":[{"start":{"line":38,"column":8},"end":{"line":54,"column":9}},{"start":{},"end":{}}],"line":38},"6":{"loc":{"start":{"line":38,"column":12},"end":{"line":38,"column":48}},"type":"binary-expr","locations":[{"start":{"line":38,"column":12},"end":{"line":38,"column":27}},{"start":{"line":38,"column":31},"end":{"line":38,"column":48}}],"line":38},"7":{"loc":{"start":{"line":60,"column":4},"end":{"line":76,"column":5}},"type":"if","locations":[{"start":{"line":60,"column":4},"end":{"line":76,"column":5}},{"start":{"line":69,"column":11},"end":{"line":76,"column":5}}],"line":60},"8":{"loc":{"start":{"line":80,"column":29},"end":{"line":82,"column":7}},"type":"cond-expr","locations":[{"start":{"line":81,"column":6},"end":{"line":81,"column":35}},{"start":{"line":82,"column":6},"end":{"line":82,"column":7}}],"line":80},"9":{"loc":{"start":{"line":80,"column":29},"end":{"line":80,"column":73}},"type":"binary-expr","locations":[{"start":{"line":80,"column":29},"end":{"line":80,"column":35}},{"start":{"line":80,"column":39},"end":{"line":80,"column":73}}],"line":80},"10":{"loc":{"start":{"line":99,"column":28},"end":{"line":99,"column":59}},"type":"cond-expr","locations":[{"start":{"line":99,"column":37},"end":{"line":99,"column":55}},{"start":{"line":99,"column":58},"end":{"line":99,"column":59}}],"line":99},"11":{"loc":{"start":{"line":102,"column":10},"end":{"line":102,"column":48}},"type":"cond-expr","locations":[{"start":{"line":102,"column":19},"end":{"line":102,"column":34}},{"start":{"line":102,"column":37},"end":{"line":102,"column":48}}],"line":102},"12":{"loc":{"start":{"line":103,"column":10},"end":{"line":103,"column":43}},"type":"binary-expr","locations":[{"start":{"line":103,"column":10},"end":{"line":103,"column":20}},{"start":{"line":103,"column":24},"end":{"line":103,"column":43}}],"line":103},"13":{"loc":{"start":{"line":109,"column":12},"end":{"line":109,"column":54}},"type":"cond-expr","locations":[{"start":{"line":109,"column":21},"end":{"line":109,"column":36}},{"start":{"line":109,"column":39},"end":{"line":109,"column":54}}],"line":109},"14":{"loc":{"start":{"line":110,"column":12},"end":{"line":110,"column":45}},"type":"binary-expr","locations":[{"start":{"line":110,"column":12},"end":{"line":110,"column":22}},{"start":{"line":110,"column":26},"end":{"line":110,"column":45}}],"line":110}},"s":{"0":36,"1":36,"2":36,"3":36,"4":36,"5":0,"6":0,"7":0,"8":0,"9":0,"10":0,"11":36,"12":36,"13":3,"14":33,"15":36,"16":36,"17":3},"f":{"0":36,"1":0,"2":0,"3":0,"4":0,"5":36},"b":{"0":[23],"1":[29],"2":[7,29],"3":[0,0],"4":[0,0,0],"5":[0,0],"6":[0,0],"7":[3,33],"8":[7,29],"9":[36,7],"10":[7,29],"11":[7,29],"12":[36,3],"13":[7,29],"14":[36,3]},"_coverageSchema":"1a1c01bbd47fc00a2c39e90264f33305004495a9","hash":"49c27822f88d17bf571f93253ad8004cafc2f687"}
,"/Volumes/MyMacDrive/compcs620/vnest-monorepo/frontend/components/game/GameView.tsx": {"path":"/Volumes/MyMacDrive/compcs620/vnest-monorepo/frontend/components/game/GameView.tsx","statementMap":{"0":{"start":{"line":28,"column":17},"end":{"line":28,"column":38}},"1":{"start":{"line":29,"column":23},"end":{"line":29,"column":41}},"2":{"start":{"line":38,"column":6},"end":{"line":38,"column":26}},"3":{"start":{"line":41,"column":27},"end":{"line":43,"column":3}},"4":{"start":{"line":42,"column":4},"end":{"line":42,"column":41}},"5":{"start":{"line":46,"column":2},"end":{"line":53,"column":55}},"6":{"start":{"line":47,"column":4},"end":{"line":52,"column":5}},"7":{"start":{"line":55,"column":2},"end":{"line":62,"column":54}},"8":{"start":{"line":56,"column":4},"end":{"line":61,"column":5}},"9":{"start":{"line":65,"column":2},"end":{"line":67,"column":25}},"10":{"start":{"line":66,"column":4},"end":{"line":66,"column":36}},"11":{"start":{"line":66,"column":17},"end":{"line":66,"column":35}},"12":{"start":{"line":69,"column":2},"end":{"line":132,"column":3}},"13":{"start":{"line":71,"column":4},"end":{"line":131,"column":6}},"14":{"start":{"line":102,"column":14},"end":{"line":108,"column":16}},"15":{"start":{"line":106,"column":31},"end":{"line":106,"column":48}},"16":{"start":{"line":120,"column":14},"end":{"line":126,"column":16}},"17":{"start":{"line":124,"column":31},"end":{"line":124,"column":47}},"18":{"start":{"line":135,"column":2},"end":{"line":206,"column":4}},"19":{"start":{"line":153,"column":12},"end":{"line":161,"column":14}},"20":{"start":{"line":160,"column":29},"end":{"line":160,"column":46}},"21":{"start":{"line":183,"column":12},"end":{"line":191,"column":14}},"22":{"start":{"line":190,"column":29},"end":{"line":190,"column":45}},"23":{"start":{"line":198,"column":8},"end":{"line":203,"column":10}},"24":{"start":{"line":209,"column":15},"end":{"line":291,"column":2}}},"fnMap":{"0":{"name":"GameView","decl":{"start":{"line":20,"column":16},"end":{"line":20,"column":24}},"loc":{"start":{"line":27,"column":18},"end":{"line":207,"column":1}},"line":27},"1":{"name":"(anonymous_1)","decl":{"start":{"line":41,"column":27},"end":{"line":41,"column":28}},"loc":{"start":{"line":41,"column":81},"end":{"line":43,"column":3}},"line":41},"2":{"name":"(anonymous_2)","decl":{"start":{"line":46,"column":12},"end":{"line":46,"column":13}},"loc":{"start":{"line":46,"column":18},"end":{"line":53,"column":3}},"line":46},"3":{"name":"(anonymous_3)","decl":{"start":{"line":55,"column":12},"end":{"line":55,"column":13}},"loc":{"start":{"line":55,"column":18},"end":{"line":62,"column":3}},"line":55},"4":{"name":"(anonymous_4)","decl":{"start":{"line":65,"column":12},"end":{"line":65,"column":13}},"loc":{"start":{"line":65,"column":18},"end":{"line":67,"column":3}},"line":65},"5":{"name":"(anonymous_5)","decl":{"start":{"line":66,"column":11},"end":{"line":66,"column":12}},"loc":{"start":{"line":66,"column":17},"end":{"line":66,"column":35}},"line":66},"6":{"name":"(anonymous_6)","decl":{"start":{"line":101,"column":26},"end":{"line":101,"column":27}},"loc":{"start":{"line":102,"column":14},"end":{"line":108,"column":16}},"line":102},"7":{"name":"(anonymous_7)","decl":{"start":{"line":106,"column":25},"end":{"line":106,"column":26}},"loc":{"start":{"line":106,"column":31},"end":{"line":106,"column":48}},"line":106},"8":{"name":"(anonymous_8)","decl":{"start":{"line":119,"column":25},"end":{"line":119,"column":26}},"loc":{"start":{"line":120,"column":14},"end":{"line":126,"column":16}},"line":120},"9":{"name":"(anonymous_9)","decl":{"start":{"line":124,"column":25},"end":{"line":124,"column":26}},"loc":{"start":{"line":124,"column":31},"end":{"line":124,"column":47}},"line":124},"10":{"name":"(anonymous_10)","decl":{"start":{"line":152,"column":24},"end":{"line":152,"column":25}},"loc":{"start":{"line":153,"column":12},"end":{"line":161,"column":14}},"line":153},"11":{"name":"(anonymous_11)","decl":{"start":{"line":160,"column":23},"end":{"line":160,"column":24}},"loc":{"start":{"line":160,"column":29},"end":{"line":160,"column":46}},"line":160},"12":{"name":"(anonymous_12)","decl":{"start":{"line":182,"column":23},"end":{"line":182,"column":24}},"loc":{"start":{"line":183,"column":12},"end":{"line":191,"column":14}},"line":183},"13":{"name":"(anonymous_13)","decl":{"start":{"line":190,"column":23},"end":{"line":190,"column":24}},"loc":{"start":{"line":190,"column":29},"end":{"line":190,"column":45}},"line":190},"14":{"name":"(anonymous_14)","decl":{"start":{"line":197,"column":23},"end":{"line":197,"column":24}},"loc":{"start":{"line":198,"column":8},"end":{"line":203,"column":10}},"line":198}},"branchMap":{"0":{"loc":{"start":{"line":47,"column":4},"end":{"line":52,"column":5}},"type":"if","locations":[{"start":{"line":47,"column":4},"end":{"line":52,"column":5}},{"start":{},"end":{}}],"line":47},"1":{"loc":{"start":{"line":47,"column":8},"end":{"line":47,"column":38}},"type":"binary-expr","locations":[{"start":{"line":47,"column":8},"end":{"line":47,"column":23}},{"start":{"line":47,"column":27},"end":{"line":47,"column":38}}],"line":47},"2":{"loc":{"start":{"line":56,"column":4},"end":{"line":61,"column":5}},"type":"if","locations":[{"start":{"line":56,"column":4},"end":{"line":61,"column":5}},{"start":{},"end":{}}],"line":56},"3":{"loc":{"start":{"line":56,"column":8},"end":{"line":56,"column":37}},"type":"binary-expr","locations":[{"start":{"line":56,"column":8},"end":{"line":56,"column":22}},{"start":{"line":56,"column":26},"end":{"line":56,"column":37}}],"line":56},"4":{"loc":{"start":{"line":69,"column":2},"end":{"line":132,"column":3}},"type":"if","locations":[{"start":{"line":69,"column":2},"end":{"line":132,"column":3}},{"start":{},"end":{}}],"line":69},"5":{"loc":{"start":{"line":73,"column":48},"end":{"line":73,"column":89}},"type":"cond-expr","locations":[{"start":{"line":73,"column":62},"end":{"line":73,"column":64}},{"start":{"line":73,"column":67},"end":{"line":73,"column":89}}],"line":73},"6":{"loc":{"start":{"line":83,"column":57},"end":{"line":83,"column":98}},"type":"cond-expr","locations":[{"start":{"line":83,"column":71},"end":{"line":83,"column":73}},{"start":{"line":83,"column":76},"end":{"line":83,"column":98}}],"line":83},"7":{"loc":{"start":{"line":84,"column":11},"end":{"line":84,"column":45}},"type":"binary-expr","locations":[{"start":{"line":84,"column":11},"end":{"line":84,"column":33}},{"start":{"line":84,"column":37},"end":{"line":84,"column":45}}],"line":84},"8":{"loc":{"start":{"line":84,"column":48},"end":{"line":84,"column":92}},"type":"binary-expr","locations":[{"start":{"line":84,"column":48},"end":{"line":84,"column":80}},{"start":{"line":84,"column":84},"end":{"line":84,"column":92}}],"line":84},"9":{"loc":{"start":{"line":84,"column":95},"end":{"line":84,"column":142}},"type":"binary-expr","locations":[{"start":{"line":84,"column":95},"end":{"line":84,"column":130}},{"start":{"line":84,"column":134},"end":{"line":84,"column":142}}],"line":84},"10":{"loc":{"start":{"line":90,"column":18},"end":{"line":90,"column":42}},"type":"binary-expr","locations":[{"start":{"line":90,"column":18},"end":{"line":90,"column":36}},{"start":{"line":90,"column":40},"end":{"line":90,"column":42}}],"line":90},"11":{"loc":{"start":{"line":97,"column":57},"end":{"line":97,"column":98}},"type":"cond-expr","locations":[{"start":{"line":97,"column":71},"end":{"line":97,"column":73}},{"start":{"line":97,"column":76},"end":{"line":97,"column":98}}],"line":97},"12":{"loc":{"start":{"line":115,"column":57},"end":{"line":115,"column":98}},"type":"cond-expr","locations":[{"start":{"line":115,"column":71},"end":{"line":115,"column":73}},{"start":{"line":115,"column":76},"end":{"line":115,"column":98}}],"line":115},"13":{"loc":{"start":{"line":137,"column":46},"end":{"line":137,"column":92}},"type":"cond-expr","locations":[{"start":{"line":137,"column":65},"end":{"line":137,"column":67}},{"start":{"line":137,"column":70},"end":{"line":137,"column":92}}],"line":137},"14":{"loc":{"start":{"line":142,"column":58},"end":{"line":142,"column":104}},"type":"cond-expr","locations":[{"start":{"line":142,"column":77},"end":{"line":142,"column":79}},{"start":{"line":142,"column":82},"end":{"line":142,"column":104}}],"line":142},"15":{"loc":{"start":{"line":149,"column":57},"end":{"line":149,"column":103}},"type":"cond-expr","locations":[{"start":{"line":149,"column":76},"end":{"line":149,"column":78}},{"start":{"line":149,"column":81},"end":{"line":149,"column":103}}],"line":149},"16":{"loc":{"start":{"line":166,"column":57},"end":{"line":166,"column":103}},"type":"cond-expr","locations":[{"start":{"line":166,"column":76},"end":{"line":166,"column":78}},{"start":{"line":166,"column":81},"end":{"line":166,"column":103}}],"line":166},"17":{"loc":{"start":{"line":167,"column":13},"end":{"line":167,"column":47}},"type":"binary-expr","locations":[{"start":{"line":167,"column":13},"end":{"line":167,"column":35}},{"start":{"line":167,"column":39},"end":{"line":167,"column":47}}],"line":167},"18":{"loc":{"start":{"line":167,"column":50},"end":{"line":167,"column":94}},"type":"binary-expr","locations":[{"start":{"line":167,"column":50},"end":{"line":167,"column":82}},{"start":{"line":167,"column":86},"end":{"line":167,"column":94}}],"line":167},"19":{"loc":{"start":{"line":167,"column":97},"end":{"line":167,"column":144}},"type":"binary-expr","locations":[{"start":{"line":167,"column":97},"end":{"line":167,"column":132}},{"start":{"line":167,"column":136},"end":{"line":167,"column":144}}],"line":167},"20":{"loc":{"start":{"line":173,"column":18},"end":{"line":173,"column":42}},"type":"binary-expr","locations":[{"start":{"line":173,"column":18},"end":{"line":173,"column":36}},{"start":{"line":173,"column":40},"end":{"line":173,"column":42}}],"line":173},"21":{"loc":{"start":{"line":179,"column":57},"end":{"line":179,"column":103}},"type":"cond-expr","locations":[{"start":{"line":179,"column":76},"end":{"line":179,"column":78}},{"start":{"line":179,"column":81},"end":{"line":179,"column":103}}],"line":179}},"s":{"0":6,"1":6,"2":6,"3":6,"4":0,"5":6,"6":6,"7":6,"8":6,"9":6,"10":6,"11":6,"12":6,"13":0,"14":0,"15":0,"16":0,"17":0,"18":6,"19":6,"20":1,"21":6,"22":1,"23":0,"24":1},"f":{"0":6,"1":0,"2":6,"3":6,"4":6,"5":6,"6":0,"7":0,"8":0,"9":0,"10":6,"11":1,"12":6,"13":1,"14":0},"b":{"0":[1,5],"1":[6,1],"2":[1,5],"3":[6,1],"4":[0,6],"5":[0,0],"6":[0,0],"7":[0,0],"8":[0,0],"9":[0,0],"10":[0,0],"11":[0,0],"12":[0,0],"13":[0,6],"14":[0,6],"15":[0,6],"16":[0,6],"17":[6,5],"18":[6,0],"19":[6,5],"20":[6,0],"21":[0,6]},"_coverageSchema":"1a1c01bbd47fc00a2c39e90264f33305004495a9","hash":"276f05ed46ab2164934cf38da4df8f4402ef00ed"}
,"/Volumes/MyMacDrive/compcs620/vnest-monorepo/frontend/components/game/LoadingView.tsx": {"path":"/Volumes/MyMacDrive/compcs620/vnest-monorepo/frontend/components/game/LoadingView.tsx","statementMap":{"0":{"start":{"line":5,"column":2},"end":{"line":10,"column":4}},"1":{"start":{"line":13,"column":15},"end":{"line":25,"column":2}}},"fnMap":{"0":{"name":"LoadingView","decl":{"start":{"line":4,"column":16},"end":{"line":4,"column":27}},"loc":{"start":{"line":4,"column":30},"end":{"line":11,"column":1}},"line":4}},"branchMap":{},"s":{"0":1,"1":1},"f":{"0":1},"b":{},"_coverageSchema":"1a1c01bbd47fc00a2c39e90264f33305004495a9","hash":"aa696f6df739f40a888a1cf8cac85804ea8c31e0"}
,"/Volumes/MyMacDrive/compcs620/vnest-monorepo/frontend/components/game/ProgressBar.tsx": {"path":"/Volumes/MyMacDrive/compcs620/vnest-monorepo/frontend/components/game/ProgressBar.tsx","statementMap":{"0":{"start":{"line":13,"column":17},"end":{"line":13,"column":38}},"1":{"start":{"line":14,"column":21},"end":{"line":14,"column":44}},"2":{"start":{"line":16,"column":2},"end":{"line":43,"column":4}},"3":{"start":{"line":46,"column":15},"end":{"line":122,"column":2}}},"fnMap":{"0":{"name":"ProgressBar","decl":{"start":{"line":12,"column":16},"end":{"line":12,"column":27}},"loc":{"start":{"line":12,"column":73},"end":{"line":44,"column":1}},"line":12}},"branchMap":{"0":{"loc":{"start":{"line":19,"column":8},"end":{"line":19,"column":83}},"type":"cond-expr","locations":[{"start":{"line":19,"column":26},"end":{"line":19,"column":56}},{"start":{"line":19,"column":59},"end":{"line":19,"column":83}}],"line":19},"1":{"loc":{"start":{"line":23,"column":22},"end":{"line":23,"column":86}},"type":"cond-expr","locations":[{"start":{"line":23,"column":36},"end":{"line":23,"column":38}},{"start":{"line":23,"column":41},"end":{"line":23,"column":86}}],"line":23},"2":{"loc":{"start":{"line":23,"column":60},"end":{"line":23,"column":85}},"type":"cond-expr","locations":[{"start":{"line":23,"column":78},"end":{"line":23,"column":80}},{"start":{"line":23,"column":83},"end":{"line":23,"column":85}}],"line":23},"3":{"loc":{"start":{"line":25,"column":11},"end":{"line":25,"column":75}},"type":"binary-expr","locations":[{"start":{"line":25,"column":11},"end":{"line":25,"column":16}},{"start":{"line":25,"column":20},"end":{"line":25,"column":75}}],"line":25},"4":{"loc":{"start":{"line":31,"column":8},"end":{"line":31,"column":60}},"type":"binary-expr","locations":[{"start":{"line":31,"column":8},"end":{"line":31,"column":23}},{"start":{"line":31,"column":27},"end":{"line":31,"column":60}}],"line":31}},"s":{"0":4,"1":4,"2":4,"3":1},"f":{"0":4},"b":{"0":[0,4],"1":[0,4],"2":[0,4],"3":[4,3],"4":[4,0]},"_coverageSchema":"1a1c01bbd47fc00a2c39e90264f33305004495a9","hash":"91a9340fb7523c9bdeb997493059d7bc1109eeac"}
,"/Volumes/MyMacDrive/compcs620/vnest-monorepo/frontend/components/game/SVGConnectionLine.tsx": {"path":"/Volumes/MyMacDrive/compcs620/vnest-monorepo/frontend/components/game/SVGConnectionLine.tsx","statementMap":{"0":{"start":{"line":13,"column":67},"end":{"line":119,"column":1}},"1":{"start":{"line":19,"column":2},"end":{"line":21,"column":3}},"2":{"start":{"line":20,"column":4},"end":{"line":20,"column":16}},"3":{"start":{"line":24,"column":16},"end":{"line":24,"column":30}},"4":{"start":{"line":25,"column":16},"end":{"line":25,"column":30}},"5":{"start":{"line":26,"column":14},"end":{"line":26,"column":26}},"6":{"start":{"line":27,"column":14},"end":{"line":27,"column":26}},"7":{"start":{"line":30,"column":18},"end":{"line":30,"column":20}},"8":{"start":{"line":31,"column":15},"end":{"line":31,"column":45}},"9":{"start":{"line":32,"column":15},"end":{"line":32,"column":45}},"10":{"start":{"line":33,"column":15},"end":{"line":33,"column":45}},"11":{"start":{"line":34,"column":15},"end":{"line":34,"column":45}},"12":{"start":{"line":36,"column":19},"end":{"line":36,"column":30}},"13":{"start":{"line":37,"column":20},"end":{"line":37,"column":31}},"14":{"start":{"line":40,"column":24},"end":{"line":40,"column":36}},"15":{"start":{"line":41,"column":24},"end":{"line":41,"column":36}},"16":{"start":{"line":42,"column":22},"end":{"line":42,"column":32}},"17":{"start":{"line":43,"column":22},"end":{"line":43,"column":32}},"18":{"start":{"line":45,"column":2},"end":{"line":118,"column":4}}},"fnMap":{"0":{"name":"(anonymous_0)","decl":{"start":{"line":13,"column":67},"end":{"line":13,"column":68}},"loc":{"start":{"line":18,"column":6},"end":{"line":119,"column":1}},"line":18}},"branchMap":{"0":{"loc":{"start":{"line":16,"column":2},"end":{"line":16,"column":21}},"type":"default-arg","locations":[{"start":{"line":16,"column":10},"end":{"line":16,"column":21}}],"line":16},"1":{"loc":{"start":{"line":17,"column":2},"end":{"line":17,"column":17}},"type":"default-arg","locations":[{"start":{"line":17,"column":16},"end":{"line":17,"column":17}}],"line":17},"2":{"loc":{"start":{"line":19,"column":2},"end":{"line":21,"column":3}},"type":"if","locations":[{"start":{"line":19,"column":2},"end":{"line":21,"column":3}},{"start":{},"end":{}}],"line":19},"3":{"loc":{"start":{"line":19,"column":6},"end":{"line":19,"column":34}},"type":"binary-expr","locations":[{"start":{"line":19,"column":6},"end":{"line":19,"column":19}},{"start":{"line":19,"column":23},"end":{"line":19,"column":34}}],"line":19}},"s":{"0":1,"1":0,"2":0,"3":0,"4":0,"5":0,"6":0,"7":0,"8":0,"9":0,"10":0,"11":0,"12":0,"13":0,"14":0,"15":0,"16":0,"17":0,"18":0},"f":{"0":0},"b":{"0":[0],"1":[0],"2":[0,0],"3":[0,0]},"_coverageSchema":"1a1c01bbd47fc00a2c39e90264f33305004495a9","hash":"92454a6bf3a12aa656168d7c664f20bfc959ebfd"}
,"/Volumes/MyMacDrive/compcs620/vnest-monorepo/frontend/constants/colors.ts": {"path":"/Volumes/MyMacDrive/compcs620/vnest-monorepo/frontend/constants/colors.ts","statementMap":{"0":{"start":{"line":14,"column":27},"end":{"line":32,"column":10}},"1":{"start":{"line":37,"column":29},"end":{"line":62,"column":10}},"2":{"start":{"line":67,"column":30},"end":{"line":109,"column":10}},"3":{"start":{"line":114,"column":28},"end":{"line":124,"column":10}},"4":{"start":{"line":129,"column":32},"end":{"line":135,"column":10}},"5":{"start":{"line":140,"column":28},"end":{"line":146,"column":10}},"6":{"start":{"line":157,"column":14},"end":{"line":157,"column":46}},"7":{"start":{"line":158,"column":12},"end":{"line":158,"column":42}},"8":{"start":{"line":159,"column":12},"end":{"line":159,"column":42}},"9":{"start":{"line":160,"column":12},"end":{"line":160,"column":42}},"10":{"start":{"line":161,"column":20},"end":{"line":161,"column":61}},"11":{"start":{"line":163,"column":2},"end":{"line":163,"column":72}},"12":{"start":{"line":170,"column":2},"end":{"line":170,"column":45}},"13":{"start":{"line":170,"column":32},"end":{"line":170,"column":45}},"14":{"start":{"line":171,"column":2},"end":{"line":173,"column":3}},"15":{"start":{"line":172,"column":4},"end":{"line":172,"column":70}},"16":{"start":{"line":175,"column":14},"end":{"line":175,"column":36}},"17":{"start":{"line":176,"column":12},"end":{"line":176,"column":42}},"18":{"start":{"line":177,"column":12},"end":{"line":177,"column":42}},"19":{"start":{"line":178,"column":12},"end":{"line":178,"column":42}},"20":{"start":{"line":179,"column":2},"end":{"line":179,"column":46}},"21":{"start":{"line":185,"column":22},"end":{"line":192,"column":10}},"22":{"start":{"line":197,"column":30},"end":{"line":203,"column":10}}},"fnMap":{"0":{"name":"getContrastText","decl":{"start":{"line":155,"column":16},"end":{"line":155,"column":31}},"loc":{"start":{"line":155,"column":65},"end":{"line":164,"column":1}},"line":155},"1":{"name":"withOpacity","decl":{"start":{"line":169,"column":16},"end":{"line":169,"column":27}},"loc":{"start":{"line":169,"column":68},"end":{"line":180,"column":1}},"line":169}},"branchMap":{"0":{"loc":{"start":{"line":163,"column":9},"end":{"line":163,"column":71}},"type":"cond-expr","locations":[{"start":{"line":163,"column":27},"end":{"line":163,"column":49}},{"start":{"line":163,"column":52},"end":{"line":163,"column":71}}],"line":163},"1":{"loc":{"start":{"line":170,"column":2},"end":{"line":170,"column":45}},"type":"if","locations":[{"start":{"line":170,"column":2},"end":{"line":170,"column":45}},{"start":{},"end":{}}],"line":170},"2":{"loc":{"start":{"line":171,"column":2},"end":{"line":173,"column":3}},"type":"if","locations":[{"start":{"line":171,"column":2},"end":{"line":173,"column":3}},{"start":{},"end":{}}],"line":171}},"s":{"0":9,"1":9,"2":9,"3":9,"4":9,"5":9,"6":0,"7":0,"8":0,"9":0,"10":0,"11":0,"12":0,"13":0,"14":0,"15":0,"16":0,"17":0,"18":0,"19":0,"20":0,"21":9,"22":9},"f":{"0":0,"1":0},"b":{"0":[0,0],"1":[0,0],"2":[0,0]},"_coverageSchema":"1a1c01bbd47fc00a2c39e90264f33305004495a9","hash":"ee6412f26e09293adca3ea9082f87725f33cfb79"}
,"/Volumes/MyMacDrive/compcs620/vnest-monorepo/frontend/controllers/realm_controllers/BaseController.ts": {"path":"/Volumes/MyMacDrive/compcs620/vnest-monorepo/frontend/controllers/realm_controllers/BaseController.ts","statementMap":{"0":{"start":{"line":18,"column":25},"end":{"line":18,"column":67}},"1":{"start":{"line":18,"column":47},"end":{"line":18,"column":66}},"2":{"start":{"line":19,"column":8},"end":{"line":19,"column":40}},"3":{"start":{"line":28,"column":8},"end":{"line":28,"column":63}},"4":{"start":{"line":36,"column":8},"end":{"line":36,"column":56}}},"fnMap":{"0":{"name":"(anonymous_0)","decl":{"start":{"line":17,"column":4},"end":{"line":17,"column":5}},"loc":{"start":{"line":17,"column":67},"end":{"line":20,"column":5}},"line":17},"1":{"name":"(anonymous_1)","decl":{"start":{"line":18,"column":41},"end":{"line":18,"column":42}},"loc":{"start":{"line":18,"column":47},"end":{"line":18,"column":66}},"line":18},"2":{"name":"(anonymous_2)","decl":{"start":{"line":27,"column":4},"end":{"line":27,"column":5}},"loc":{"start":{"line":27,"column":49},"end":{"line":29,"column":5}},"line":27},"3":{"name":"(anonymous_3)","decl":{"start":{"line":35,"column":4},"end":{"line":35,"column":5}},"loc":{"start":{"line":35,"column":33},"end":{"line":37,"column":5}},"line":35}},"branchMap":{},"s":{"0":0,"1":0,"2":0,"3":1,"4":0},"f":{"0":0,"1":0,"2":1,"3":0},"b":{},"_coverageSchema":"1a1c01bbd47fc00a2c39e90264f33305004495a9","hash":"45e52027a6f4734171152526c9de0757a079992d"}
,"/Volumes/MyMacDrive/compcs620/vnest-monorepo/frontend/hooks/useCardConnections.ts": {"path":"/Volumes/MyMacDrive/compcs620/vnest-monorepo/frontend/hooks/useCardConnections.ts","statementMap":{"0":{"start":{"line":19,"column":44},"end":{"line":19,"column":99}},"1":{"start":{"line":20,"column":40},"end":{"line":20,"column":66}},"2":{"start":{"line":21,"column":29},"end":{"line":21,"column":65}},"3":{"start":{"line":24,"column":31},"end":{"line":55,"column":8}},"4":{"start":{"line":29,"column":4},"end":{"line":31,"column":5}},"5":{"start":{"line":30,"column":6},"end":{"line":30,"column":51}},"6":{"start":{"line":34,"column":20},"end":{"line":34,"column":47}},"7":{"start":{"line":35,"column":20},"end":{"line":35,"column":48}},"8":{"start":{"line":45,"column":4},"end":{"line":54,"column":7}},"9":{"start":{"line":46,"column":27},"end":{"line":46,"column":40}},"10":{"start":{"line":47,"column":6},"end":{"line":52,"column":9}},"11":{"start":{"line":53,"column":6},"end":{"line":53,"column":26}},"12":{"start":{"line":58,"column":27},"end":{"line":203,"column":21}},"13":{"start":{"line":62,"column":22},"end":{"line":62,"column":52}},"14":{"start":{"line":63,"column":20},"end":{"line":63,"column":48}},"15":{"start":{"line":65,"column":4},"end":{"line":65,"column":75}},"16":{"start":{"line":66,"column":4},"end":{"line":66,"column":42}},"17":{"start":{"line":67,"column":4},"end":{"line":67,"column":38}},"18":{"start":{"line":69,"column":4},"end":{"line":202,"column":5}},"19":{"start":{"line":70,"column":6},"end":{"line":70,"column":60}},"20":{"start":{"line":71,"column":6},"end":{"line":74,"column":9}},"21":{"start":{"line":75,"column":6},"end":{"line":78,"column":9}},"22":{"start":{"line":81,"column":21},"end":{"line":81,"column":56}},"23":{"start":{"line":82,"column":21},"end":{"line":82,"column":56}},"24":{"start":{"line":83,"column":23},"end":{"line":83,"column":67}},"25":{"start":{"line":85,"column":6},"end":{"line":85,"column":76}},"26":{"start":{"line":88,"column":20},"end":{"line":88,"column":37}},"27":{"start":{"line":89,"column":20},"end":{"line":89,"column":37}},"28":{"start":{"line":95,"column":29},"end":{"line":95,"column":55}},"29":{"start":{"line":96,"column":30},"end":{"line":96,"column":57}},"30":{"start":{"line":97,"column":27},"end":{"line":97,"column":51}},"31":{"start":{"line":98,"column":28},"end":{"line":98,"column":53}},"32":{"start":{"line":104,"column":6},"end":{"line":126,"column":7}},"33":{"start":{"line":106,"column":8},"end":{"line":114,"column":9}},"34":{"start":{"line":108,"column":10},"end":{"line":108,"column":58}},"35":{"start":{"line":109,"column":10},"end":{"line":109,"column":41}},"36":{"start":{"line":112,"column":10},"end":{"line":112,"column":58}},"37":{"start":{"line":113,"column":10},"end":{"line":113,"column":41}},"38":{"start":{"line":117,"column":8},"end":{"line":125,"column":9}},"39":{"start":{"line":119,"column":10},"end":{"line":119,"column":41}},"40":{"start":{"line":120,"column":10},"end":{"line":120,"column":59}},"41":{"start":{"line":123,"column":10},"end":{"line":123,"column":41}},"42":{"start":{"line":124,"column":10},"end":{"line":124,"column":59}},"43":{"start":{"line":132,"column":6},"end":{"line":154,"column":7}},"44":{"start":{"line":134,"column":8},"end":{"line":142,"column":9}},"45":{"start":{"line":136,"column":10},"end":{"line":136,"column":52}},"46":{"start":{"line":137,"column":10},"end":{"line":137,"column":37}},"47":{"start":{"line":140,"column":10},"end":{"line":140,"column":52}},"48":{"start":{"line":141,"column":10},"end":{"line":141,"column":37}},"49":{"start":{"line":145,"column":8},"end":{"line":153,"column":9}},"50":{"start":{"line":147,"column":10},"end":{"line":147,"column":37}},"51":{"start":{"line":148,"column":10},"end":{"line":148,"column":53}},"52":{"start":{"line":151,"column":10},"end":{"line":151,"column":37}},"53":{"start":{"line":152,"column":10},"end":{"line":152,"column":53}},"54":{"start":{"line":156,"column":28},"end":{"line":159,"column":7}},"55":{"start":{"line":161,"column":26},"end":{"line":164,"column":7}},"56":{"start":{"line":166,"column":6},"end":{"line":170,"column":9}},"57":{"start":{"line":172,"column":6},"end":{"line":181,"column":9}},"58":{"start":{"line":183,"column":40},"end":{"line":188,"column":7}},"59":{"start":{"line":190,"column":6},"end":{"line":190,"column":69}},"60":{"start":{"line":192,"column":6},"end":{"line":199,"column":9}},"61":{"start":{"line":194,"column":25},"end":{"line":197,"column":9}},"62":{"start":{"line":195,"column":10},"end":{"line":196,"column":77}},"63":{"start":{"line":198,"column":8},"end":{"line":198,"column":44}},"64":{"start":{"line":201,"column":6},"end":{"line":201,"column":74}},"65":{"start":{"line":206,"column":27},"end":{"line":212,"column":8}},"66":{"start":{"line":207,"column":4},"end":{"line":211,"column":6}},"67":{"start":{"line":208,"column":6},"end":{"line":210,"column":7}},"68":{"start":{"line":209,"column":8},"end":{"line":209,"column":64}},"69":{"start":{"line":215,"column":27},"end":{"line":217,"column":8}},"70":{"start":{"line":216,"column":4},"end":{"line":216,"column":23}},"71":{"start":{"line":220,"column":24},"end":{"line":228,"column":19}},"72":{"start":{"line":224,"column":4},"end":{"line":227,"column":14}},"73":{"start":{"line":225,"column":6},"end":{"line":226,"column":72}},"74":{"start":{"line":230,"column":2},"end":{"line":238,"column":4}}},"fnMap":{"0":{"name":"useCardConnections","decl":{"start":{"line":18,"column":16},"end":{"line":18,"column":34}},"loc":{"start":{"line":18,"column":37},"end":{"line":239,"column":1}},"line":18},"1":{"name":"(anonymous_1)","decl":{"start":{"line":24,"column":43},"end":{"line":24,"column":44}},"loc":{"start":{"line":28,"column":7},"end":{"line":55,"column":3}},"line":28},"2":{"name":"(anonymous_2)","decl":{"start":{"line":45,"column":21},"end":{"line":45,"column":22}},"loc":{"start":{"line":45,"column":29},"end":{"line":54,"column":5}},"line":45},"3":{"name":"(anonymous_3)","decl":{"start":{"line":58,"column":39},"end":{"line":58,"column":40}},"loc":{"start":{"line":61,"column":7},"end":{"line":203,"column":3}},"line":61},"4":{"name":"(anonymous_4)","decl":{"start":{"line":192,"column":21},"end":{"line":192,"column":22}},"loc":{"start":{"line":192,"column":29},"end":{"line":199,"column":7}},"line":192},"5":{"name":"(anonymous_5)","decl":{"start":{"line":194,"column":37},"end":{"line":194,"column":38}},"loc":{"start":{"line":195,"column":10},"end":{"line":196,"column":77}},"line":195},"6":{"name":"(anonymous_6)","decl":{"start":{"line":206,"column":39},"end":{"line":206,"column":40}},"loc":{"start":{"line":206,"column":68},"end":{"line":212,"column":3}},"line":206},"7":{"name":"(anonymous_7)","decl":{"start":{"line":207,"column":19},"end":{"line":207,"column":20}},"loc":{"start":{"line":208,"column":6},"end":{"line":210,"column":7}},"line":208},"8":{"name":"(anonymous_8)","decl":{"start":{"line":208,"column":18},"end":{"line":208,"column":19}},"loc":{"start":{"line":209,"column":8},"end":{"line":209,"column":64}},"line":209},"9":{"name":"(anonymous_9)","decl":{"start":{"line":215,"column":39},"end":{"line":215,"column":40}},"loc":{"start":{"line":215,"column":45},"end":{"line":217,"column":3}},"line":215},"10":{"name":"(anonymous_10)","decl":{"start":{"line":220,"column":36},"end":{"line":220,"column":37}},"loc":{"start":{"line":223,"column":26},"end":{"line":228,"column":3}},"line":223},"11":{"name":"(anonymous_11)","decl":{"start":{"line":224,"column":28},"end":{"line":224,"column":29}},"loc":{"start":{"line":225,"column":6},"end":{"line":226,"column":72}},"line":225}},"branchMap":{"0":{"loc":{"start":{"line":29,"column":4},"end":{"line":31,"column":5}},"type":"if","locations":[{"start":{"line":29,"column":4},"end":{"line":31,"column":5}},{"start":{},"end":{}}],"line":29},"1":{"loc":{"start":{"line":69,"column":4},"end":{"line":202,"column":5}},"type":"if","locations":[{"start":{"line":69,"column":4},"end":{"line":202,"column":5}},{"start":{"line":200,"column":11},"end":{"line":202,"column":5}}],"line":69},"2":{"loc":{"start":{"line":69,"column":8},"end":{"line":69,"column":28}},"type":"binary-expr","locations":[{"start":{"line":69,"column":8},"end":{"line":69,"column":17}},{"start":{"line":69,"column":21},"end":{"line":69,"column":28}}],"line":69},"3":{"loc":{"start":{"line":104,"column":6},"end":{"line":126,"column":7}},"type":"if","locations":[{"start":{"line":104,"column":6},"end":{"line":126,"column":7}},{"start":{"line":115,"column":13},"end":{"line":126,"column":7}}],"line":104},"4":{"loc":{"start":{"line":106,"column":8},"end":{"line":114,"column":9}},"type":"if","locations":[{"start":{"line":106,"column":8},"end":{"line":114,"column":9}},{"start":{"line":110,"column":15},"end":{"line":114,"column":9}}],"line":106},"5":{"loc":{"start":{"line":117,"column":8},"end":{"line":125,"column":9}},"type":"if","locations":[{"start":{"line":117,"column":8},"end":{"line":125,"column":9}},{"start":{"line":121,"column":15},"end":{"line":125,"column":9}}],"line":117},"6":{"loc":{"start":{"line":132,"column":6},"end":{"line":154,"column":7}},"type":"if","locations":[{"start":{"line":132,"column":6},"end":{"line":154,"column":7}},{"start":{"line":143,"column":13},"end":{"line":154,"column":7}}],"line":132},"7":{"loc":{"start":{"line":134,"column":8},"end":{"line":142,"column":9}},"type":"if","locations":[{"start":{"line":134,"column":8},"end":{"line":142,"column":9}},{"start":{"line":138,"column":15},"end":{"line":142,"column":9}}],"line":134},"8":{"loc":{"start":{"line":145,"column":8},"end":{"line":153,"column":9}},"type":"if","locations":[{"start":{"line":145,"column":8},"end":{"line":153,"column":9}},{"start":{"line":149,"column":15},"end":{"line":153,"column":9}}],"line":145},"9":{"loc":{"start":{"line":195,"column":10},"end":{"line":196,"column":77}},"type":"binary-expr","locations":[{"start":{"line":195,"column":10},"end":{"line":195,"column":77}},{"start":{"line":196,"column":10},"end":{"line":196,"column":77}}],"line":195},"10":{"loc":{"start":{"line":195,"column":12},"end":{"line":195,"column":76}},"type":"binary-expr","locations":[{"start":{"line":195,"column":12},"end":{"line":195,"column":44}},{"start":{"line":195,"column":48},"end":{"line":195,"column":76}}],"line":195},"11":{"loc":{"start":{"line":196,"column":12},"end":{"line":196,"column":76}},"type":"binary-expr","locations":[{"start":{"line":196,"column":12},"end":{"line":196,"column":42}},{"start":{"line":196,"column":46},"end":{"line":196,"column":76}}],"line":196},"12":{"loc":{"start":{"line":209,"column":8},"end":{"line":209,"column":64}},"type":"binary-expr","locations":[{"start":{"line":209,"column":8},"end":{"line":209,"column":35}},{"start":{"line":209,"column":39},"end":{"line":209,"column":64}}],"line":209},"13":{"loc":{"start":{"line":224,"column":11},"end":{"line":227,"column":13}},"type":"binary-expr","locations":[{"start":{"line":224,"column":11},"end":{"line":227,"column":5}},{"start":{"line":227,"column":9},"end":{"line":227,"column":13}}],"line":224},"14":{"loc":{"start":{"line":225,"column":6},"end":{"line":226,"column":72}},"type":"binary-expr","locations":[{"start":{"line":225,"column":7},"end":{"line":225,"column":39}},{"start":{"line":225,"column":43},"end":{"line":225,"column":71}},{"start":{"line":226,"column":7},"end":{"line":226,"column":37}},{"start":{"line":226,"column":41},"end":{"line":226,"column":71}}],"line":225}},"s":{"0":6,"1":6,"2":6,"3":6,"4":0,"5":0,"6":0,"7":0,"8":0,"9":0,"10":0,"11":0,"12":6,"13":0,"14":0,"15":0,"16":0,"17":0,"18":0,"19":0,"20":0,"21":0,"22":0,"23":0,"24":0,"25":0,"26":0,"27":0,"28":0,"29":0,"30":0,"31":0,"32":0,"33":0,"34":0,"35":0,"36":0,"37":0,"38":0,"39":0,"40":0,"41":0,"42":0,"43":0,"44":0,"45":0,"46":0,"47":0,"48":0,"49":0,"50":0,"51":0,"52":0,"53":0,"54":0,"55":0,"56":0,"57":0,"58":0,"59":0,"60":0,"61":0,"62":0,"63":0,"64":0,"65":6,"66":0,"67":0,"68":0,"69":6,"70":6,"71":6,"72":0,"73":0,"74":6},"f":{"0":6,"1":0,"2":0,"3":0,"4":0,"5":0,"6":0,"7":0,"8":0,"9":6,"10":0,"11":0},"b":{"0":[0,0],"1":[0,0],"2":[0,0],"3":[0,0],"4":[0,0],"5":[0,0],"6":[0,0],"7":[0,0],"8":[0,0],"9":[0,0],"10":[0,0],"11":[0,0],"12":[0,0],"13":[0,0],"14":[0,0,0,0]},"_coverageSchema":"1a1c01bbd47fc00a2c39e90264f33305004495a9","hash":"b54cf8e1095b0fb8986aad9d7820259fa00ff3a4"}
,"/Volumes/MyMacDrive/compcs620/vnest-monorepo/frontend/hooks/useResponsiveLayout.ts": {"path":"/Volumes/MyMacDrive/compcs620/vnest-monorepo/frontend/hooks/useResponsiveLayout.ts","statementMap":{"0":{"start":{"line":17,"column":50},"end":{"line":17,"column":77}},"1":{"start":{"line":18,"column":42},"end":{"line":18,"column":69}},"2":{"start":{"line":20,"column":2},"end":{"line":27,"column":9}},"3":{"start":{"line":21,"column":25},"end":{"line":24,"column":6}},"4":{"start":{"line":22,"column":6},"end":{"line":22,"column":74}},"5":{"start":{"line":23,"column":6},"end":{"line":23,"column":41}},"6":{"start":{"line":26,"column":4},"end":{"line":26,"column":40}},"7":{"start":{"line":26,"column":17},"end":{"line":26,"column":39}},"8":{"start":{"line":29,"column":2},"end":{"line":33,"column":4}}},"fnMap":{"0":{"name":"useResponsiveLayout","decl":{"start":{"line":16,"column":16},"end":{"line":16,"column":35}},"loc":{"start":{"line":16,"column":52},"end":{"line":34,"column":1}},"line":16},"1":{"name":"(anonymous_1)","decl":{"start":{"line":20,"column":12},"end":{"line":20,"column":13}},"loc":{"start":{"line":20,"column":18},"end":{"line":27,"column":3}},"line":20},"2":{"name":"(anonymous_2)","decl":{"start":{"line":21,"column":63},"end":{"line":21,"column":64}},"loc":{"start":{"line":21,"column":79},"end":{"line":24,"column":5}},"line":21},"3":{"name":"(anonymous_3)","decl":{"start":{"line":26,"column":11},"end":{"line":26,"column":12}},"loc":{"start":{"line":26,"column":17},"end":{"line":26,"column":39}},"line":26}},"branchMap":{},"s":{"0":15,"1":15,"2":15,"3":15,"4":0,"5":0,"6":15,"7":15,"8":15},"f":{"0":15,"1":15,"2":0,"3":15},"b":{},"_coverageSchema":"1a1c01bbd47fc00a2c39e90264f33305004495a9","hash":"1ca51b2f088b12c81cd0829dbf4bb34232eb1893"}
,"/Volumes/MyMacDrive/compcs620/vnest-monorepo/frontend/utils/responsive.ts": {"path":"/Volumes/MyMacDrive/compcs620/vnest-monorepo/frontend/utils/responsive.ts","statementMap":{"0":{"start":{"line":4,"column":55},"end":{"line":4,"column":79}},"1":{"start":{"line":7,"column":27},"end":{"line":11,"column":1}},"2":{"start":{"line":14,"column":29},"end":{"line":18,"column":1}},"3":{"start":{"line":15,"column":2},"end":{"line":15,"column":57}},"4":{"start":{"line":15,"column":41},"end":{"line":15,"column":57}},"5":{"start":{"line":16,"column":2},"end":{"line":16,"column":57}},"6":{"start":{"line":16,"column":41},"end":{"line":16,"column":57}},"7":{"start":{"line":17,"column":2},"end":{"line":17,"column":19}},"8":{"start":{"line":21,"column":32},"end":{"line":21,"column":72}},"9":{"start":{"line":21,"column":38},"end":{"line":21,"column":72}},"10":{"start":{"line":22,"column":24},"end":{"line":22,"column":63}},"11":{"start":{"line":22,"column":30},"end":{"line":22,"column":63}},"12":{"start":{"line":23,"column":25},"end":{"line":23,"column":66}},"13":{"start":{"line":23,"column":31},"end":{"line":23,"column":66}},"14":{"start":{"line":26,"column":21},"end":{"line":26,"column":42}},"15":{"start":{"line":27,"column":21},"end":{"line":27,"column":42}},"16":{"start":{"line":28,"column":25},"end":{"line":28,"column":50}},"17":{"start":{"line":31,"column":31},"end":{"line":33,"column":1}},"18":{"start":{"line":32,"column":2},"end":{"line":32,"column":43}},"19":{"start":{"line":35,"column":32},"end":{"line":37,"column":1}},"20":{"start":{"line":36,"column":2},"end":{"line":36,"column":44}},"21":{"start":{"line":40,"column":34},"end":{"line":54,"column":1}},"22":{"start":{"line":42,"column":2},"end":{"line":44,"column":3}},"23":{"start":{"line":43,"column":4},"end":{"line":43,"column":38}},"24":{"start":{"line":46,"column":16},"end":{"line":46,"column":47}},"25":{"start":{"line":47,"column":18},"end":{"line":47,"column":30}},"26":{"start":{"line":50,"column":18},"end":{"line":50,"column":20}},"27":{"start":{"line":51,"column":18},"end":{"line":51,"column":63}},"28":{"start":{"line":53,"column":2},"end":{"line":53,"column":87}},"29":{"start":{"line":57,"column":23},"end":{"line":64,"column":1}},"30":{"start":{"line":67,"column":33},"end":{"line":90,"column":1}},"31":{"start":{"line":68,"column":21},"end":{"line":68,"column":36}},"32":{"start":{"line":70,"column":2},"end":{"line":89,"column":3}},"33":{"start":{"line":72,"column":6},"end":{"line":76,"column":8}},"34":{"start":{"line":78,"column":6},"end":{"line":82,"column":8}},"35":{"start":{"line":84,"column":6},"end":{"line":88,"column":8}},"36":{"start":{"line":93,"column":37},"end":{"line":119,"column":1}},"37":{"start":{"line":94,"column":21},"end":{"line":94,"column":36}},"38":{"start":{"line":96,"column":2},"end":{"line":118,"column":3}},"39":{"start":{"line":98,"column":6},"end":{"line":103,"column":8}},"40":{"start":{"line":105,"column":6},"end":{"line":110,"column":8}},"41":{"start":{"line":112,"column":6},"end":{"line":117,"column":8}},"42":{"start":{"line":122,"column":31},"end":{"line":133,"column":1}},"43":{"start":{"line":123,"column":21},"end":{"line":123,"column":36}},"44":{"start":{"line":125,"column":2},"end":{"line":132,"column":4}},"45":{"start":{"line":136,"column":33},"end":{"line":149,"column":1}},"46":{"start":{"line":137,"column":2},"end":{"line":148,"column":4}},"47":{"start":{"line":152,"column":33},"end":{"line":155,"column":1}}},"fnMap":{"0":{"name":"(anonymous_0)","decl":{"start":{"line":14,"column":29},"end":{"line":14,"column":30}},"loc":{"start":{"line":14,"column":35},"end":{"line":18,"column":1}},"line":14},"1":{"name":"(anonymous_1)","decl":{"start":{"line":21,"column":32},"end":{"line":21,"column":33}},"loc":{"start":{"line":21,"column":38},"end":{"line":21,"column":72}},"line":21},"2":{"name":"(anonymous_2)","decl":{"start":{"line":22,"column":24},"end":{"line":22,"column":25}},"loc":{"start":{"line":22,"column":30},"end":{"line":22,"column":63}},"line":22},"3":{"name":"(anonymous_3)","decl":{"start":{"line":23,"column":25},"end":{"line":23,"column":26}},"loc":{"start":{"line":23,"column":31},"end":{"line":23,"column":66}},"line":23},"4":{"name":"(anonymous_4)","decl":{"start":{"line":31,"column":31},"end":{"line":31,"column":32}},"loc":{"start":{"line":31,"column":55},"end":{"line":33,"column":1}},"line":31},"5":{"name":"(anonymous_5)","decl":{"start":{"line":35,"column":32},"end":{"line":35,"column":33}},"loc":{"start":{"line":35,"column":56},"end":{"line":37,"column":1}},"line":35},"6":{"name":"(anonymous_6)","decl":{"start":{"line":40,"column":34},"end":{"line":40,"column":35}},"loc":{"start":{"line":40,"column":52},"end":{"line":54,"column":1}},"line":40},"7":{"name":"(anonymous_7)","decl":{"start":{"line":67,"column":33},"end":{"line":67,"column":34}},"loc":{"start":{"line":67,"column":39},"end":{"line":90,"column":1}},"line":67},"8":{"name":"(anonymous_8)","decl":{"start":{"line":93,"column":37},"end":{"line":93,"column":38}},"loc":{"start":{"line":93,"column":43},"end":{"line":119,"column":1}},"line":93},"9":{"name":"(anonymous_9)","decl":{"start":{"line":122,"column":31},"end":{"line":122,"column":32}},"loc":{"start":{"line":122,"column":37},"end":{"line":133,"column":1}},"line":122},"10":{"name":"(anonymous_10)","decl":{"start":{"line":136,"column":33},"end":{"line":136,"column":34}},"loc":{"start":{"line":136,"column":39},"end":{"line":149,"column":1}},"line":136}},"branchMap":{"0":{"loc":{"start":{"line":15,"column":2},"end":{"line":15,"column":57}},"type":"if","locations":[{"start":{"line":15,"column":2},"end":{"line":15,"column":57}},{"start":{},"end":{}}],"line":15},"1":{"loc":{"start":{"line":16,"column":2},"end":{"line":16,"column":57}},"type":"if","locations":[{"start":{"line":16,"column":2},"end":{"line":16,"column":57}},{"start":{},"end":{}}],"line":16},"2":{"loc":{"start":{"line":42,"column":2},"end":{"line":44,"column":3}},"type":"if","locations":[{"start":{"line":42,"column":2},"end":{"line":44,"column":3}},{"start":{},"end":{}}],"line":42},"3":{"loc":{"start":{"line":42,"column":6},"end":{"line":42,"column":66}},"type":"binary-expr","locations":[{"start":{"line":42,"column":6},"end":{"line":42,"column":27}},{"start":{"line":42,"column":31},"end":{"line":42,"column":66}}],"line":42},"4":{"loc":{"start":{"line":51,"column":18},"end":{"line":51,"column":63}},"type":"cond-expr","locations":[{"start":{"line":51,"column":42},"end":{"line":51,"column":52}},{"start":{"line":51,"column":55},"end":{"line":51,"column":63}}],"line":51},"5":{"loc":{"start":{"line":58,"column":6},"end":{"line":58,"column":91}},"type":"cond-expr","locations":[{"start":{"line":58,"column":69},"end":{"line":58,"column":70}},{"start":{"line":58,"column":73},"end":{"line":58,"column":91}}],"line":58},"6":{"loc":{"start":{"line":58,"column":6},"end":{"line":58,"column":66}},"type":"binary-expr","locations":[{"start":{"line":58,"column":6},"end":{"line":58,"column":27}},{"start":{"line":58,"column":31},"end":{"line":58,"column":66}}],"line":58},"7":{"loc":{"start":{"line":59,"column":6},"end":{"line":59,"column":91}},"type":"cond-expr","locations":[{"start":{"line":59,"column":69},"end":{"line":59,"column":70}},{"start":{"line":59,"column":73},"end":{"line":59,"column":91}}],"line":59},"8":{"loc":{"start":{"line":59,"column":6},"end":{"line":59,"column":66}},"type":"binary-expr","locations":[{"start":{"line":59,"column":6},"end":{"line":59,"column":27}},{"start":{"line":59,"column":31},"end":{"line":59,"column":66}}],"line":59},"9":{"loc":{"start":{"line":60,"column":6},"end":{"line":60,"column":92}},"type":"cond-expr","locations":[{"start":{"line":60,"column":69},"end":{"line":60,"column":71}},{"start":{"line":60,"column":74},"end":{"line":60,"column":92}}],"line":60},"10":{"loc":{"start":{"line":60,"column":6},"end":{"line":60,"column":66}},"type":"binary-expr","locations":[{"start":{"line":60,"column":6},"end":{"line":60,"column":27}},{"start":{"line":60,"column":31},"end":{"line":60,"column":66}}],"line":60},"11":{"loc":{"start":{"line":61,"column":6},"end":{"line":61,"column":92}},"type":"cond-expr","locations":[{"start":{"line":61,"column":69},"end":{"line":61,"column":71}},{"start":{"line":61,"column":74},"end":{"line":61,"column":92}}],"line":61},"12":{"loc":{"start":{"line":61,"column":6},"end":{"line":61,"column":66}},"type":"binary-expr","locations":[{"start":{"line":61,"column":6},"end":{"line":61,"column":27}},{"start":{"line":61,"column":31},"end":{"line":61,"column":66}}],"line":61},"13":{"loc":{"start":{"line":62,"column":6},"end":{"line":62,"column":92}},"type":"cond-expr","locations":[{"start":{"line":62,"column":69},"end":{"line":62,"column":71}},{"start":{"line":62,"column":74},"end":{"line":62,"column":92}}],"line":62},"14":{"loc":{"start":{"line":62,"column":6},"end":{"line":62,"column":66}},"type":"binary-expr","locations":[{"start":{"line":62,"column":6},"end":{"line":62,"column":27}},{"start":{"line":62,"column":31},"end":{"line":62,"column":66}}],"line":62},"15":{"loc":{"start":{"line":63,"column":7},"end":{"line":63,"column":94}},"type":"cond-expr","locations":[{"start":{"line":63,"column":70},"end":{"line":63,"column":72}},{"start":{"line":63,"column":75},"end":{"line":63,"column":94}}],"line":63},"16":{"loc":{"start":{"line":63,"column":7},"end":{"line":63,"column":67}},"type":"binary-expr","locations":[{"start":{"line":63,"column":7},"end":{"line":63,"column":28}},{"start":{"line":63,"column":32},"end":{"line":63,"column":67}}],"line":63},"17":{"loc":{"start":{"line":70,"column":2},"end":{"line":89,"column":3}},"type":"switch","locations":[{"start":{"line":71,"column":4},"end":{"line":76,"column":8}},{"start":{"line":77,"column":4},"end":{"line":82,"column":8}},{"start":{"line":83,"column":4},"end":{"line":88,"column":8}}],"line":70},"18":{"loc":{"start":{"line":96,"column":2},"end":{"line":118,"column":3}},"type":"switch","locations":[{"start":{"line":97,"column":4},"end":{"line":103,"column":8}},{"start":{"line":104,"column":4},"end":{"line":110,"column":8}},{"start":{"line":111,"column":4},"end":{"line":117,"column":8}}],"line":96},"19":{"loc":{"start":{"line":129,"column":17},"end":{"line":129,"column":48}},"type":"cond-expr","locations":[{"start":{"line":129,"column":43},"end":{"line":129,"column":44}},{"start":{"line":129,"column":47},"end":{"line":129,"column":48}}],"line":129},"20":{"loc":{"start":{"line":130,"column":23},"end":{"line":130,"column":72}},"type":"cond-expr","locations":[{"start":{"line":130,"column":49},"end":{"line":130,"column":59}},{"start":{"line":130,"column":62},"end":{"line":130,"column":72}}],"line":130},"21":{"loc":{"start":{"line":131,"column":21},"end":{"line":131,"column":70}},"type":"cond-expr","locations":[{"start":{"line":131,"column":47},"end":{"line":131,"column":57}},{"start":{"line":131,"column":60},"end":{"line":131,"column":70}}],"line":131},"22":{"loc":{"start":{"line":141,"column":11},"end":{"line":141,"column":73}},"type":"cond-expr","locations":[{"start":{"line":141,"column":49},"end":{"line":141,"column":51}},{"start":{"line":141,"column":54},"end":{"line":141,"column":73}}],"line":141},"23":{"loc":{"start":{"line":146,"column":11},"end":{"line":146,"column":73}},"type":"cond-expr","locations":[{"start":{"line":146,"column":49},"end":{"line":146,"column":51}},{"start":{"line":146,"column":54},"end":{"line":146,"column":73}}],"line":146}},"s":{"0":5,"1":5,"2":5,"3":51,"4":0,"5":51,"6":51,"7":0,"8":5,"9":0,"10":5,"11":0,"12":5,"13":16,"14":5,"15":5,"16":5,"17":5,"18":66,"19":5,"20":43,"21":5,"22":83,"23":0,"24":83,"25":83,"26":83,"27":83,"28":83,"29":5,"30":5,"31":29,"32":29,"33":0,"34":29,"35":0,"36":5,"37":7,"38":7,"39":0,"40":7,"41":0,"42":5,"43":15,"44":15,"45":5,"46":0,"47":5},"f":{"0":51,"1":0,"2":0,"3":16,"4":66,"5":43,"6":83,"7":29,"8":7,"9":15,"10":0},"b":{"0":[0,51],"1":[51,0],"2":[0,83],"3":[83,0],"4":[0,83],"5":[0,5],"6":[5,0],"7":[0,5],"8":[5,0],"9":[0,5],"10":[5,0],"11":[0,5],"12":[5,0],"13":[0,5],"14":[5,0],"15":[0,5],"16":[5,0],"17":[0,29,0],"18":[0,7,0],"19":[0,15],"20":[0,15],"21":[0,15],"22":[0,0],"23":[0,0]},"_coverageSchema":"1a1c01bbd47fc00a2c39e90264f33305004495a9","hash":"46b4377b0e0cdc7ecf09aed90ff5e94702aa93a5"}
}
