TN:
SF:frontend/app/(tabs)/settings.tsx
FN:14,SettingsScreen
FN:31,(anonymous_1)
FN:32,(anonymous_2)
FN:35,(anonymous_3)
FN:36,(anonymous_4)
FN:39,(anonymous_5)
FN:43,(anonymous_6)
FN:75,(anonymous_7)
FN:83,(anonymous_8)
FNF:9
FNH:2
FNDA:1,SettingsScreen
FNDA:0,(anonymous_1)
FNDA:0,(anonymous_2)
FNDA:0,(anonymous_3)
FNDA:0,(anonymous_4)
FNDA:0,(anonymous_5)
FNDA:0,(anonymous_6)
FNDA:4,(anonymous_7)
FNDA:0,(anonymous_8)
DA:7,1
DA:15,1
DA:16,1
DA:17,1
DA:19,1
DA:20,1
DA:21,1
DA:24,1
DA:31,1
DA:32,0
DA:35,1
DA:36,0
DA:39,1
DA:40,0
DA:43,1
DA:44,0
DA:47,1
DA:76,4
DA:83,0
DA:201,1
LF:20
LH:15
BRDA:51,0,0,1
BRDA:51,0,1,0
BRDA:52,1,0,1
BRDA:52,1,1,0
BRDA:57,2,0,1
BRDA:57,2,1,0
BRDA:58,3,0,0
BRDA:58,3,1,1
BRDA:58,4,0,0
BRDA:58,4,1,1
BRDA:67,5,0,1
BRDA:67,5,1,0
BRDA:68,6,0,0
BRDA:68,6,1,1
BRDA:68,7,0,0
BRDA:68,7,1,1
BRDA:80,8,0,4
BRDA:80,8,1,1
BRDA:81,9,0,4
BRDA:81,9,1,0
BRDA:92,10,0,4
BRDA:92,10,1,1
BRDA:98,11,0,4
BRDA:98,11,1,1
BRDA:99,12,0,4
BRDA:99,12,1,0
BRDA:112,13,0,1
BRDA:112,13,1,0
BRDA:113,14,0,1
BRDA:113,14,1,0
BRDA:123,15,0,1
BRDA:123,15,1,0
BRDA:129,16,0,1
BRDA:129,16,1,0
BRDA:134,17,0,1
BRDA:134,17,1,0
BRDA:140,18,0,1
BRDA:140,18,1,0
BRDA:149,19,0,1
BRDA:149,19,1,0
BRDA:150,20,0,1
BRDA:150,20,1,0
BRDA:160,21,0,1
BRDA:160,21,1,0
BRDA:170,22,0,1
BRDA:170,22,1,0
BRDA:171,23,0,0
BRDA:171,23,1,1
BRDA:171,24,0,0
BRDA:171,24,1,1
BRDA:179,25,0,1
BRDA:179,25,1,0
BRDA:180,26,0,1
BRDA:180,26,1,0
BRDA:184,27,0,0
BRDA:184,27,1,1
BRDA:190,28,0,1
BRDA:190,28,1,0
BRDA:191,29,0,0
BRDA:191,29,1,1
BRDA:191,30,0,0
BRDA:191,30,1,1
BRDA:193,31,0,0
BRDA:193,31,1,1
BRF:64
BRH:35
end_of_record
TN:
SF:frontend/components/game/CongratsView.tsx
FN:13,CongratsView
FNF:1
FNH:1
FNDA:3,CongratsView
DA:21,3
DA:28,3
DA:65,1
LF:3
LH:3
BRDA:39,0,0,3
BRDA:39,0,1,3
BRF:2
BRH:2
end_of_record
TN:
SF:frontend/components/game/ConnectionLine.tsx
FN:13,ConnectionLine
FN:26,(anonymous_1)
FNF:2
FNH:2
FNDA:2,ConnectionLine
FNDA:2,(anonymous_1)
DA:20,2
DA:21,2
DA:22,2
DA:24,2
DA:26,2
DA:27,2
DA:28,2
DA:30,2
DA:31,2
DA:32,2
DA:35,2
DA:53,0
DA:54,0
DA:55,0
DA:59,0
DA:60,0
DA:66,0
DA:71,2
DA:72,0
DA:73,0
DA:76,2
DA:84,2
DA:85,2
DA:86,2
DA:87,2
DA:89,2
DA:187,1
LF:27
LH:19
BRDA:16,0,0,0
BRDA:17,1,0,2
BRDA:18,2,0,2
BRDA:27,3,0,2
BRDA:27,3,1,0
BRDA:27,4,0,2
BRDA:27,4,1,2
BRDA:28,5,0,2
BRDA:28,5,1,0
BRDA:59,6,0,0
BRDA:59,6,1,0
BRDA:71,7,0,0
BRDA:71,7,1,2
BRDA:71,8,0,2
BRDA:71,8,1,2
BRF:15
BRH:9
end_of_record
TN:
SF:frontend/components/game/ErrorView.tsx
FN:10,ErrorView
FNF:1
FNH:1
FNDA:4,ErrorView
DA:11,4
DA:29,1
LF:2
LH:2
BRDA:14,0,0,4
BRDA:14,0,1,1
BRF:2
BRH:2
end_of_record
TN:
SF:frontend/components/game/FeedbackView.tsx
FN:22,FeedbackView
FN:41,(anonymous_1)
FN:88,(anonymous_2)
FN:165,(anonymous_3)
FNF:4
FNH:3
FNDA:4,FeedbackView
FNDA:4,(anonymous_1)
FNDA:0,(anonymous_2)
FNDA:8,(anonymous_3)
DA:34,4
DA:35,4
DA:38,4
DA:39,4
DA:41,4
DA:43,4
DA:44,4
DA:46,4
DA:61,4
DA:62,0
DA:89,0
DA:139,4
DA:166,8
DA:209,1
LF:14
LH:12
BRDA:61,0,0,0
BRDA:61,0,1,4
BRDA:70,1,0,0
BRDA:70,1,1,0
BRDA:75,2,0,0
BRDA:75,2,1,0
BRDA:93,3,0,0
BRDA:93,3,1,0
BRDA:103,4,0,0
BRDA:103,4,1,0
BRDA:107,5,0,0
BRDA:107,5,1,0
BRDA:111,6,0,0
BRDA:111,6,1,0
BRDA:115,7,0,0
BRDA:115,7,1,0
BRDA:120,8,0,0
BRDA:120,8,1,0
BRDA:129,9,0,0
BRDA:129,9,1,0
BRDA:147,10,0,1
BRDA:147,10,1,3
BRDA:152,11,0,0
BRDA:152,11,1,4
BRDA:170,12,0,8
BRDA:170,12,1,4
BRDA:180,13,0,4
BRDA:180,13,1,0
BRDA:184,14,0,4
BRDA:184,14,1,0
BRDA:188,15,0,4
BRDA:188,15,1,0
BRDA:192,16,0,1
BRDA:192,16,1,3
BRDA:194,17,0,0
BRDA:194,17,1,1
BRDA:200,18,0,0
BRDA:200,18,1,3
BRF:38
BRH:13
end_of_record
TN:
SF:frontend/components/game/GameCard.tsx
FN:17,GameCard
FN:34,(anonymous_1)
FN:37,(anonymous_2)
FN:41,(anonymous_3)
FN:52,(anonymous_4)
FN:59,(anonymous_5)
FNF:6
FNH:2
FNDA:36,GameCard
FNDA:0,(anonymous_1)
FNDA:0,(anonymous_2)
FNDA:0,(anonymous_3)
FNDA:0,(anonymous_4)
FNDA:36,(anonymous_5)
DA:27,36
DA:28,36
DA:29,36
DA:32,36
DA:34,36
DA:35,0
DA:37,0
DA:38,0
DA:39,0
DA:50,0
DA:52,0
DA:59,36
DA:60,36
DA:61,3
DA:70,33
DA:80,36
DA:84,36
DA:123,3
LF:18
LH:12
BRDA:19,0,0,23
BRDA:21,1,0,29
BRDA:28,2,0,7
BRDA:28,2,1,29
BRDA:35,3,0,0
BRDA:35,3,1,0
BRDA:35,4,0,0
BRDA:35,4,1,0
BRDA:35,4,2,0
BRDA:38,5,0,0
BRDA:38,5,1,0
BRDA:38,6,0,0
BRDA:38,6,1,0
BRDA:60,7,0,3
BRDA:60,7,1,33
BRDA:80,8,0,7
BRDA:80,8,1,29
BRDA:80,9,0,36
BRDA:80,9,1,7
BRDA:99,10,0,7
BRDA:99,10,1,29
BRDA:102,11,0,7
BRDA:102,11,1,29
BRDA:103,12,0,36
BRDA:103,12,1,3
BRDA:109,13,0,7
BRDA:109,13,1,29
BRDA:110,14,0,36
BRDA:110,14,1,3
BRF:29
BRH:20
end_of_record
TN:
SF:frontend/components/game/GameView.tsx
FN:20,GameView
FN:41,(anonymous_1)
FN:46,(anonymous_2)
FN:55,(anonymous_3)
FN:65,(anonymous_4)
FN:66,(anonymous_5)
FN:101,(anonymous_6)
FN:106,(anonymous_7)
FN:119,(anonymous_8)
FN:124,(anonymous_9)
FN:152,(anonymous_10)
FN:160,(anonymous_11)
FN:182,(anonymous_12)
FN:190,(anonymous_13)
FN:197,(anonymous_14)
FNF:15
FNH:9
FNDA:6,GameView
FNDA:0,(anonymous_1)
FNDA:6,(anonymous_2)
FNDA:6,(anonymous_3)
FNDA:6,(anonymous_4)
FNDA:6,(anonymous_5)
FNDA:0,(anonymous_6)
FNDA:0,(anonymous_7)
FNDA:0,(anonymous_8)
FNDA:0,(anonymous_9)
FNDA:6,(anonymous_10)
FNDA:1,(anonymous_11)
FNDA:6,(anonymous_12)
FNDA:1,(anonymous_13)
FNDA:0,(anonymous_14)
DA:28,6
DA:29,6
DA:38,6
DA:41,6
DA:42,0
DA:46,6
DA:47,6
DA:55,6
DA:56,6
DA:65,6
DA:66,6
DA:69,6
DA:71,0
DA:102,0
DA:106,0
DA:120,0
DA:124,0
DA:135,6
DA:153,6
DA:160,1
DA:183,6
DA:190,1
DA:198,0
DA:209,1
LF:24
LH:17
BRDA:47,0,0,1
BRDA:47,0,1,5
BRDA:47,1,0,6
BRDA:47,1,1,1
BRDA:56,2,0,1
BRDA:56,2,1,5
BRDA:56,3,0,6
BRDA:56,3,1,1
BRDA:69,4,0,0
BRDA:69,4,1,6
BRDA:73,5,0,0
BRDA:73,5,1,0
BRDA:83,6,0,0
BRDA:83,6,1,0
BRDA:84,7,0,0
BRDA:84,7,1,0
BRDA:84,8,0,0
BRDA:84,8,1,0
BRDA:84,9,0,0
BRDA:84,9,1,0
BRDA:90,10,0,0
BRDA:90,10,1,0
BRDA:97,11,0,0
BRDA:97,11,1,0
BRDA:115,12,0,0
BRDA:115,12,1,0
BRDA:137,13,0,0
BRDA:137,13,1,6
BRDA:142,14,0,0
BRDA:142,14,1,6
BRDA:149,15,0,0
BRDA:149,15,1,6
BRDA:166,16,0,0
BRDA:166,16,1,6
BRDA:167,17,0,6
BRDA:167,17,1,5
BRDA:167,18,0,6
BRDA:167,18,1,0
BRDA:167,19,0,6
BRDA:167,19,1,5
BRDA:173,20,0,6
BRDA:173,20,1,0
BRDA:179,21,0,0
BRDA:179,21,1,6
BRF:44
BRH:20
end_of_record
TN:
SF:frontend/components/game/LoadingView.tsx
FN:4,LoadingView
FNF:1
FNH:1
FNDA:1,LoadingView
DA:5,1
DA:13,1
LF:2
LH:2
BRF:0
BRH:0
end_of_record
TN:
SF:frontend/components/game/ProgressBar.tsx
FN:12,ProgressBar
FNF:1
FNH:1
FNDA:4,ProgressBar
DA:13,4
DA:14,4
DA:16,4
DA:46,1
LF:4
LH:4
BRDA:19,0,0,0
BRDA:19,0,1,4
BRDA:23,1,0,0
BRDA:23,1,1,4
BRDA:23,2,0,0
BRDA:23,2,1,4
BRDA:25,3,0,4
BRDA:25,3,1,3
BRDA:31,4,0,4
BRDA:31,4,1,0
BRF:10
BRH:6
end_of_record
TN:
SF:frontend/components/game/SVGConnectionLine.tsx
FN:13,(anonymous_0)
FNF:1
FNH:0
FNDA:0,(anonymous_0)
DA:13,1
DA:19,0
DA:20,0
DA:24,0
DA:25,0
DA:26,0
DA:27,0
DA:30,0
DA:31,0
DA:32,0
DA:33,0
DA:34,0
DA:36,0
DA:37,0
DA:40,0
DA:41,0
DA:42,0
DA:43,0
DA:45,0
LF:19
LH:1
BRDA:16,0,0,0
BRDA:17,1,0,0
BRDA:19,2,0,0
BRDA:19,2,1,0
BRDA:19,3,0,0
BRDA:19,3,1,0
BRF:6
BRH:0
end_of_record
TN:
SF:frontend/constants/colors.ts
FN:155,getContrastText
FN:169,withOpacity
FNF:2
FNH:0
FNDA:0,getContrastText
FNDA:0,withOpacity
DA:14,9
DA:37,9
DA:67,9
DA:114,9
DA:129,9
DA:140,9
DA:157,0
DA:158,0
DA:159,0
DA:160,0
DA:161,0
DA:163,0
DA:170,0
DA:171,0
DA:172,0
DA:175,0
DA:176,0
DA:177,0
DA:178,0
DA:179,0
DA:185,9
DA:197,9
LF:22
LH:8
BRDA:163,0,0,0
BRDA:163,0,1,0
BRDA:170,1,0,0
BRDA:170,1,1,0
BRDA:171,2,0,0
BRDA:171,2,1,0
BRF:6
BRH:0
end_of_record
TN:
SF:frontend/controllers/realm_controllers/BaseController.ts
FN:17,(anonymous_0)
FN:18,(anonymous_1)
FN:27,(anonymous_2)
FN:35,(anonymous_3)
FNF:4
FNH:1
FNDA:0,(anonymous_0)
FNDA:0,(anonymous_1)
FNDA:1,(anonymous_2)
FNDA:0,(anonymous_3)
DA:18,0
DA:19,0
DA:28,1
DA:36,0
LF:4
LH:1
BRF:0
BRH:0
end_of_record
TN:
SF:frontend/hooks/useCardConnections.ts
FN:18,useCardConnections
FN:24,(anonymous_1)
FN:45,(anonymous_2)
FN:58,(anonymous_3)
FN:192,(anonymous_4)
FN:194,(anonymous_5)
FN:206,(anonymous_6)
FN:207,(anonymous_7)
FN:208,(anonymous_8)
FN:215,(anonymous_9)
FN:220,(anonymous_10)
FN:224,(anonymous_11)
FNF:12
FNH:2
FNDA:6,useCardConnections
FNDA:0,(anonymous_1)
FNDA:0,(anonymous_2)
FNDA:0,(anonymous_3)
FNDA:0,(anonymous_4)
FNDA:0,(anonymous_5)
FNDA:0,(anonymous_6)
FNDA:0,(anonymous_7)
FNDA:0,(anonymous_8)
FNDA:6,(anonymous_9)
FNDA:0,(anonymous_10)
FNDA:0,(anonymous_11)
DA:19,6
DA:20,6
DA:21,6
DA:24,6
DA:29,0
DA:30,0
DA:34,0
DA:35,0
DA:45,0
DA:46,0
DA:47,0
DA:53,0
DA:58,6
DA:62,0
DA:63,0
DA:65,0
DA:66,0
DA:67,0
DA:69,0
DA:70,0
DA:71,0
DA:75,0
DA:81,0
DA:82,0
DA:83,0
DA:85,0
DA:88,0
DA:89,0
DA:95,0
DA:96,0
DA:97,0
DA:98,0
DA:104,0
DA:106,0
DA:108,0
DA:109,0
DA:112,0
DA:113,0
DA:117,0
DA:119,0
DA:120,0
DA:123,0
DA:124,0
DA:132,0
DA:134,0
DA:136,0
DA:137,0
DA:140,0
DA:141,0
DA:145,0
DA:147,0
DA:148,0
DA:151,0
DA:152,0
DA:156,0
DA:161,0
DA:166,0
DA:172,0
DA:183,0
DA:190,0
DA:192,0
DA:194,0
DA:195,0
DA:198,0
DA:201,0
DA:206,6
DA:207,0
DA:208,0
DA:209,0
DA:215,6
DA:216,6
DA:220,6
DA:224,0
DA:225,0
DA:230,6
LF:75
LH:10
BRDA:29,0,0,0
BRDA:29,0,1,0
BRDA:69,1,0,0
BRDA:69,1,1,0
BRDA:69,2,0,0
BRDA:69,2,1,0
BRDA:104,3,0,0
BRDA:104,3,1,0
BRDA:106,4,0,0
BRDA:106,4,1,0
BRDA:117,5,0,0
BRDA:117,5,1,0
BRDA:132,6,0,0
BRDA:132,6,1,0
BRDA:134,7,0,0
BRDA:134,7,1,0
BRDA:145,8,0,0
BRDA:145,8,1,0
BRDA:195,9,0,0
BRDA:195,9,1,0
BRDA:195,10,0,0
BRDA:195,10,1,0
BRDA:196,11,0,0
BRDA:196,11,1,0
BRDA:209,12,0,0
BRDA:209,12,1,0
BRDA:224,13,0,0
BRDA:224,13,1,0
BRDA:225,14,0,0
BRDA:225,14,1,0
BRDA:225,14,2,0
BRDA:225,14,3,0
BRF:32
BRH:0
end_of_record
TN:
SF:frontend/hooks/useResponsiveLayout.ts
FN:16,useResponsiveLayout
FN:20,(anonymous_1)
FN:21,(anonymous_2)
FN:26,(anonymous_3)
FNF:4
FNH:3
FNDA:15,useResponsiveLayout
FNDA:15,(anonymous_1)
FNDA:0,(anonymous_2)
FNDA:15,(anonymous_3)
DA:17,15
DA:18,15
DA:20,15
DA:21,15
DA:22,0
DA:23,0
DA:26,15
DA:29,15
LF:8
LH:6
BRF:0
BRH:0
end_of_record
TN:
SF:frontend/utils/responsive.ts
FN:14,(anonymous_0)
FN:21,(anonymous_1)
FN:22,(anonymous_2)
FN:23,(anonymous_3)
FN:31,(anonymous_4)
FN:35,(anonymous_5)
FN:40,(anonymous_6)
FN:67,(anonymous_7)
FN:93,(anonymous_8)
FN:122,(anonymous_9)
FN:136,(anonymous_10)
FNF:11
FNH:8
FNDA:51,(anonymous_0)
FNDA:0,(anonymous_1)
FNDA:0,(anonymous_2)
FNDA:16,(anonymous_3)
FNDA:66,(anonymous_4)
FNDA:43,(anonymous_5)
FNDA:83,(anonymous_6)
FNDA:29,(anonymous_7)
FNDA:7,(anonymous_8)
FNDA:15,(anonymous_9)
FNDA:0,(anonymous_10)
DA:4,5
DA:7,5
DA:14,5
DA:15,51
DA:16,51
DA:17,0
DA:21,5
DA:22,5
DA:23,16
DA:26,5
DA:27,5
DA:28,5
DA:31,5
DA:32,66
DA:35,5
DA:36,43
DA:40,5
DA:42,83
DA:43,0
DA:46,83
DA:47,83
DA:50,83
DA:51,83
DA:53,83
DA:57,5
DA:67,5
DA:68,29
DA:70,29
DA:72,0
DA:78,29
DA:84,0
DA:93,5
DA:94,7
DA:96,7
DA:98,0
DA:105,7
DA:112,0
DA:122,5
DA:123,15
DA:125,15
DA:136,5
DA:137,0
DA:152,5
LF:43
LH:36
BRDA:15,0,0,0
BRDA:15,0,1,51
BRDA:16,1,0,51
BRDA:16,1,1,0
BRDA:42,2,0,0
BRDA:42,2,1,83
BRDA:42,3,0,83
BRDA:42,3,1,0
BRDA:51,4,0,0
BRDA:51,4,1,83
BRDA:58,5,0,0
BRDA:58,5,1,5
BRDA:58,6,0,5
BRDA:58,6,1,0
BRDA:59,7,0,0
BRDA:59,7,1,5
BRDA:59,8,0,5
BRDA:59,8,1,0
BRDA:60,9,0,0
BRDA:60,9,1,5
BRDA:60,10,0,5
BRDA:60,10,1,0
BRDA:61,11,0,0
BRDA:61,11,1,5
BRDA:61,12,0,5
BRDA:61,12,1,0
BRDA:62,13,0,0
BRDA:62,13,1,5
BRDA:62,14,0,5
BRDA:62,14,1,0
BRDA:63,15,0,0
BRDA:63,15,1,5
BRDA:63,16,0,5
BRDA:63,16,1,0
BRDA:70,17,0,0
BRDA:70,17,1,29
BRDA:70,17,2,0
BRDA:96,18,0,0
BRDA:96,18,1,7
BRDA:96,18,2,0
BRDA:129,19,0,0
BRDA:129,19,1,15
BRDA:130,20,0,0
BRDA:130,20,1,15
BRDA:131,21,0,0
BRDA:131,21,1,15
BRDA:141,22,0,0
BRDA:141,22,1,0
BRDA:146,23,0,0
BRDA:146,23,1,0
BRF:50
BRH:22
end_of_record
