TN:
SF:config.js
FNF:0
FNH:0
DA:1,5
LF:1
LH:1
BRF:0
BRH:0
end_of_record
TN:
SF:app/play.tsx
FN:39,PlayScreen
FN:66,(anonymous_1)
FN:72,(anonymous_2)
FN:86,(anonymous_3)
FN:91,(anonymous_4)
FN:102,(anonymous_5)
FN:113,(anonymous_6)
FN:134,(anonymous_7)
FN:145,(anonymous_8)
FN:149,(anonymous_9)
FN:153,(anonymous_10)
FN:162,(anonymous_11)
FNF:12
FNH:5
FNDA:45,PlayScreen
FNDA:14,(anonymous_1)
FNDA:15,(anonymous_2)
FNDA:25,(anonymous_3)
FNDA:0,(anonymous_4)
FNDA:0,(anonymous_5)
FNDA:4,(anonymous_6)
FNDA:0,(anonymous_7)
FNDA:0,(anonymous_8)
FNDA:0,(anonymous_9)
FNDA:0,(anonymous_10)
FNDA:0,(anonymous_11)
DA:40,45
DA:41,45
DA:42,45
DA:43,45
DA:44,45
DA:54,45
DA:55,45
DA:56,45
DA:57,45
DA:58,45
DA:59,45
DA:61,45
DA:62,45
DA:63,45
DA:66,45
DA:67,14
DA:68,14
DA:72,45
DA:73,15
DA:74,11
DA:75,11
DA:76,11
DA:77,11
DA:79,11
DA:80,11
DA:86,45
DA:87,25
DA:88,25
DA:91,45
DA:92,0
DA:94,0
DA:95,0
DA:96,0
DA:98,0
DA:102,45
DA:103,0
DA:104,0
DA:105,0
DA:106,0
DA:108,0
DA:113,45
DA:114,4
DA:115,4
DA:116,4
DA:117,2
DA:118,2
DA:119,2
DA:122,2
DA:124,2
DA:126,0
DA:127,0
DA:130,0
DA:131,0
DA:134,0
DA:135,0
DA:136,0
DA:138,0
DA:139,0
DA:140,0
DA:145,2
DA:148,2
DA:149,2
DA:153,45
DA:154,0
DA:155,0
DA:156,0
DA:157,0
DA:159,0
DA:162,45
DA:163,0
DA:164,0
DA:167,0
DA:170,0
DA:171,0
DA:172,0
DA:173,0
DA:174,0
DA:175,0
DA:177,0
DA:180,0
DA:183,0
DA:188,45
DA:189,2
DA:197,43
DA:198,4
DA:210,39
DA:212,39
DA:250,1
LF:88
LH:51
BRDA:73,0,0,11
BRDA:73,0,1,4
BRDA:73,1,0,15
BRDA:73,1,1,12
BRDA:79,2,0,11
BRDA:79,2,1,0
BRDA:114,3,0,0
BRDA:114,3,1,4
BRDA:116,4,0,2
BRDA:116,4,1,2
BRDA:124,5,0,0
BRDA:124,5,1,2
BRDA:130,6,0,0
BRDA:130,6,1,0
BRDA:135,7,0,0
BRDA:135,7,1,0
BRDA:170,8,0,0
BRDA:170,8,1,0
BRDA:188,9,0,2
BRDA:188,9,1,43
BRDA:197,10,0,4
BRDA:197,10,1,39
BRDA:197,11,0,43
BRDA:197,11,1,39
BRDA:218,12,0,39
BRDA:218,12,1,0
BRDA:224,13,0,0
BRDA:224,13,1,39
BRDA:229,14,0,0
BRDA:229,14,1,0
BRF:30
BRH:17
end_of_record
TN:
SF:app/(tabs)/settings.tsx
FN:19,SettingsScreen
FN:40,(anonymous_1)
FN:41,(anonymous_2)
FN:44,(anonymous_3)
FN:45,(anonymous_4)
FN:48,(anonymous_5)
FN:52,(anonymous_6)
FN:67,(anonymous_7)
FN:208,(anonymous_8)
FN:235,(anonymous_9)
FNF:10
FNH:1
FNDA:1,SettingsScreen
FNDA:0,(anonymous_1)
FNDA:0,(anonymous_2)
FNDA:0,(anonymous_3)
FNDA:0,(anonymous_4)
FNDA:0,(anonymous_5)
FNDA:0,(anonymous_6)
FNDA:0,(anonymous_7)
FNDA:0,(anonymous_8)
FNDA:0,(anonymous_9)
DA:10,1
DA:20,1
DA:21,1
DA:22,1
DA:23,1
DA:26,1
DA:28,1
DA:29,1
DA:30,1
DA:33,1
DA:40,1
DA:41,0
DA:44,1
DA:45,0
DA:48,1
DA:49,0
DA:52,1
DA:53,0
DA:56,1
DA:67,0
DA:208,0
DA:235,0
DA:304,1
LF:23
LH:16
BRDA:61,0,0,1
BRDA:61,0,1,0
BRDA:77,1,0,0
BRDA:77,1,1,1
BRDA:77,2,0,0
BRDA:77,2,1,1
BRDA:194,3,0,0
BRDA:194,3,1,1
BRDA:194,4,0,0
BRDA:194,4,1,1
BRDA:204,5,0,0
BRDA:204,5,1,1
BRDA:205,6,0,1
BRDA:205,6,1,0
BRDA:206,7,0,1
BRDA:206,7,1,0
BRDA:217,8,0,0
BRDA:217,8,1,1
BRDA:222,9,0,1
BRDA:222,9,1,0
BRDA:231,10,0,0
BRDA:231,10,1,1
BRDA:232,11,0,1
BRDA:232,11,1,0
BRDA:233,12,0,1
BRDA:233,12,1,0
BRDA:244,13,0,0
BRDA:244,13,1,1
BRDA:249,14,0,1
BRDA:249,14,1,0
BRDA:257,15,0,1
BRDA:257,15,1,1
BRDA:272,16,0,0
BRDA:272,16,1,1
BRDA:272,17,0,0
BRDA:272,17,1,1
BRDA:280,18,0,0
BRDA:280,18,1,1
BRDA:281,19,0,1
BRDA:281,19,1,0
BRDA:282,20,0,1
BRDA:282,20,1,0
BRDA:286,21,0,0
BRDA:286,21,1,1
BRDA:293,22,0,1
BRDA:293,22,1,0
BRDA:294,23,0,0
BRDA:294,23,1,1
BRDA:294,24,0,0
BRDA:294,24,1,1
BRDA:296,25,0,0
BRDA:296,25,1,1
BRF:52
BRH:27
end_of_record
TN:
SF:components/game/CongratsView.tsx
FN:14,CongratsView
FNF:1
FNH:1
FNDA:3,CongratsView
DA:22,3
DA:23,3
DA:25,3
DA:32,3
DA:69,2
LF:5
LH:5
BRDA:43,0,0,3
BRDA:43,0,1,3
BRDA:55,1,0,0
BRDA:55,1,1,3
BRF:4
BRH:3
end_of_record
TN:
SF:components/game/ErrorView.tsx
FN:11,ErrorView
FNF:1
FNH:1
FNDA:8,ErrorView
DA:12,8
DA:13,8
DA:15,8
DA:33,2
LF:4
LH:4
BRDA:18,0,0,8
BRDA:18,0,1,1
BRF:2
BRH:2
end_of_record
TN:
SF:components/game/GameCard.tsx
FN:18,GameCard
FN:37,(anonymous_1)
FN:40,(anonymous_2)
FN:44,(anonymous_3)
FN:55,(anonymous_4)
FN:62,(anonymous_5)
FNF:6
FNH:2
FNDA:319,GameCard
FNDA:0,(anonymous_1)
FNDA:0,(anonymous_2)
FNDA:0,(anonymous_3)
FNDA:0,(anonymous_4)
FNDA:123,(anonymous_5)
DA:28,319
DA:29,319
DA:30,319
DA:31,319
DA:32,319
DA:35,319
DA:37,319
DA:38,0
DA:40,0
DA:41,0
DA:42,0
DA:53,0
DA:55,0
DA:62,319
DA:63,123
DA:64,9
DA:73,114
DA:83,319
DA:87,319
DA:128,3
LF:20
LH:14
BRDA:20,0,0,84
BRDA:22,1,0,239
BRDA:31,2,0,80
BRDA:31,2,1,239
BRDA:38,3,0,0
BRDA:38,3,1,0
BRDA:38,4,0,0
BRDA:38,4,1,0
BRDA:38,4,2,0
BRDA:41,5,0,0
BRDA:41,5,1,0
BRDA:41,6,0,0
BRDA:41,6,1,0
BRDA:63,7,0,9
BRDA:63,7,1,114
BRDA:83,8,0,80
BRDA:83,8,1,239
BRDA:83,9,0,319
BRDA:83,9,1,80
BRDA:102,10,0,80
BRDA:102,10,1,239
BRDA:104,11,0,80
BRDA:104,11,1,239
BRDA:104,12,0,37
BRDA:104,12,1,202
BRDA:106,13,0,37
BRDA:106,13,1,282
BRDA:108,14,0,319
BRDA:108,14,1,80
BRDA:114,15,0,80
BRDA:114,15,1,239
BRDA:116,16,0,319
BRDA:116,16,1,37
BRF:33
BRH:24
end_of_record
TN:
SF:components/game/GameHeader.tsx
FN:11,GameHeader
FN:21,(anonymous_1)
FN:22,(anonymous_2)
FNF:3
FNH:1
FNDA:45,GameHeader
FNDA:0,(anonymous_1)
FNDA:0,(anonymous_2)
DA:12,45
DA:13,45
DA:14,45
DA:16,45
DA:22,0
LF:5
LH:4
BRDA:11,0,0,45
BRF:1
BRH:1
end_of_record
TN:
SF:components/game/GameView.tsx
FN:24,GameView
FN:51,(anonymous_1)
FN:53,(anonymous_2)
FN:54,(anonymous_3)
FN:56,(anonymous_4)
FN:60,(anonymous_5)
FN:65,(anonymous_6)
FN:70,(anonymous_7)
FN:77,(anonymous_8)
FN:79,(anonymous_9)
FN:86,(anonymous_10)
FN:88,(anonymous_11)
FN:96,(anonymous_12)
FN:99,(anonymous_13)
FN:103,(anonymous_14)
FN:106,(anonymous_15)
FN:110,(anonymous_16)
FN:115,(anonymous_17)
FN:121,(anonymous_18)
FN:124,(anonymous_19)
FN:205,(anonymous_20)
FN:206,(anonymous_21)
FN:213,(anonymous_22)
FN:227,(anonymous_23)
FN:228,(anonymous_24)
FN:235,(anonymous_25)
FN:293,(anonymous_26)
FN:294,(anonymous_27)
FN:304,(anonymous_28)
FN:325,(anonymous_29)
FN:326,(anonymous_30)
FN:336,(anonymous_31)
FN:344,(anonymous_32)
FNF:33
FNH:22
FNDA:79,GameView
FNDA:17,(anonymous_1)
FNDA:10,(anonymous_2)
FNDA:10,(anonymous_3)
FNDA:17,(anonymous_4)
FNDA:0,(anonymous_5)
FNDA:50,(anonymous_6)
FNDA:2,(anonymous_7)
FNDA:2,(anonymous_8)
FNDA:8,(anonymous_9)
FNDA:2,(anonymous_10)
FNDA:4,(anonymous_11)
FNDA:21,(anonymous_12)
FNDA:0,(anonymous_13)
FNDA:3,(anonymous_14)
FNDA:0,(anonymous_15)
FNDA:3,(anonymous_16)
FNDA:28,(anonymous_17)
FNDA:8,(anonymous_18)
FNDA:0,(anonymous_19)
FNDA:0,(anonymous_20)
FNDA:0,(anonymous_21)
FNDA:0,(anonymous_22)
FNDA:0,(anonymous_23)
FNDA:0,(anonymous_24)
FNDA:0,(anonymous_25)
FNDA:117,(anonymous_26)
FNDA:8,(anonymous_27)
FNDA:4,(anonymous_28)
FNDA:117,(anonymous_29)
FNDA:8,(anonymous_30)
FNDA:4,(anonymous_31)
FNDA:0,(anonymous_32)
DA:34,79
DA:35,79
DA:36,79
DA:37,79
DA:38,79
DA:39,79
DA:40,79
DA:48,79
DA:51,79
DA:53,17
DA:54,10
DA:56,17
DA:60,79
DA:61,0
DA:65,79
DA:67,50
DA:70,50
DA:71,2
DA:72,2
DA:76,50
DA:77,10
DA:78,10
DA:79,8
DA:80,8
DA:85,50
DA:86,6
DA:87,6
DA:88,4
DA:89,4
DA:96,79
DA:97,21
DA:99,3
DA:100,0
DA:101,0
DA:103,3
DA:104,18
DA:106,3
DA:107,0
DA:108,0
DA:110,3
DA:115,79
DA:116,28
DA:117,28
DA:121,79
DA:123,8
DA:124,0
DA:127,8
DA:128,0
DA:131,8
DA:132,4
DA:133,0
DA:135,4
DA:137,4
DA:138,0
DA:142,4
DA:143,4
DA:144,0
DA:146,4
DA:148,4
DA:149,4
DA:156,79
DA:158,0
DA:206,0
DA:207,0
DA:208,0
DA:213,0
DA:228,0
DA:229,0
DA:230,0
DA:235,0
DA:257,79
DA:294,117
DA:295,117
DA:296,117
DA:304,4
DA:326,117
DA:327,117
DA:328,117
DA:336,4
DA:346,0
DA:347,0
DA:348,0
DA:350,0
DA:372,2
LF:84
LH:61
BRDA:76,0,0,10
BRDA:76,0,1,40
BRDA:76,1,0,50
BRDA:76,1,1,10
BRDA:78,2,0,8
BRDA:78,2,1,2
BRDA:85,3,0,6
BRDA:85,3,1,44
BRDA:85,4,0,50
BRDA:85,4,1,6
BRDA:87,5,0,4
BRDA:87,5,1,2
BRDA:97,6,0,3
BRDA:97,6,1,18
BRDA:104,7,0,3
BRDA:104,7,1,15
BRDA:124,8,0,0
BRDA:124,8,1,0
BRDA:127,9,0,0
BRDA:127,9,1,8
BRDA:131,10,0,4
BRDA:131,10,1,4
BRDA:132,11,0,0
BRDA:132,11,1,4
BRDA:137,12,0,0
BRDA:137,12,1,4
BRDA:142,13,0,4
BRDA:142,13,1,0
BRDA:143,14,0,0
BRDA:143,14,1,4
BRDA:148,15,0,4
BRDA:148,15,1,0
BRDA:156,16,0,0
BRDA:156,16,1,79
BRDA:168,17,0,0
BRDA:168,17,1,0
BRDA:171,18,0,0
BRDA:171,18,1,0
BRDA:172,19,0,0
BRDA:172,19,1,0
BRDA:172,20,0,0
BRDA:172,20,1,0
BRDA:172,21,0,0
BRDA:172,21,1,0
BRDA:180,22,0,0
BRDA:180,22,1,0
BRDA:185,23,0,0
BRDA:185,23,1,0
BRDA:194,24,0,0
BRDA:194,24,1,0
BRDA:201,25,0,0
BRDA:201,25,1,0
BRDA:212,26,0,0
BRDA:212,26,1,0
BRDA:223,27,0,0
BRDA:223,27,1,0
BRDA:234,28,0,0
BRDA:234,28,1,0
BRDA:245,29,0,0
BRDA:245,29,1,0
BRDA:247,30,0,0
BRDA:247,30,1,0
BRDA:266,31,0,68
BRDA:266,31,1,11
BRDA:269,32,0,68
BRDA:269,32,1,11
BRDA:270,33,0,79
BRDA:270,33,1,57
BRDA:270,34,0,79
BRDA:270,34,1,12
BRDA:270,35,0,79
BRDA:270,35,1,65
BRDA:278,36,0,68
BRDA:278,36,1,11
BRDA:282,37,0,0
BRDA:282,37,1,79
BRDA:283,38,0,68
BRDA:283,38,1,11
BRDA:290,39,0,68
BRDA:290,39,1,11
BRDA:303,40,0,117
BRDA:303,40,1,113
BRDA:316,41,0,79
BRDA:316,41,1,12
BRDA:322,42,0,68
BRDA:322,42,1,11
BRDA:335,43,0,117
BRDA:335,43,1,113
BRDA:361,44,0,79
BRDA:361,44,1,10
BRDA:363,45,0,6
BRDA:363,45,1,4
BRF:92
BRH:54
end_of_record
TN:
SF:components/game/LoadingView.tsx
FN:5,LoadingView
FNF:1
FNH:1
FNDA:3,LoadingView
DA:6,3
DA:7,3
DA:9,3
DA:17,2
LF:4
LH:4
BRF:0
BRH:0
end_of_record
TN:
SF:components/game/ProgressBar.tsx
FN:12,ProgressBar
FNF:1
FNH:1
FNDA:4,ProgressBar
DA:13,4
DA:14,4
DA:16,4
DA:46,2
LF:4
LH:4
BRDA:19,0,0,0
BRDA:19,0,1,4
BRDA:23,1,0,0
BRDA:23,1,1,4
BRDA:23,2,0,0
BRDA:23,2,1,4
BRDA:25,3,0,4
BRDA:25,3,1,3
BRDA:31,4,0,4
BRDA:31,4,1,0
BRF:10
BRH:6
end_of_record
TN:
SF:components/game/SVGConnectionLine.tsx
FN:13,(anonymous_0)
FNF:1
FNH:0
FNDA:0,(anonymous_0)
DA:13,2
DA:19,0
DA:20,0
DA:24,0
DA:25,0
DA:26,0
DA:27,0
DA:30,0
DA:31,0
DA:32,0
DA:33,0
DA:34,0
DA:36,0
DA:37,0
DA:40,0
DA:41,0
DA:42,0
DA:43,0
DA:45,0
LF:19
LH:1
BRDA:16,0,0,0
BRDA:17,1,0,0
BRDA:19,2,0,0
BRDA:19,2,1,0
BRDA:19,3,0,0
BRDA:19,3,1,0
BRF:6
BRH:0
end_of_record
TN:
SF:components/game/index.ts
FNF:0
FNH:0
LF:0
LH:0
BRF:0
BRH:0
end_of_record
TN:
SF:components/ui/icon-symbol.ios.tsx
FN:4,IconSymbol
FNF:1
FNH:0
FNDA:0,IconSymbol
DA:17,0
LF:1
LH:0
BRDA:6,0,0,0
BRDA:9,1,0,0
BRF:2
BRH:0
end_of_record
TN:
SF:constants/colors.ts
FN:166,getContrastText
FN:180,withOpacity
FN:269,getThemedColors
FNF:3
FNH:1
FNDA:0,getContrastText
FNDA:0,withOpacity
FNDA:503,getThemedColors
DA:14,8
DA:37,8
DA:67,8
DA:114,8
DA:129,8
DA:138,8
DA:151,8
DA:168,0
DA:169,0
DA:170,0
DA:171,0
DA:172,0
DA:174,0
DA:181,0
DA:182,0
DA:183,0
DA:186,0
DA:187,0
DA:188,0
DA:189,0
DA:190,0
DA:196,8
DA:209,8
DA:270,503
DA:272,0
DA:292,503
DA:294,0
DA:315,503
LF:28
LH:12
BRDA:174,0,0,0
BRDA:174,0,1,0
BRDA:181,1,0,0
BRDA:181,1,1,0
BRDA:182,2,0,0
BRDA:182,2,1,0
BRDA:269,3,0,0
BRDA:270,4,0,0
BRDA:270,4,1,503
BRDA:270,5,0,503
BRDA:270,5,1,0
BRDA:292,6,0,0
BRDA:292,6,1,503
BRDA:292,7,0,503
BRDA:292,7,1,0
BRDA:315,8,0,0
BRDA:315,8,1,503
BRF:17
BRH:5
end_of_record
TN:
SF:contexts/ThemeContext.tsx
FN:21,ThemeProvider
FN:33,(anonymous_1)
FN:37,(anonymous_2)
FN:55,(anonymous_3)
FN:64,(anonymous_4)
FN:69,(anonymous_5)
FN:91,useTheme
FNF:7
FNH:4
FNDA:71,ThemeProvider
FNDA:35,(anonymous_1)
FNDA:35,(anonymous_2)
FNDA:0,(anonymous_3)
FNDA:0,(anonymous_4)
FNDA:0,(anonymous_5)
FNDA:503,useTheme
DA:16,7
DA:18,7
DA:19,7
DA:22,71
DA:23,71
DA:24,71
DA:25,71
DA:28,71
DA:33,71
DA:34,35
DA:37,71
DA:38,35
DA:39,35
DA:40,35
DA:41,0
DA:44,35
DA:45,35
DA:46,0
DA:49,0
DA:51,35
DA:55,71
DA:56,0
DA:57,0
DA:58,0
DA:60,0
DA:64,71
DA:65,0
DA:66,0
DA:69,71
DA:70,0
DA:71,0
DA:72,0
DA:73,0
DA:75,0
DA:80,71
DA:81,35
DA:84,36
DA:92,503
DA:93,503
DA:94,0
DA:96,503
LF:41
LH:26
BRDA:28,0,0,71
BRDA:28,0,1,0
BRDA:40,1,0,0
BRDA:40,1,1,35
BRDA:40,2,0,35
BRDA:40,2,1,0
BRDA:40,2,2,0
BRDA:40,2,3,0
BRDA:45,3,0,0
BRDA:45,3,1,35
BRDA:65,4,0,0
BRDA:65,4,1,0
BRDA:80,5,0,35
BRDA:80,5,1,36
BRDA:93,6,0,0
BRDA:93,6,1,503
BRF:16
BRH:7
end_of_record
TN:
SF:controllers/api_controllers/AVPTrioController.ts
FN:6,(anonymous_0)
FN:15,(anonymous_1)
FN:24,(anonymous_2)
FN:31,(anonymous_3)
FN:35,(anonymous_4)
FN:47,(anonymous_5)
FN:54,(anonymous_6)
FNF:7
FNH:7
FNDA:3,(anonymous_0)
FNDA:2,(anonymous_1)
FNDA:3,(anonymous_2)
FNDA:5,(anonymous_3)
FNDA:3,(anonymous_4)
FNDA:4,(anonymous_5)
FNDA:5,(anonymous_6)
DA:7,3
DA:8,3
DA:10,2
DA:11,2
DA:12,2
DA:16,2
DA:19,2
DA:20,1
DA:21,1
DA:25,3
DA:26,3
DA:28,2
DA:29,2
DA:31,5
DA:32,2
DA:36,3
DA:41,3
DA:43,2
DA:44,2
DA:48,4
DA:49,4
DA:51,3
DA:52,3
DA:54,5
DA:55,3
DA:59,1
LF:26
LH:26
BRDA:8,0,0,1
BRDA:8,0,1,2
BRDA:12,1,0,2
BRDA:12,1,1,1
BRDA:19,2,0,1
BRDA:19,2,1,1
BRDA:26,3,0,1
BRDA:26,3,1,2
BRDA:41,4,0,1
BRDA:41,4,1,2
BRDA:49,5,0,1
BRDA:49,5,1,3
BRDA:54,6,0,5
BRDA:54,6,1,3
BRDA:55,7,0,3
BRDA:55,7,1,1
BRF:16
BRH:16
end_of_record
TN:
SF:controllers/api_controllers/AgentController.ts
FN:8,(anonymous_0)
FN:12,(anonymous_1)
FN:19,(anonymous_2)
FN:23,(anonymous_3)
FN:25,(anonymous_4)
FNF:5
FNH:5
FNDA:8,(anonymous_0)
FNDA:7,(anonymous_1)
FNDA:14,(anonymous_2)
FNDA:10,(anonymous_3)
FNDA:10,(anonymous_4)
DA:9,8
DA:13,7
DA:14,7
DA:16,6
DA:17,6
DA:19,14
DA:20,6
DA:21,6
DA:23,10
DA:25,10
DA:29,1
LF:11
LH:11
BRDA:12,0,0,1
BRDA:14,1,0,1
BRDA:14,1,1,6
BRF:3
BRH:3
end_of_record
TN:
SF:controllers/api_controllers/BaseController.ts
FN:6,(anonymous_0)
FN:8,(anonymous_1)
FN:9,(anonymous_2)
FN:13,(anonymous_3)
FN:23,(anonymous_4)
FN:30,(anonymous_5)
FNF:6
FNH:6
FNDA:42,(anonymous_0)
FNDA:18,(anonymous_1)
FNDA:57,(anonymous_2)
FNDA:25,(anonymous_3)
FNDA:12,(anonymous_4)
FNDA:22,(anonymous_5)
DA:9,57
DA:10,18
DA:14,25
DA:17,25
DA:18,22
DA:19,22
DA:20,22
DA:24,12
DA:27,12
DA:28,11
DA:29,11
DA:30,22
LF:12
LH:12
BRDA:17,0,0,3
BRDA:17,0,1,22
BRDA:20,1,0,22
BRDA:20,1,1,1
BRDA:27,2,0,1
BRDA:27,2,1,11
BRF:6
BRH:6
end_of_record
TN:
SF:controllers/api_controllers/PatientController.ts
FN:8,(anonymous_0)
FN:12,(anonymous_1)
FN:19,(anonymous_2)
FN:23,(anonymous_3)
FN:25,(anonymous_4)
FNF:5
FNH:5
FNDA:8,(anonymous_0)
FNDA:7,(anonymous_1)
FNDA:14,(anonymous_2)
FNDA:10,(anonymous_3)
FNDA:10,(anonymous_4)
DA:9,8
DA:13,7
DA:14,7
DA:16,6
DA:17,6
DA:19,14
DA:20,6
DA:21,6
DA:23,10
DA:25,10
DA:29,1
LF:11
LH:11
BRDA:12,0,0,1
BRDA:14,1,0,1
BRDA:14,1,1,6
BRF:3
BRH:3
end_of_record
TN:
SF:controllers/api_controllers/VerbController.ts
FN:6,(anonymous_0)
FN:10,(anonymous_1)
FN:15,(anonymous_2)
FN:17,(anonymous_3)
FN:18,(anonymous_4)
FNF:5
FNH:5
FNDA:7,(anonymous_0)
FNDA:2,(anonymous_1)
FNDA:4,(anonymous_2)
FNDA:12,(anonymous_3)
FNDA:8,(anonymous_4)
DA:7,7
DA:11,2
DA:12,2
DA:16,4
DA:17,12
DA:18,8
DA:19,4
DA:23,1
LF:8
LH:8
BRF:0
BRH:0
end_of_record
TN:
SF:controllers/realm_controllers/AVPTrioController.ts
FN:9,(anonymous_0)
FN:11,(anonymous_1)
FN:22,(anonymous_2)
FN:30,(anonymous_3)
FN:36,(anonymous_4)
FN:40,(anonymous_5)
FN:42,(anonymous_6)
FNF:7
FNH:7
FNDA:14,(anonymous_0)
FNDA:30,(anonymous_1)
FNDA:4,(anonymous_2)
FNDA:6,(anonymous_3)
FNDA:8,(anonymous_4)
FNDA:4,(anonymous_5)
FNDA:3,(anonymous_6)
DA:6,17
DA:7,17
DA:10,14
DA:11,30
DA:26,4
DA:27,4
DA:35,6
DA:36,8
DA:37,6
DA:41,4
DA:42,4
DA:43,4
DA:47,1
LF:13
LH:13
BRDA:24,0,0,1
BRDA:36,1,0,8
BRDA:36,1,1,5
BRDA:42,2,0,3
BRDA:42,2,1,2
BRDA:43,3,0,1
BRDA:43,3,1,3
BRF:7
BRH:7
end_of_record
TN:
SF:controllers/realm_controllers/AgentController.ts
FN:10,(anonymous_0)
FN:12,(anonymous_1)
FN:14,(anonymous_2)
FNF:3
FNH:3
FNDA:5,(anonymous_0)
FNDA:13,(anonymous_1)
FNDA:16,(anonymous_2)
DA:7,8
DA:8,8
DA:11,5
DA:12,13
DA:13,5
DA:14,16
DA:15,5
DA:19,1
LF:8
LH:8
BRDA:10,0,0,1
BRF:1
BRH:1
end_of_record
TN:
SF:controllers/realm_controllers/BaseController.ts
FN:17,(anonymous_0)
FN:18,(anonymous_1)
FN:27,(anonymous_2)
FN:35,(anonymous_3)
FNF:4
FNH:4
FNDA:16,(anonymous_0)
FNDA:32,(anonymous_1)
FNDA:2,(anonymous_2)
FNDA:26,(anonymous_3)
DA:18,32
DA:19,16
DA:28,2
DA:36,26
LF:4
LH:4
BRF:0
BRH:0
end_of_record
TN:
SF:controllers/realm_controllers/HistoryController.ts
FN:9,(anonymous_0)
FN:12,(anonymous_1)
FN:20,(anonymous_2)
FN:22,(anonymous_3)
FN:25,(anonymous_4)
FN:26,(anonymous_5)
FN:29,(anonymous_6)
FN:30,(anonymous_7)
FNF:8
FNH:8
FNDA:3,(anonymous_0)
FNDA:3,(anonymous_1)
FNDA:5,(anonymous_2)
FNDA:7,(anonymous_3)
FNDA:9,(anonymous_4)
FNDA:6,(anonymous_5)
FNDA:10,(anonymous_6)
FNDA:10,(anonymous_7)
DA:7,11
DA:10,3
DA:11,3
DA:12,3
DA:15,3
DA:17,3
DA:21,5
DA:22,7
DA:24,5
DA:25,9
DA:26,6
DA:28,5
DA:29,10
DA:30,10
DA:34,2
LF:15
LH:15
BRDA:11,0,0,1
BRDA:11,0,1,2
BRF:2
BRH:2
end_of_record
TN:
SF:controllers/realm_controllers/PatientController.ts
FN:10,(anonymous_0)
FN:12,(anonymous_1)
FN:14,(anonymous_2)
FNF:3
FNH:3
FNDA:5,(anonymous_0)
FNDA:13,(anonymous_1)
FNDA:16,(anonymous_2)
DA:7,8
DA:8,8
DA:11,5
DA:12,13
DA:13,5
DA:14,16
DA:15,5
DA:19,1
LF:8
LH:8
BRDA:10,0,0,1
BRF:1
BRH:1
end_of_record
TN:
SF:controllers/realm_controllers/VerbController.ts
FN:9,(anonymous_0)
FN:14,(anonymous_1)
FN:16,(anonymous_2)
FN:17,(anonymous_3)
FNF:4
FNH:4
FNDA:2,(anonymous_0)
FNDA:5,(anonymous_1)
FNDA:15,(anonymous_2)
FNDA:10,(anonymous_3)
DA:6,10
DA:7,10
DA:10,2
DA:11,2
DA:15,5
DA:16,15
DA:17,10
DA:18,5
DA:22,1
LF:9
LH:9
BRF:0
BRH:0
end_of_record
TN:
SF:database/index.ts
FN:40,(anonymous_0)
FN:57,(anonymous_1)
FN:65,(anonymous_2)
FN:73,(anonymous_3)
FN:81,(anonymous_4)
FN:89,(anonymous_5)
FN:97,(anonymous_6)
FNF:7
FNH:7
FNDA:9,(anonymous_0)
FNDA:1,(anonymous_1)
FNDA:2,(anonymous_2)
FNDA:2,(anonymous_3)
FNDA:1,(anonymous_4)
FNDA:1,(anonymous_5)
FNDA:2,(anonymous_6)
DA:34,2
DA:41,9
DA:42,9
DA:44,9
DA:47,0
DA:48,0
DA:51,9
DA:58,1
DA:59,1
DA:66,2
DA:67,2
DA:74,2
DA:75,2
DA:82,1
DA:83,1
DA:90,1
DA:91,1
DA:98,2
DA:99,2
DA:103,2
LF:20
LH:18
BRDA:41,0,0,9
BRDA:41,0,1,0
BRF:2
BRH:1
end_of_record
TN:
SF:database/realmAdapter.ts
FN:7,(anonymous_0)
FN:19,(anonymous_1)
FN:29,(anonymous_2)
FN:37,(anonymous_3)
FN:38,(anonymous_4)
FN:45,(anonymous_5)
FN:52,(anonymous_6)
FN:56,(anonymous_7)
FN:63,(anonymous_8)
FN:69,(anonymous_9)
FN:75,(anonymous_10)
FN:81,(anonymous_11)
FNF:12
FNH:0
FNDA:0,(anonymous_0)
FNDA:0,(anonymous_1)
FNDA:0,(anonymous_2)
FNDA:0,(anonymous_3)
FNDA:0,(anonymous_4)
FNDA:0,(anonymous_5)
FNDA:0,(anonymous_6)
FNDA:0,(anonymous_7)
FNDA:0,(anonymous_8)
FNDA:0,(anonymous_9)
FNDA:0,(anonymous_10)
FNDA:0,(anonymous_11)
DA:7,2
DA:8,0
DA:9,0
DA:10,0
DA:11,0
DA:12,0
DA:17,7
DA:20,0
DA:21,0
DA:22,0
DA:24,0
DA:25,0
DA:30,0
DA:32,0
DA:33,0
DA:36,0
DA:37,0
DA:38,0
DA:40,0
DA:42,0
DA:46,0
DA:48,0
DA:49,0
DA:53,0
DA:56,0
DA:58,0
DA:60,0
DA:64,0
DA:66,0
DA:67,0
DA:69,0
DA:70,0
DA:72,0
DA:76,0
DA:78,0
DA:79,0
DA:81,0
DA:82,0
DA:84,0
LF:39
LH:2
BRDA:8,0,0,0
BRDA:8,0,1,0
BRDA:20,1,0,0
BRDA:20,1,1,0
BRDA:33,2,0,0
BRDA:33,2,1,0
BRDA:49,3,0,0
BRDA:49,3,1,0
BRDA:67,4,0,0
BRDA:67,4,1,0
BRDA:79,5,0,0
BRDA:79,5,1,0
BRF:12
BRH:0
end_of_record
TN:
SF:database/schemas.ts
FN:119,mapAVP_ApiToTrio
FN:120,(anonymous_1)
FN:131,mapAPIWord_UIWord
FN:132,(anonymous_3)
FNF:4
FNH:4
FNDA:22,mapAVP_ApiToTrio
FNDA:48,(anonymous_1)
FNDA:39,mapAPIWord_UIWord
FNDA:51,(anonymous_3)
DA:42,6
DA:54,6
DA:64,6
DA:74,6
DA:87,6
DA:120,48
DA:132,39
DA:133,51
DA:135,21
DA:143,17
DA:149,12
DA:155,1
LF:12
LH:12
BRDA:133,0,0,21
BRDA:133,0,1,17
BRDA:133,0,2,12
BRDA:133,0,3,1
BRDA:138,1,0,21
BRDA:138,1,1,2
BRF:6
BRH:6
end_of_record
TN:
SF:database/webAdapter.ts
FN:47,(anonymous_0)
FN:68,(anonymous_1)
FN:164,(anonymous_2)
FN:174,(anonymous_3)
FN:182,(anonymous_4)
FN:198,(anonymous_5)
FN:200,(anonymous_6)
FN:210,(anonymous_7)
FN:225,(anonymous_8)
FN:227,(anonymous_9)
FN:241,(anonymous_10)
FN:243,(anonymous_11)
FNF:12
FNH:10
FNDA:0,(anonymous_0)
FNDA:0,(anonymous_1)
FNDA:4,(anonymous_2)
FNDA:3,(anonymous_3)
FNDA:4,(anonymous_4)
FNDA:4,(anonymous_5)
FNDA:7,(anonymous_6)
FNDA:2,(anonymous_7)
FNDA:2,(anonymous_8)
FNDA:3,(anonymous_9)
FNDA:2,(anonymous_10)
FNDA:3,(anonymous_11)
DA:36,11
DA:49,0
DA:52,0
DA:54,0
DA:69,0
DA:71,0
DA:72,0
DA:75,0
DA:76,0
DA:77,0
DA:78,0
DA:80,0
DA:83,0
DA:84,0
DA:87,0
DA:88,0
DA:97,0
DA:99,0
DA:100,0
DA:101,0
DA:109,0
DA:110,0
DA:111,0
DA:119,0
DA:120,0
DA:132,0
DA:139,0
DA:147,0
DA:149,0
DA:158,0
DA:165,4
DA:175,3
DA:177,3
DA:178,1
DA:182,2
DA:183,4
DA:184,4
DA:186,1
DA:189,2
DA:199,4
DA:200,7
DA:201,4
DA:211,2
DA:212,2
DA:213,2
DA:214,2
DA:215,2
DA:226,2
DA:227,3
DA:228,2
DA:230,1
DA:231,1
DA:232,1
DA:242,2
DA:243,3
DA:244,2
DA:246,1
DA:247,1
DA:248,1
LF:59
LH:30
BRDA:55,0,0,0
BRDA:55,0,1,0
BRDA:56,1,0,0
BRDA:56,1,1,0
BRDA:57,2,0,0
BRDA:57,2,1,0
BRDA:58,3,0,0
BRDA:58,3,1,0
BRDA:72,4,0,0
BRDA:72,4,1,0
BRDA:91,5,0,0
BRDA:91,5,1,0
BRDA:92,6,0,0
BRDA:92,6,1,0
BRDA:99,7,0,0
BRDA:99,7,1,0
BRDA:109,8,0,0
BRDA:109,8,1,0
BRDA:125,9,0,0
BRDA:125,9,1,0
BRDA:177,10,0,1
BRDA:177,10,1,2
BRDA:178,11,0,1
BRDA:178,11,1,0
BRDA:182,12,0,2
BRDA:182,12,1,0
BRDA:184,13,0,3
BRDA:184,13,1,1
BRDA:201,14,0,2
BRDA:201,14,1,2
BRDA:228,15,0,1
BRDA:228,15,1,1
BRDA:244,16,0,1
BRDA:244,16,1,1
BRF:34
BRH:12
end_of_record
TN:
SF:hooks/useCardConnections.ts
FN:18,useCardConnections
FN:24,(anonymous_1)
FN:45,(anonymous_2)
FN:58,(anonymous_3)
FN:156,(anonymous_4)
FN:158,(anonymous_5)
FN:170,(anonymous_6)
FN:171,(anonymous_7)
FN:172,(anonymous_8)
FN:179,(anonymous_9)
FN:184,(anonymous_10)
FN:188,(anonymous_11)
FNF:12
FNH:3
FNDA:79,useCardConnections
FNDA:0,(anonymous_1)
FNDA:0,(anonymous_2)
FNDA:16,(anonymous_3)
FNDA:0,(anonymous_4)
FNDA:0,(anonymous_5)
FNDA:0,(anonymous_6)
FNDA:0,(anonymous_7)
FNDA:0,(anonymous_8)
FNDA:50,(anonymous_9)
FNDA:0,(anonymous_10)
FNDA:0,(anonymous_11)
DA:19,79
DA:20,79
DA:21,79
DA:24,79
DA:29,0
DA:30,0
DA:34,0
DA:35,0
DA:45,0
DA:46,0
DA:47,0
DA:53,0
DA:58,79
DA:62,16
DA:63,16
DA:65,16
DA:68,0
DA:69,0
DA:70,0
DA:73,0
DA:74,0
DA:78,0
DA:79,0
DA:80,0
DA:81,0
DA:87,0
DA:89,0
DA:91,0
DA:92,0
DA:95,0
DA:96,0
DA:100,0
DA:102,0
DA:103,0
DA:106,0
DA:107,0
DA:115,0
DA:117,0
DA:119,0
DA:120,0
DA:123,0
DA:124,0
DA:128,0
DA:130,0
DA:131,0
DA:134,0
DA:135,0
DA:139,0
DA:144,0
DA:149,0
DA:156,0
DA:158,0
DA:159,0
DA:162,0
DA:165,16
DA:170,79
DA:171,0
DA:172,0
DA:173,0
DA:179,79
DA:180,50
DA:184,79
DA:188,0
DA:189,0
DA:194,79
LF:65
LH:14
BRDA:29,0,0,0
BRDA:29,0,1,0
BRDA:65,1,0,0
BRDA:65,1,1,16
BRDA:65,2,0,16
BRDA:65,2,1,0
BRDA:87,3,0,0
BRDA:87,3,1,0
BRDA:89,4,0,0
BRDA:89,4,1,0
BRDA:100,5,0,0
BRDA:100,5,1,0
BRDA:115,6,0,0
BRDA:115,6,1,0
BRDA:117,7,0,0
BRDA:117,7,1,0
BRDA:128,8,0,0
BRDA:128,8,1,0
BRDA:159,9,0,0
BRDA:159,9,1,0
BRDA:159,10,0,0
BRDA:159,10,1,0
BRDA:160,11,0,0
BRDA:160,11,1,0
BRDA:173,12,0,0
BRDA:173,12,1,0
BRDA:188,13,0,0
BRDA:188,13,1,0
BRDA:189,14,0,0
BRDA:189,14,1,0
BRDA:189,14,2,0
BRDA:189,14,3,0
BRF:32
BRH:2
end_of_record
TN:
SF:hooks/useDatabaseWordData.ts
FN:17,useDatabaseWordData
FN:23,(anonymous_1)
FN:41,(anonymous_2)
FN:52,(anonymous_3)
FN:62,(anonymous_4)
FN:76,(anonymous_5)
FN:89,(anonymous_6)
FN:103,(anonymous_7)
FNF:8
FNH:8
FNDA:68,useDatabaseWordData
FNDA:18,(anonymous_1)
FNDA:26,(anonymous_2)
FNDA:3,(anonymous_3)
FNDA:5,(anonymous_4)
FNDA:2,(anonymous_5)
FNDA:3,(anonymous_6)
FNDA:18,(anonymous_7)
DA:18,68
DA:19,68
DA:20,68
DA:23,68
DA:24,18
DA:25,18
DA:26,18
DA:28,18
DA:30,17
DA:33,1
DA:34,1
DA:36,18
DA:41,68
DA:42,26
DA:43,26
DA:44,24
DA:46,2
DA:47,2
DA:52,68
DA:53,3
DA:54,3
DA:56,1
DA:57,1
DA:62,68
DA:63,5
DA:64,5
DA:65,5
DA:66,3
DA:68,2
DA:69,2
DA:71,5
DA:76,68
DA:77,2
DA:78,2
DA:79,2
DA:81,0
DA:82,0
DA:84,2
DA:89,68
DA:90,3
DA:91,3
DA:92,3
DA:93,2
DA:95,1
DA:96,1
DA:98,3
DA:103,68
DA:104,18
DA:107,68
LF:49
LH:47
BRDA:34,0,0,1
BRDA:34,0,1,0
BRDA:47,1,0,2
BRDA:47,1,1,0
BRDA:69,2,0,2
BRDA:69,2,1,0
BRDA:82,3,0,0
BRDA:82,3,1,0
BRDA:96,4,0,1
BRDA:96,4,1,0
BRF:10
BRH:4
end_of_record
TN:
SF:hooks/useResponsiveLayout.ts
FN:16,useResponsiveLayout
FN:20,(anonymous_1)
FN:21,(anonymous_2)
FN:26,(anonymous_3)
FNF:4
FNH:3
FNDA:16,useResponsiveLayout
FNDA:11,(anonymous_1)
FNDA:0,(anonymous_2)
FNDA:11,(anonymous_3)
DA:17,16
DA:18,16
DA:20,16
DA:21,11
DA:22,0
DA:23,0
DA:26,11
DA:29,16
LF:8
LH:6
BRF:0
BRH:0
end_of_record
TN:
SF:services/avpService.ts
FN:24,(anonymous_0)
FN:38,(anonymous_1)
FN:45,(anonymous_2)
FN:54,(anonymous_3)
FNF:4
FNH:4
FNDA:4,(anonymous_0)
FNDA:2,(anonymous_1)
FNDA:2,(anonymous_2)
FNDA:6,(anonymous_3)
DA:18,2
DA:19,2
DA:20,2
DA:21,2
DA:23,2
DA:25,4
DA:26,3
DA:27,3
DA:30,2
DA:32,2
DA:33,1
DA:34,1
DA:37,1
DA:39,2
DA:40,2
DA:44,1
DA:46,2
DA:47,2
DA:51,1
DA:55,6
DA:56,3
DA:57,3
DA:58,2
DA:59,2
DA:61,3
LF:25
LH:25
BRDA:25,0,0,1
BRDA:25,0,1,3
BRDA:27,1,0,1
BRDA:27,1,1,2
BRDA:32,2,0,1
BRDA:32,2,1,1
BRDA:55,3,0,3
BRDA:55,3,1,3
BRDA:55,4,0,6
BRDA:55,4,1,5
BRDA:55,4,2,4
BRDA:57,5,0,2
BRDA:57,5,1,1
BRDA:57,6,0,3
BRDA:57,6,1,2
BRF:15
BRH:15
end_of_record
TN:
SF:services/exerciseManagementService.ts
FN:49,(anonymous_0)
FN:53,(anonymous_1)
FN:55,(anonymous_2)
FN:63,(anonymous_3)
FN:70,(anonymous_4)
FN:82,(anonymous_5)
FN:87,(anonymous_6)
FN:93,(anonymous_7)
FN:98,(anonymous_8)
FN:101,(anonymous_9)
FN:103,(anonymous_10)
FNF:11
FNH:10
FNDA:1,(anonymous_0)
FNDA:17,(anonymous_1)
FNDA:0,(anonymous_2)
FNDA:22,(anonymous_3)
FNDA:3,(anonymous_4)
FNDA:2,(anonymous_5)
FNDA:9,(anonymous_6)
FNDA:24,(anonymous_7)
FNDA:55,(anonymous_8)
FNDA:29,(anonymous_9)
FNDA:33,(anonymous_10)
DA:30,1
DA:31,1
DA:32,1
DA:43,1
DA:44,1
DA:45,1
DA:47,1
DA:54,17
DA:55,11
DA:56,0
DA:57,0
DA:60,17
DA:64,22
DA:65,22
DA:66,22
DA:67,22
DA:71,3
DA:72,3
DA:73,3
DA:83,2
DA:84,2
DA:88,9
DA:89,9
DA:90,9
DA:94,24
DA:95,24
DA:96,24
DA:97,24
DA:98,55
DA:102,29
DA:103,33
DA:104,25
DA:105,23
DA:106,23
DA:110,1
LF:35
LH:33
BRDA:54,0,0,11
BRDA:54,0,1,6
BRDA:78,1,0,3
BRDA:78,1,1,0
BRDA:89,2,0,0
BRDA:89,2,1,9
BRDA:102,3,0,4
BRDA:102,3,1,25
BRDA:102,4,0,29
BRDA:102,4,1,29
BRDA:103,5,0,25
BRDA:103,5,1,2
BRDA:103,6,0,33
BRDA:103,6,1,0
BRDA:104,7,0,2
BRDA:104,7,1,23
BRF:16
BRH:13
end_of_record
TN:
SF:services/historyService.ts
FN:27,(anonymous_0)
FN:31,(anonymous_1)
FN:35,(anonymous_2)
FN:39,(anonymous_3)
FN:43,(anonymous_4)
FN:70,(anonymous_5)
FN:77,(anonymous_6)
FNF:7
FNH:7
FNDA:1,(anonymous_0)
FNDA:2,(anonymous_1)
FNDA:1,(anonymous_2)
FNDA:1,(anonymous_3)
FNDA:7,(anonymous_4)
FNDA:28,(anonymous_5)
FNDA:15,(anonymous_6)
DA:19,2
DA:23,2
DA:24,2
DA:28,1
DA:32,2
DA:36,1
DA:40,1
DA:44,7
DA:45,7
DA:46,7
DA:48,7
DA:54,7
DA:55,22
DA:56,15
DA:64,7
DA:65,28
DA:66,28
DA:69,7
DA:70,28
DA:71,16
DA:73,15
DA:74,15
DA:77,15
DA:87,2
LF:24
LH:24
BRDA:19,0,0,0
BRDA:19,0,1,2
BRDA:55,1,0,15
BRDA:55,1,1,7
BRDA:66,2,0,28
BRDA:66,2,1,0
BRDA:71,3,0,1
BRDA:71,3,1,15
BRDA:74,4,0,15
BRDA:74,4,1,0
BRDA:82,5,0,14
BRDA:82,5,1,1
BRF:12
BRH:9
end_of_record
TN:
SF:testing/testUtils.tsx
FN:9,renderWithProviders
FN:13,Wrapper
FN:20,(anonymous_2)
FN:20,(anonymous_3)
FNF:4
FNH:3
FNDA:35,renderWithProviders
FNDA:36,Wrapper
FNDA:35,(anonymous_2)
FNDA:0,(anonymous_3)
DA:14,36
DA:17,35
DA:20,35
DA:22,35
LF:4
LH:4
BRF:0
BRH:0
end_of_record
TN:
SF:testing/__helpers__/apiTestHelpers.ts
FN:5,(anonymous_0)
FN:13,(anonymous_1)
FN:18,(anonymous_2)
FN:34,(anonymous_3)
FN:39,(anonymous_4)
FN:44,(anonymous_5)
FNF:6
FNH:6
FNDA:50,(anonymous_0)
FNDA:15,(anonymous_1)
FNDA:48,(anonymous_2)
FNDA:9,(anonymous_3)
FNDA:9,(anonymous_4)
FNDA:16,(anonymous_5)
DA:5,50
DA:13,15
DA:18,6
DA:24,48
DA:25,48
DA:34,9
DA:39,9
DA:44,6
DA:45,16
LF:9
LH:9
BRDA:21,0,0,13
BRDA:24,1,0,48
BRDA:24,1,1,14
BRDA:44,2,0,4
BRF:4
BRH:4
end_of_record
TN:
SF:utils/responsive.ts
FN:14,(anonymous_0)
FN:21,(anonymous_1)
FN:22,(anonymous_2)
FN:23,(anonymous_3)
FN:31,(anonymous_4)
FN:35,(anonymous_5)
FN:40,(anonymous_6)
FN:67,(anonymous_7)
FN:93,(anonymous_8)
FN:122,(anonymous_9)
FN:136,(anonymous_10)
FNF:11
FNH:8
FNDA:55,(anonymous_0)
FNDA:0,(anonymous_1)
FNDA:0,(anonymous_2)
FNDA:8,(anonymous_3)
FNDA:63,(anonymous_4)
FNDA:51,(anonymous_5)
FNDA:91,(anonymous_6)
FNDA:27,(anonymous_7)
FNDA:12,(anonymous_8)
FNDA:16,(anonymous_9)
FNDA:0,(anonymous_10)
DA:4,4
DA:7,4
DA:14,4
DA:15,55
DA:16,55
DA:17,0
DA:21,4
DA:22,4
DA:23,8
DA:26,4
DA:27,4
DA:28,4
DA:31,4
DA:32,63
DA:35,4
DA:36,51
DA:40,4
DA:42,91
DA:43,0
DA:46,91
DA:47,91
DA:50,91
DA:51,91
DA:53,91
DA:57,4
DA:67,4
DA:68,27
DA:70,27
DA:72,0
DA:78,27
DA:84,0
DA:93,4
DA:94,12
DA:96,12
DA:98,0
DA:105,12
DA:112,0
DA:122,4
DA:123,16
DA:125,16
DA:136,4
DA:137,0
DA:152,4
LF:43
LH:36
BRDA:15,0,0,0
BRDA:15,0,1,55
BRDA:16,1,0,55
BRDA:16,1,1,0
BRDA:42,2,0,0
BRDA:42,2,1,91
BRDA:42,3,0,91
BRDA:42,3,1,0
BRDA:51,4,0,0
BRDA:51,4,1,91
BRDA:58,5,0,0
BRDA:58,5,1,4
BRDA:58,6,0,4
BRDA:58,6,1,0
BRDA:59,7,0,0
BRDA:59,7,1,4
BRDA:59,8,0,4
BRDA:59,8,1,0
BRDA:60,9,0,0
BRDA:60,9,1,4
BRDA:60,10,0,4
BRDA:60,10,1,0
BRDA:61,11,0,0
BRDA:61,11,1,4
BRDA:61,12,0,4
BRDA:61,12,1,0
BRDA:62,13,0,0
BRDA:62,13,1,4
BRDA:62,14,0,4
BRDA:62,14,1,0
BRDA:63,15,0,0
BRDA:63,15,1,4
BRDA:63,16,0,4
BRDA:63,16,1,0
BRDA:70,17,0,0
BRDA:70,17,1,27
BRDA:70,17,2,0
BRDA:96,18,0,0
BRDA:96,18,1,12
BRDA:96,18,2,0
BRDA:129,19,0,0
BRDA:129,19,1,16
BRDA:130,20,0,0
BRDA:130,20,1,16
BRDA:131,21,0,0
BRDA:131,21,1,16
BRDA:141,22,0,0
BRDA:141,22,1,0
BRDA:146,23,0,0
BRDA:146,23,1,0
BRF:50
BRH:22
end_of_record
